1 59 5.0
2 8 5.0
3 25 5.0
4 397 5.0
5 30 5.0
6 8 5.0
7 117 5.0
8 156 5.0
9 128 5.0
10 49 5.0
11 4 5.0
12 124 5.0
13 33 5.0
14 496 5.0
15 83 5.0
16 30 5.0
17 80 5.0
18 82 5.0
19 28 5.0
20 58 5.0
21 363 5.0
22 811 5.0
23 341 5.0
24 68 5.0
25 320 5.0
26 43 5.0
27 365 5.0
28 35 5.0
29 20 5.0
30 53 5.0
31 4 5.0
32 49 5.0
33 83 5.0
34 583 5.0
35 189 5.0
36 25 5.0
37 124 5.0
38 26 5.0
39 136 5.0
40 68 5.0
41 43 5.0
42 8 5.0
43 124 5.0
44 560 5.0
45 3 5.0
46 18 5.0
47 1879 5.0
48 75 5.0
49 25 5.0
50 26 5.0
51 218 5.0
52 1002 5.0
53 22 5.0
54 9 5.0
55 28 5.0
56 80 5.0
57 831 5.0
58 325 5.0
59 41 5.0
60 4 4.0
61 2562 5.0
62 189 5.0
63 81 5.0
64 30 5.0
65 7 5.0
66 14 5.0
67 14 5.0
68 44 5.0
69 29 5.0
70 107 5.0
71 14 5.0
72 124 5.0
73 14 5.0
74 82 5.0
75 40 5.0
76 34 5.0
77 59 5.0
78 17 5.0
79 55 5.0
80 3 5.0
81 56 5.0
82 14 5.0
83 6 5.0
84 8 5.0
85 40 5.0
86 12 5.0
87 12 5.0
88 5 5.0
89 496 5.0
90 2 5.0
91 1176 5.0
92 37 5.0
93 9 5.0
94 40 5.0
95 71 5.0
96 22 5.0
97 13 5.0
98 30 5.0
99 57 5.0
100 4 5.0
101 66 5.0
102 17 5.0
103 17 5.0
104 27 5.0
105 57 5.0
106 650 5.0
107 583 5.0
108 80 5.0
109 30 5.0
110 57 5.0
111 6 5.0
112 17 5.0
113 112 5.0
114 14 5.0
115 17 5.0
116 128 5.0
117 82 5.0
118 18 5.0
119 59 5.0
120 36 5.0
121 33 5.0
122 3245 5.0
123 27 5.0
124 14 5.0
125 8 5.0
126 264 5.0
127 8 5.0
128 80 5.0
129 30 5.0
130 811 5.0
131 82 5.0
132 80 5.0
133 82 5.0
134 17 5.0
135 283 5.0
136 2295 5.0
137 12 5.0
138 214 5.0
139 29 5.0
140 7 5.0
141 112 5.0
142 56 5.0
143 7 5.0
144 96 5.0
145 128 5.0
146 106 5.0
147 1656 5.0
148 643 5.0
149 680 5.0
150 397 5.0
151 14 5.0
152 23 5.0
153 59 5.0
154 67 5.0
155 75 5.0
156 1547 5.0
157 15 5.0
158 18 5.0
159 12 5.0
160 49 5.0
161 37 5.0
162 1534 5.0
163 2 5.0
164 28 5.0
165 1071 5.0
166 288 5.0
167 6 5.0
168 821 5.0
169 59 5.0
170 30 5.0
171 43 5.0
172 2258 5.0
173 17 5.0
174 124 5.0
175 279 5.0
176 9 5.0
177 53 5.0
178 670 5.0
179 14 5.0
180 404 5.0
181 37 5.0
182 8 5.0
183 17 5.0
184 118 5.0
185 53 5.0
186 2464 5.0
187 35 5.0
188 9 5.0
189 56 5.0
190 25 5.0
191 615 5.0
192 445 5.0
193 37 5.0
194 823 5.0
195 13 5.0
196 2 5.0
197 283 5.0
198 776 5.0
199 7 5.0
200 29 5.0
201 1879 5.0
202 811 5.0
203 615 5.0
204 31 5.0
205 14 5.0
206 25 5.0
207 326 5.0
208 18 5.0
209 35 5.0
210 29 5.0
211 729 5.0
212 4 5.0
213 623 5.0
214 3 5.0
215 889 5.0
216 15 5.0
217 184 5.0
218 82 5.0
219 8 5.0
220 235 5.0
221 35 5.0
222 128 5.0
223 124 5.0
224 2201 4.8
225 7 5.0
226 82 5.0
227 26 5.0
228 138 5.0
229 124 5.0
230 54 5.0
231 14 5.0
232 12 5.0
233 8 5.0
234 863 5.0
235 46 5.0
236 197 5.0
237 71 5.0
238 14 5.0
239 560 5.0
240 28 5.0
241 821 5.0
242 70 5.0
243 75 5.0
244 665 4.1
245 30 5.0
246 12 5.0
247 17 5.0
248 40 5.0
249 32 5.0
250 136 5.0
251 17 5.0
252 87 5.0
253 164 5.0
254 80 5.0
255 25 5.0
256 8 5.0
257 30 5.0
258 59 5.0
259 17 5.0
260 304 5.0
261 43 5.0
262 53 5.0
263 1071 5.0
264 29 5.0
265 12 5.0
266 418 5.0
267 496 5.0
268 14 5.0
269 53 5.0
270 97 5.0
271 404 5.0
272 80 5.0
273 40 5.0
274 28 5.0
275 106 5.0
276 69 5.0
277 34 5.0
278 521 5.0
279 3 5.0
280 54 5.0
281 114 5.0
282 1 5.0
283 97 5.0
284 181 5.0
285 72 5.0
286 149 5.0
287 8 5.0
288 8 5.0
289 19 5.0
290 38 5.0
291 8 5.0
292 304 5.0
293 53 5.0
294 80 5.0
295 46 5.0
296 14 5.0
297 25 5.0
298 29 5.0
299 53 5.0
300 304 5.0
301 3236 5.0
302 126 5.0
303 1 5.0
304 80 5.0
305 220 5.0
306 5 5.0
307 2480 4.5
308 85 5.0
309 72 5.0
310 7 5.0
311 316 5.0
312 14 5.0
313 75 5.0
314 16 5.0
315 17 5.0
316 8 5.0
317 29 5.0
318 722 4.5
319 6 5.0
320 189 5.0
321 3 5.0
322 40 5.0
323 82 5.0
324 14 5.0
325 1861 5.0
326 577 5.0
327 17 5.0
328 2925 3.9
329 26 5.0
330 1433 5.0
331 30 5.0
332 37 5.0
333 28 5.0
334 37 5.0
335 27 5.0
336 106 5.0
337 128 5.0
338 106 5.0
339 28 5.0
340 14 5.0
341 55 5.0
342 264 5.0
343 197 5.0
344 31 5.0
345 136 5.0
346 80 5.0
347 59 5.0
348 97 5.0
349 40 5.0
350 72 5.0
351 3595 5.0
352 5 5.0
353 59 5.0
354 124 5.0
355 6 5.0
356 68 5.0
357 67 5.0
358 17 5.0
359 37 5.0
360 25 5.0
361 58 5.0
362 56 5.0
363 1 4.0
364 199 5.0
365 84 5.0
366 13 5.0
367 678 5.0
368 1147 5.0
369 17 5.0
370 67 5.0
371 29 5.0
372 26 5.0
373 8 5.0
374 2 5.0
375 59 5.0
376 74 5.0
377 19 5.0
378 25 5.0
379 59 5.0
380 12 5.0
381 40 5.0
382 7 5.0
383 22 5.0
384 75 5.0
385 452 5.0
386 167 5.0
387 37 5.0
388 85 5.0
389 136 5.0
390 30 5.0
391 1692 5.0
392 53 5.0
393 265 5.0
394 3 5.0
395 309 5.0
396 3 5.0
397 67 5.0
398 4 5.0
399 40 5.0
400 328 5.0
401 2562 5.0
402 124 5.0
403 29 5.0
404 37 5.0
405 82 5.0
406 14 5.0
407 40 5.0
408 126 5.0
409 313 5.0
410 821 5.0
411 304 5.0
412 28 5.0
413 167 5.0
414 1656 5.0
415 8 5.0
416 6 5.0
417 59 5.0
418 30 5.0
419 18 5.0
420 14 5.0
421 265 5.0
422 132 5.0
423 2480 5.0
424 418 5.0
425 401 5.0
426 69 5.0
427 30 5.0
428 1533 5.0
429 8 5.0
430 33 5.0
431 251 5.0
432 63 5.0
433 43 5.0
434 124 5.0
435 26 5.0
436 18 5.0
437 821 5.0
438 18 5.0
439 33 5.0
440 12 5.0
441 336 5.0
442 17 5.0
443 238 5.0
444 17 5.0
445 3 5.0
446 3 5.0
447 17 5.0
448 29 5.0
449 46 5.0
450 31 5.0
451 49 5.0
452 128 5.0
453 67 5.0
454 4 5.0
455 72 5.0
456 756 5.0
457 40 5.0
458 8 5.0
459 29 5.0
460 1071 5.0
461 72 5.0
462 678 5.0
463 63 5.0
464 40 5.0
465 126 5.0
466 72 5.0
467 6 5.0
468 18 5.0
469 28 5.0
470 17 5.0
471 72 5.0
472 6 5.0
473 304 5.0
474 190 5.0
475 84 5.0
476 30 5.0
477 14 5.0
478 82 5.0
479 59 5.0
480 80 5.0
481 2607 5.0
482 136 5.0
483 36 5.0
484 73 5.0
485 3 5.0
486 40 5.0
487 69 5.0
488 4 5.0
489 43 5.0
490 37 5.0
491 4 5.0
492 336 5.0
493 28 5.0
494 40 5.0
495 28 5.0
496 13 5.0
497 238 5.0
498 124 5.0
499 46 5.0
500 40 5.0
501 13 5.0
502 8 5.0
503 43 5.0
504 80 5.0
505 82 5.0
506 12 5.0
507 215 5.0
508 3595 5.0
509 17 5.0
510 4 5.0
511 13 5.0
512 320 5.0
513 17 5.0
514 63 5.0
515 525 5.0
516 190 5.0
517 210 5.0
518 57 5.0
519 304 5.0
520 18 5.0
521 49 5.0
522 74 5.0
523 1575 5.0
524 18 5.0
525 4 5.0
526 1 5.0
527 3288 5.0
528 8 5.0
529 8 5.0
530 2972 5.0
531 17 5.0
532 2562 5.0
533 394 5.0
534 4 5.0
535 336 5.0
536 7 5.0
537 20 5.0
538 30 5.0
539 37 5.0
540 202 5.0
541 27 5.0
542 309 5.0
543 71 5.0
544 40 5.0
545 665 5.0
546 26 5.0
547 85 5.0
548 643 5.0
549 3085 5.0
550 1105 5.0
551 40 5.0
552 14 5.0
553 1 5.0
554 45 5.0
555 304 5.0
556 72 5.0
557 336 5.0
558 76 5.0
559 28 5.0
560 37 5.0
561 86 5.0
562 124 5.0
563 13 5.0
564 188 5.0
565 1002 4.0
566 14 5.0
567 13 5.0
568 190 5.0
569 1807 5.0
570 82 5.0
571 7 5.0
572 8 5.0
573 18 5.0
574 82 5.0
575 37 5.0
576 49 5.0
577 40 5.0
578 82 5.0
579 30 5.0
580 117 5.0
581 14 5.0
582 128 5.0
583 8 5.0
584 397 5.0
585 4 5.0
586 2562 5.0
587 756 5.0
588 18 5.0
589 106 5.0
590 219 5.0
591 1 5.0
592 65 5.0
593 40 5.0
594 30 5.0
595 84 5.0
596 17 5.0
597 117 5.0
598 17 5.0
599 36 5.0
600 2480 5.0
601 17 5.0
602 35 5.0
603 1433 5.0
604 46 5.0
605 23 5.0
606 40 5.0
607 306 5.0
608 7 5.0
609 28 5.0
610 97 5.0
611 40 5.0
612 69 5.0
613 14 5.0
614 40 5.0
615 41 5.0
616 5 5.0
617 183 5.0
618 30 5.0
619 124 5.0
620 68 5.0
621 140 5.0
622 54 5.0
623 560 5.0
624 28 5.0
625 28 5.0
626 29 5.0
627 33 5.0
628 1793 5.0
629 18 5.0
630 853 5.0
631 17 5.0
632 58 5.0
633 58 5.0
634 56 5.0
635 72 5.0
636 128 5.0
637 17 5.0
638 1444 5.0
639 9 5.0
640 84 5.0
641 3 5.0
642 97 5.0
643 14 5.0
644 6 5.0
645 264 5.0
646 49 5.0
647 304 5.0
648 37 5.0
649 17 5.0
650 1696 5.0
651 246 5.0
652 6 5.0
653 30 5.0
654 756 5.0
655 72 5.0
656 75 5.0
657 97 5.0
658 97 5.0
659 2562 5.0
660 3 5.0
661 123 5.0
662 117 5.0
663 71 5.0
664 2 5.0
665 108 5.0
666 59 5.0
667 54 5.0
668 452 5.0
669 18 5.0
670 72 5.0
671 17 5.0
672 309 5.0
673 27 5.0
674 59 5.0
675 1533 5.0
676 124 5.0
677 2200 5.0
678 68 5.0
679 6 5.0
680 16 5.0
681 14 5.0
682 103 5.0
683 68 5.0
684 53 5.0
685 13 5.0
686 309 5.0
687 599 4.0
688 189 5.0
689 75 5.0
690 38 5.0
691 2562 5.0
692 17 5.0
693 17 5.0
694 97 5.0
695 336 5.0
696 309 5.0
697 189 5.0
698 2480 5.0
699 8 5.0
700 56 5.0
701 643 5.0
702 26 5.0
703 83 5.0
704 702 5.0
705 1039 5.0
706 75 5.0
707 4 5.0
708 35 5.0
709 1575 4.7
710 119 5.0
711 190 5.0
712 760 5.0
713 167 5.0
714 96 5.0
715 97 5.0
716 54 5.0
717 189 5.0
718 225 5.0
719 2029 5.0
720 3762 5.0
721 12 5.0
722 26 5.0
723 1545 5.0
724 43 5.0
725 8 5.0
726 255 5.0
727 3756 5.0
728 97 5.0
729 28 5.0
730 643 5.0
731 136 5.0
732 28 5.0
733 74 5.0
734 823 5.0
735 28 5.0
736 213 5.0
737 7 5.0
738 43 5.0
739 6 5.0
740 55 5.0
741 46 5.0
742 175 5.0
743 80 5.0
744 54 5.0
745 3532 5.0
746 229 5.0
747 71 5.0
748 2314 4.5
749 14 5.0
750 24 5.0
751 3762 5.0
752 167 5.0
753 30 5.0
754 61 5.0
755 4 5.0
756 1413 4.4
757 41 5.0
758 264 5.0
759 14 5.0
760 6 5.0
761 66 5.0
762 104 5.0
763 28 5.0
764 97 5.0
765 75 5.0
766 324 5.0
767 14 5.0
768 5 5.0
769 309 5.0
770 27 5.0
771 17 5.0
772 17 5.0
773 1176 5.0
774 3 5.0
775 55 5.0
776 756 4.1
777 59 5.0
778 240 5.0
779 1533 5.0
780 49 5.0
781 35 5.0
782 40 5.0
783 18 5.0
784 53 5.0
785 52 5.0
786 155 5.0
787 390 5.0
788 117 5.0
789 16 5.0
790 334 5.0
791 475 5.0
792 660 5.0
793 18 5.0
794 332 5.0
795 3286 5.0
796 136 5.0
797 618 5.0
798 34 5.0
799 97 5.0
800 583 5.0
801 615 5.0
802 35 5.0
803 53 5.0
804 28 5.0
805 37 5.0
806 25 5.0
807 202 5.0
808 40 5.0
809 124 5.0
810 3 5.0
811 14 5.0
812 202 5.0
813 4 5.0
814 35 5.0
815 37 5.0
816 363 5.0
817 30 5.0
818 4 5.0
819 17 5.0
820 22 5.0
821 97 5.0
822 341 5.0
823 255 5.0
824 13 5.0
825 9 5.0
826 17 5.0
827 101 5.0
828 55 5.0
829 404 5.0
830 14 5.0
831 2785 5.0
832 25 5.0
833 43 5.0
834 25 5.0
835 147 5.0
836 188 5.0
837 54 5.0
838 2200 5.0
839 59 5.0
840 19 5.0
841 4 5.0
842 124 5.0
843 117 5.0
844 44 5.0
845 287 5.0
846 49 5.0
847 28 5.0
848 623 5.0
849 404 5.0
850 176 5.0
851 14 5.0
852 183 5.0
853 3603 4.1
854 2931 5.0
855 41 5.0
856 13 5.0
857 97 5.0
858 310 5.0
859 16 5.0
860 14 5.0
861 85 5.0
862 28 5.0
863 87 5.0
864 30 5.0
865 44 5.0
866 14 5.0
867 77 5.0
868 573 5.0
869 40 5.0
870 18 5.0
871 238 5.0
872 1328 5.0
873 17 5.0
874 26 5.0
875 17 5.0
876 615 5.0
877 25 5.0
878 17 5.0
879 25 5.0
880 309 4.6
881 40 5.0
882 107 5.0
883 28 5.0
884 92 5.0
885 21 5.0
886 73 5.0
887 30 5.0
888 643 4.5
889 14 5.0
890 128 5.0
891 59 5.0
892 615 5.0
893 17 5.0
894 71 5.0
895 55 5.0
896 572 5.0
897 9 5.0
898 560 5.0
899 25 5.0
900 14 5.0
901 1 5.0
902 40 5.0
903 75 5.0
904 128 5.0
905 13 5.0
906 908 4.0
907 18 5.0
908 18 5.0
909 320 5.0
910 404 5.0
911 57 5.0
912 36 5.0
913 5 5.0
914 97 5.0
915 28 5.0
916 3 5.0
917 1162 5.0
918 304 5.0
919 72 5.0
920 63 5.0
921 618 5.0
922 101 5.0
923 439 5.0
924 358 5.0
925 35 5.0
926 565 5.0
927 31 5.0
928 618 5.0
929 572 5.0
930 75 5.0
931 5 5.0
932 77 5.0
933 2200 5.0
934 3795 5.0
935 202 5.0
936 854 5.0
937 13 5.0
938 49 5.0
939 97 5.0
940 25 5.0
941 40 5.0
942 14 5.0
943 18 5.0
944 220 5.0
945 8 5.0
946 33 5.0
947 1071 5.0
948 30 5.0
949 25 4.0
950 3 5.0
951 404 5.0
952 35 5.0
953 119 5.0
954 128 5.0
955 9 5.0
956 336 5.0
957 447 5.0
958 29 5.0
959 28 5.0
960 73 5.0
961 82 5.0
962 3179 5.0
963 30 5.0
964 68 5.0
965 404 5.0
966 199 5.0
967 14 5.0
968 18 5.0
969 3880 5.0
970 30 5.0
971 125 5.0
972 212 5.0
973 17 5.0
974 1656 5.0
975 151 5.0
976 82 5.0
977 14 5.0
978 28 5.0
979 72 5.0
980 245 5.0
981 28 5.0
982 43 5.0
983 3131 4.4
984 30 5.0
985 1 5.0
986 324 5.0
987 13 5.0
988 14 5.0
989 40 5.0
990 14 5.0
991 25 5.0
992 407 5.0
993 8 5.0
994 29 5.0
995 128 5.0
996 18 5.0
997 75 5.0
998 1879 5.0
999 53 5.0
1000 397 5.0
1001 23 5.0
1002 46 5.0
1003 1202 5.0
1004 67 5.0
1005 117 5.0
1006 46 5.0
1007 184 5.0
1008 17 5.0
1009 643 4.0
1010 25 5.0
1011 14 5.0
1012 8 5.0
1013 77 5.0
1014 2200 4.6
1015 679 5.0
1016 462 5.0
1017 30 5.0
1018 858 4.0
1019 17 5.0
1020 4 5.0
1021 149 5.0
1022 18 5.0
1023 43 5.0
1024 6 5.0
1025 55 5.0
1026 63 5.0
1027 30 5.0
1028 283 5.0
1029 30 5.0
1030 94 5.0
1031 171 5.0
1032 665 5.0
1033 560 5.0
1034 40 5.0
1035 4 5.0
1036 8 5.0
1037 202 5.0
1038 17 5.0
1039 310 5.0
1040 1 5.0
1041 6 4.0
1042 13 5.0
1043 283 5.0
1044 29 5.0
1045 99 5.0
1046 17 5.0
1047 14 5.0
1048 54 5.0
1049 2972 4.4
1050 3245 5.0
1051 3 5.0
1052 573 5.0
1053 28 5.0
1054 8 5.0
1055 30 5.0
1056 80 5.0
1057 570 5.0
1058 1741 5.0
1059 94 5.0
1060 17 5.0
1061 18 5.0
1062 37 5.0
1063 128 5.0
1064 76 5.0
1065 283 5.0
1066 63 5.0
1067 309 5.0
1068 397 5.0
1069 4 5.0
1070 17 5.0
1071 97 5.0
1072 19 5.0
1073 56 5.0
1074 4 5.0
1075 268 5.0
1076 462 5.0
1077 75 5.0
1078 14 5.0
1079 18 5.0
1080 30 5.0
1081 18 5.0
1082 38 5.0
1083 97 5.0
1084 41 5.0
1085 128 5.0
1086 615 5.0
1087 3131 4.5
1088 90 5.0
1089 82 5.0
1090 59 4.0
1091 14 5.0
1092 8 5.0
1093 128 5.0
1094 27 5.0
1095 1162 5.0
1096 347 5.0
1097 21 5.0
1098 559 5.0
1099 3794 4.6
1100 2295 5.0
1101 42 5.0
1102 97 5.0
1103 23 5.0
1104 59 5.0
1105 59 5.0
1106 67 5.0
1107 30 5.0
1108 72 5.0
1109 12 5.0
1110 6 5.0
1111 863 5.0
1112 756 5.0
1113 40 5.0
1114 53 5.0
1115 137 5.0
1116 3845 5.0
1117 69 5.0
1118 28 5.0
1119 615 5.0
1120 124 5.0
1121 43 5.0
1122 1 5.0
1123 1152 5.0
1124 1154 5.0
1125 21 5.0
1126 38 5.0
1127 3302 5.0
1128 43 5.0
1129 320 5.0
1130 18 5.0
1131 30 5.0
1132 136 5.0
1133 30 5.0
1134 17 5.0
1135 101 5.0
1136 2200 5.0
1137 17 5.0
1138 28 5.0
1139 38 5.0
1140 3085 5.0
1141 1147 5.0
1142 9 5.0
1143 3 5.0
1144 7 5.0
1145 618 5.0
1146 643 5.0
1147 13 5.0
1148 82 5.0
1149 3875 3.6
1150 238 5.0
1151 72 5.0
1152 17 5.0
1153 4 5.0
1154 270 5.0
1155 334 5.0
1156 9 5.0
1157 67 5.0
1158 1910 5.0
1159 307 5.0
1160 55 5.0
1161 124 5.0
1162 126 5.0
1163 722 5.0
1164 82 5.0
1165 30 5.0
1166 124 5.0
1167 573 5.0
1168 136 5.0
1169 336 5.0
1170 3 5.0
1171 264 5.0
1172 912 5.0
1173 34 5.0
1174 67 5.0
1175 43 5.0
1176 30 5.0
1177 26 5.0
1178 124 5.0
1179 2 5.0
1180 2129 3.5
1181 807 5.0
1182 59 5.0
1183 702 5.0
1184 53 5.0
1185 80 5.0
1186 8 4.0
1187 33 5.0
1188 49 5.0
1189 37 5.0
1190 3 5.0
1191 3 5.0
1192 1251 5.0
1193 2667 5.0
1194 101 5.0
1195 209 5.0
1196 12 5.0
1197 82 5.0
1198 443 5.0
1199 37 5.0
1200 85 5.0
1201 756 5.0
1202 2200 5.0
1203 82 5.0
1204 9 5.0
1205 17 5.0
1206 2201 5.0
1207 13 5.0
1208 385 5.0
1209 4 5.0
1210 245 5.0
1211 56 5.0
1212 6 5.0
1213 36 5.0
1214 156 5.0
1215 59 5.0
1216 4 5.0
1217 496 5.0
1218 124 5.0
1219 254 5.0
1220 82 5.0
1221 446 5.0
1222 30 5.0
1223 573 5.0
1224 17 5.0
1225 36 5.0
1226 692 5.0
1227 397 5.0
1228 13 5.0
1229 82 5.0
1230 65 5.0
1231 9 5.0
1232 4 5.0
1233 8 5.0
1234 37 5.0
1235 79 5.0
1236 4 5.0
1237 13 5.0
1238 178 5.0
1239 277 5.0
1240 29 5.0
1241 2464 5.0
1242 1575 5.0
1243 283 5.0
1244 7 5.0
1245 452 5.0
1246 17 5.0
1247 29 5.0
1248 8 5.0
1249 14 5.0
1250 240 5.0
1251 28 5.0
1252 71 5.0
1253 29 5.0
1254 821 5.0
1255 14 5.0
1256 58 5.0
1257 17 5.0
1258 18 5.0
1259 863 5.0
1260 49 5.0
1261 82 5.0
1262 190 5.0
1263 1039 5.0
1264 452 5.0
1265 2578 4.6
1266 212 5.0
1267 28 5.0
1268 29 5.0
1269 53 5.0
1270 43 5.0
1271 304 5.0
1272 756 5.0
1273 397 5.0
1274 5 5.0
1275 28 5.0
1276 3 5.0
1277 99 5.0
1278 1039 5.0
1279 40 5.0
1280 128 5.0
1281 6 5.0
1282 35 5.0
1283 722 5.0
1284 2200 5.0
1285 28 5.0
1286 75 5.0
1287 178 5.0
1288 5 5.0
1289 40 5.0
1290 583 5.0
1291 30 5.0
1292 106 5.0
1293 336 5.0
1294 14 5.0
1295 69 5.0
1296 756 5.0
1297 1058 5.0
1298 85 5.0
1299 85 5.0
1300 220 5.0
1301 14 5.0
1302 643 5.0
1303 67 5.0
1304 1 5.0
1305 573 5.0
1306 26 5.0
1307 30 5.0
1308 26 5.0
1309 37 5.0
1310 55 5.0
1311 117 5.0
1312 13 5.0
1313 128 5.0
1314 13 5.0
1315 49 5.0
1316 1039 4.7
1317 252 5.0
1318 27 5.0
1319 40 5.0
1320 63 5.0
1321 97 5.0
1322 126 5.0
1323 29 5.0
1324 269 5.0
1325 7 5.0
1326 25 5.0
1327 124 5.0
1328 1169 5.0
1329 4 5.0
1330 12 5.0
1331 13 5.0
1332 309 5.0
1333 29 5.0
1334 2198 5.0
1335 14 5.0
1336 28 5.0
1337 59 5.0
1338 167 5.0
1339 2251 5.0
1340 1 5.0
1341 352 5.0
1342 37 5.0
1343 37 5.0
1344 14 5.0
1345 63 5.0
1346 124 5.0
1347 28 5.0
1348 3 5.0
1349 80 5.0
1350 54 5.0
1351 85 5.0
1352 119 5.0
1353 2251 5.0
1354 8 5.0
1355 823 5.0
1356 17 5.0
1357 17 5.0
1358 36 5.0
1359 30 5.0
1360 79 5.0
1361 80 5.0
1362 13 5.0
1363 6 5.0
1364 9 5.0
1365 82 5.0
1366 309 5.0
1367 14 5.0
1368 573 5.0
1369 80 5.0
1370 23 5.0
1371 84 5.0
1372 14 5.0
1373 75 5.0
1374 69 5.0
1375 254 5.0
1376 1058 5.0
1377 6 5.0
1378 56 4.0
1379 549 5.0
1380 97 5.0
1381 6 5.0
1382 3410 4.4
1383 17 5.0
1384 14 5.0
1385 30 5.0
1386 503 5.0
1387 17 5.0
1388 452 5.0
1389 202 5.0
1390 2781 5.0
1391 202 5.0
1392 49 5.0
1393 22 5.0
1394 80 5.0
1395 72 5.0
1396 8 5.0
1397 79 5.0
1398 573 5.0
1399 23 5.0
1400 28 5.0
1401 69 5.0
1402 40 5.0
1403 1741 5.0
1404 7 5.0
1405 8 5.0
1406 64 5.0
1407 263 5.0
1408 33 5.0
1409 17 5.0
1410 67 5.0
1411 4 5.0
1412 124 5.0
1413 25 5.0
1414 124 5.0
1415 5 5.0
1416 25 5.0
1417 82 5.0
1418 74 5.0
1419 1058 5.0
1420 128 5.0
1421 1575 4.7
1422 2 5.0
1423 46 5.0
1424 124 5.0
1425 851 5.0
1426 28 5.0
1427 25 5.0
1428 60 5.0
1429 9 5.0
1430 572 5.0
1431 97 5.0
1432 162 5.0
1433 124 5.0
1434 13 5.0
1435 14 5.0
1436 28 5.0
1437 17 5.0
1438 4 5.0
1439 243 5.0
1440 37 5.0
1441 305 5.0
1442 4 5.0
1443 1 5.0
1444 9 5.0
1445 5 5.0
1446 3880 5.0
1447 2251 5.0
1448 3595 4.3
1449 37 5.0
1450 756 5.0
1451 30 5.0
1452 18 5.0
1453 25 5.0
1454 13 5.0
1455 18 5.0
1456 1121 5.0
1457 30 5.0
1458 2 5.0
1459 9 5.0
1460 37 5.0
1461 96 5.0
1462 99 5.0
1463 40 5.0
1464 776 5.0
1465 124 5.0
1466 28 5.0
1467 17 5.0
1468 27 5.0
1469 2562 5.0
1470 30 5.0
1471 101 5.0
1472 446 5.0
1473 40 5.0
1474 8 5.0
1475 67 5.0
1476 14 5.0
1477 14 5.0
1478 26 5.0
1479 22 5.0
1480 28 5.0
1481 59 5.0
1482 30 5.0
1483 1575 5.0
1484 4 5.0
1485 26 5.0
1486 17 5.0
1487 6 5.0
1488 452 4.5
1489 37 5.0
1490 1575 5.0
1491 72 5.0
1492 6 5.0
1493 28 5.0
1494 154 5.0
1495 3888 4.7
1496 53 5.0
1497 80 5.0
1498 25 5.0
1499 75 5.0
1500 1879 5.0
1501 702 5.0
1502 305 5.0
1503 3 5.0
1504 2129 5.0
1505 28 5.0
1506 59 5.0
1507 26 5.0
1508 106 5.0
1509 59 5.0
1510 37 5.0
1511 59 5.0
1512 119 5.0
1513 85 5.0
1514 8 5.0
1515 124 5.0
1516 80 5.0
1517 7 5.0
1518 7 5.0
1519 17 5.0
1520 320 5.0
1521 17 5.0
1522 94 5.0
1523 680 5.0
1524 18 5.0
1525 8 5.0
1526 496 5.0
1527 18 5.0
1528 29 5.0
1529 573 5.0
1530 25 5.0
1531 30 5.0
1532 151 5.0
1533 6 5.0
1534 7 5.0
1535 13 5.0
1536 3 5.0
1537 40 5.0
1538 6 5.0
1539 128 5.0
1540 3 5.0
1541 623 5.0
1542 213 5.0
1543 166 5.0
1544 397 5.0
1545 496 5.0
1546 38 5.0
1547 18 5.0
1548 43 5.0
1549 29 5.0
1550 243 5.0
1551 202 5.0
1552 35 5.0
1553 15 5.0
1554 30 5.0
1555 503 5.0
1556 26 5.0
1557 17 5.0
1558 17 5.0
1559 268 5.0
1560 254 5.0
1561 660 5.0
1562 29 5.0
1563 17 5.0
1564 49 5.0
1565 35 5.0
1566 126 5.0
1567 4 5.0
1568 23 5.0
1569 190 5.0
1570 75 5.0
1571 108 5.0
1572 5 5.0
1573 14 5.0
1574 8 5.0
1575 27 5.0
1576 128 5.0
1577 3 5.0
1578 2201 5.0
1579 44 5.0
1580 59 5.0
1581 28 5.0
1582 25 5.0
1583 418 5.0
1584 40 5.0
1585 30 5.0
1586 309 5.0
1587 4 5.0
1588 59 5.0
1589 28 5.0
1590 59 5.0
1591 124 5.0
1592 202 5.0
1593 124 5.0
1594 85 5.0
1595 33 5.0
1596 864 5.0
1597 17 5.0
1598 1861 5.0
1599 2129 5.0
1600 72 5.0
1601 14 5.0
1602 46 5.0
1603 30 5.0
1604 3853 4.2
1605 37 5.0
1606 643 5.0
1607 30 5.0
1608 2215 5.0
1609 11 5.0
1610 615 5.0
1611 7 5.0
1612 2562 5.0
1613 43 5.0
1614 25 5.0
1615 128 5.0
1616 106 5.0
1617 8 5.0
1618 5 5.0
1619 12 5.0
1620 14 4.0
1621 40 5.0
1622 14 5.0
1623 28 5.0
1624 17 5.0
1625 310 5.0
1626 27 5.0
1627 1564 5.0
1628 29 5.0
1629 272 5.0
1630 397 5.0
1631 1383 5.0
1632 69 5.0
1633 80 5.0
1634 2129 5.0
1635 270 5.0
1636 17 5.0
1637 42 5.0
1638 1807 5.0
1639 215 5.0
1640 443 5.0
1641 40 5.0
1642 17 5.0
1643 4 5.0
1644 97 5.0
1645 49 5.0
1646 615 5.0
1647 269 5.0
1648 35 5.0
1649 309 5.0
1650 15 5.0
1651 6 5.0
1652 25 5.0
1653 2 5.0
1654 53 5.0
1655 4 5.0
1656 14 5.0
1657 811 5.0
1658 121 5.0
1659 42 5.0
1660 1 5.0
1661 82 5.0
1662 13 5.0
1663 15 5.0
1664 49 5.0
1665 3737 4.6
1666 1861 5.0
1667 2 5.0
1668 110 5.0
1669 17 5.0
1670 397 5.0
1671 30 5.0
1672 29 5.0
1673 20 5.0
1674 678 5.0
1675 615 5.0
1676 49 5.0
1677 117 5.0
1678 82 5.0
1679 3595 4.7
1680 63 5.0
1681 13 5.0
1682 37 5.0
1683 28 5.0
1684 1039 5.0
1685 14 5.0
1686 306 5.0
1687 83 5.0
1688 246 5.0
1689 138 5.0
1690 65 5.0
1691 128 5.0
1692 404 5.0
1693 1575 5.0
1694 30 5.0
1695 702 5.0
1696 320 5.0
1697 1071 5.0
1698 397 5.0
1699 26 5.0
1700 831 5.0
1701 40 5.0
1702 7 5.0
1703 18 5.0
1704 745 5.0
1705 119 5.0
1706 38 5.0
1707 6 5.0
1708 80 5.0
1709 37 5.0
1710 40 5.0
1711 1741 5.0
1712 3 5.0
1713 831 5.0
1714 18 5.0
1715 124 5.0
1716 304 5.0
1717 14 5.0
1718 116 5.0
1719 97 5.0
1720 96 5.0
1721 35 5.0
1722 30 5.0
1723 238 5.0
1724 107 5.0
1725 30 5.0
1726 309 5.0
1727 52 5.0
1728 1153 5.0
1729 86 5.0
1730 55 5.0
1731 2 5.0
1732 2251 5.0
1733 22 5.0
1734 320 5.0
1735 771 5.0
1736 3880 5.0
1737 18 5.0
1738 30 5.0
1739 26 5.0
1740 643 5.0
1741 53 5.0
1742 49 5.0
1743 97 5.0
1744 117 5.0
1745 28 5.0
1746 690 5.0
1747 3131 4.8
1748 3245 4.6
1749 306 5.0
1750 5 5.0
1751 1002 5.0
1752 503 5.0
1753 12 5.0
1754 503 5.0
1755 27 5.0
1756 309 5.0
1757 397 5.0
1758 128 5.0
1759 128 5.0
1760 167 5.0
1761 43 5.0
1762 9 5.0
1763 128 5.0
1764 75 5.0
1765 824 5.0
1766 823 5.0
1767 124 5.0
1768 599 5.0
1769 68 5.0
1770 25 5.0
1771 4 5.0
1772 18 5.0
1773 57 5.0
1774 324 5.0
1775 331 5.0
1776 97 5.0
1777 331 5.0
1778 53 5.0
1779 2904 5.0
1780 97 5.0
1781 614 5.0
1782 85 5.0
1783 41 5.0
1784 7 5.0
1785 8 5.0
1786 4 5.0
1787 17 5.0
1788 34 5.0
1789 80 5.0
1790 75 5.0
1791 58 5.0
1792 28 5.0
1793 2055 4.0
1794 26 5.0
1795 20 5.0
1796 8 5.0
1797 30 5.0
1798 38 5.0
1799 30 5.0
1800 26 5.0
1801 72 5.0
1802 2562 5.0
1803 80 5.0
1804 30 5.0
1805 30 5.0
1806 96 5.0
1807 9 5.0
1808 33 5.0
1809 19 5.0
1810 29 5.0
1811 811 5.0
1812 18 5.0
1813 17 5.0
1814 69 5.0
1815 3 5.0
1816 125 5.0
1817 61 5.0
1818 49 5.0
1819 124 5.0
1820 8 5.0
1821 14 5.0
1822 12 5.0
1823 124 5.0
1824 124 5.0
1825 19 5.0
1826 30 5.0
1827 124 5.0
1828 54 5.0
1829 18 5.0
1830 359 5.0
1831 7 5.0
1832 84 5.0
1833 33 5.0
1834 756 5.0
1835 324 5.0
1836 1039 5.0
1837 2 4.0
1838 30 5.0
1839 35 5.0
1840 635 5.0
1841 793 5.0
1842 220 5.0
1843 9 5.0
1844 189 5.0
1845 14 5.0
1846 29 5.0
1847 4 5.0
1848 12 5.0
1849 35 5.0
1850 573 5.0
1851 8 5.0
1852 97 5.0
1853 1360 5.0
1854 73 5.0
1855 17 5.0
1856 12 5.0
1857 94 5.0
1858 74 5.0
1859 3236 5.0
1860 3894 5.0
1861 25 5.0
1862 13 5.0
1863 3 5.0
1864 1102 5.0
1865 117 5.0
1866 18 5.0
1867 94 5.0
1868 4 5.0
1869 97 5.0
1870 28 5.0
1871 18 5.0
1872 220 5.0
1873 19 5.0
1874 1473 5.0
1875 25 5.0
1876 14 5.0
1877 77 5.0
1878 97 5.0
1879 1149 4.8
1880 40 5.0
1881 49 5.0
1882 811 5.0
1883 404 5.0
1884 14 5.0
1885 18 5.0
1886 114 5.0
1887 69 5.0
1888 2198 4.7
1889 2965 5.0
1890 97 5.0
1891 6 5.0
1892 17 5.0
1893 234 5.0
1894 108 5.0
1895 66 5.0
1896 3236 5.0
1897 8 5.0
1898 2931 5.0
1899 68 5.0
1900 53 5.0
1901 310 5.0
1902 27 5.0
1903 190 5.0
1904 10 5.0
1905 3 5.0
1906 10 5.0
1907 210 5.0
1908 96 5.0
1909 43 5.0
1910 59 5.0
1911 3595 4.0
1912 7 5.0
1913 25 5.0
1914 8 5.0
1915 743 5.0
1916 30 5.0
1917 12 5.0
1918 30 5.0
1919 1413 5.0
1920 30 5.0
1921 831 5.0
1922 21 5.0
1923 522 5.0
1924 652 5.0
1925 756 5.0
1926 8 5.0
1927 128 5.0
1928 17 5.0
1929 2557 5.0
1930 53 5.0
1931 49 5.0
1932 30 5.0
1933 85 5.0
1934 171 5.0
1935 13 5.0
1936 190 5.0
1937 55 5.0
1938 75 5.0
1939 26 5.0
1940 2562 4.7
1941 106 5.0
1942 1879 5.0
1943 41 5.0
1944 2869 5.0
1945 87 5.0
1946 40 5.0
1947 17 5.0
1948 37 5.0
1949 30 5.0
1950 206 5.0
1951 1068 5.0
1952 23 5.0
1953 9 5.0
1954 59 5.0
1955 90 5.0
1956 67 5.0
1957 1039 5.0
1958 9 5.0
1959 75 5.0
1960 53 5.0
1961 863 4.6
1962 38 5.0
1963 77 5.0
1964 108 5.0
1965 14 5.0
1966 69 5.0
1967 3794 4.4
1968 452 5.0
1969 18 5.0
1970 3 5.0
1971 3 5.0
1972 26 5.0
1973 2591 5.0
1974 28 5.0
1975 84 5.0
1976 49 5.0
1977 101 5.0
1978 84 5.0
1979 2562 4.6
1980 194 5.0
1981 37 5.0
1982 331 5.0
1983 452 5.0
1984 263 5.0
1985 1 5.0
1986 64 5.0
1987 2562 4.6
1988 50 5.0
1989 26 5.0
1990 3 5.0
1991 183 5.0
1992 69 5.0
1993 18 5.0
1994 28 5.0
1995 49 5.0
1996 66 5.0
1997 304 5.0
1998 35 5.0
1999 114 5.0
2000 33 5.0
2001 59 5.0
2002 46 5.0
2003 167 5.0
2004 68 5.0
2005 6 5.0
2006 26 5.0
2007 264 5.0
2008 2 5.0
2009 3485 5.0
2010 30 5.0
2011 1176 5.0
2012 17 5.0
2013 18 5.0
2014 643 5.0
2015 618 5.0
2016 28 5.0
2017 503 5.0
2018 59 5.0
2019 3288 5.0
2020 37 5.0
2021 14 5.0
2022 97 5.0
2023 80 5.0
2024 37 5.0
2025 128 5.0
2026 97 5.0
2027 6 5.0
2028 190 5.0
2029 283 5.0
2030 1692 5.0
2031 14 5.0
2032 80 5.0
2033 8 5.0
2034 331 5.0
2035 49 5.0
2036 1 5.0
2037 1795 5.0
2038 97 5.0
2039 82 5.0
2040 2480 5.0
2041 363 5.0
2042 417 5.0
2043 27 5.0
2044 14 5.0
2045 30 5.0
2046 124 5.0
2047 6 5.0
2048 3 5.0
2049 97 5.0
2050 680 5.0
2051 25 4.0
2052 17 5.0
2053 264 5.0
2054 29 5.0
2055 30 5.0
2056 37 5.0
2057 194 5.0
2058 397 5.0
2059 1176 5.0
2060 3 5.0
2061 28 5.0
2062 889 5.0
2063 59 5.0
2064 14 5.0
2065 35 5.0
2066 264 5.0
2067 40 5.0
2068 82 5.0
2069 40 5.0
2070 1902 5.0
2071 309 5.0
2072 1002 5.0
2073 82 5.0
2074 30 5.0
2075 40 5.0
2076 1039 5.0
2077 8 5.0
2078 25 5.0
2079 6 5.0
2080 25 5.0
2081 37 5.0
2082 3 5.0
2083 283 5.0
2084 283 5.0
2085 17 5.0
2086 69 5.0
2087 82 5.0
2088 167 5.0
2089 28 5.0
2090 57 5.0
2091 3595 5.0
2092 59 5.0
2093 28 5.0
2094 26 5.0
2095 8 5.0
2096 1280 5.0
2097 1058 5.0
2098 37 5.0
2099 1176 5.0
2100 638 5.0
2101 1575 5.0
2102 74 5.0
2103 128 5.0
2104 2562 5.0
2105 1267 4.2
2106 3 5.0
2107 9 5.0
2108 3131 5.0
2109 124 5.0
2110 79 5.0
2111 96 5.0
2112 54 5.0
2113 82 5.0
2114 209 5.0
2115 756 5.0
2116 3 5.0
2117 12 5.0
2118 363 5.0
2119 245 5.0
2120 124 5.0
2121 278 5.0
2122 44 5.0
2123 643 5.0
2124 220 5.0
2125 732 5.0
2126 233 5.0
2127 105 5.0
2128 678 5.0
2129 190 5.0
2130 751 5.0
2131 57 5.0
2132 25 5.0
2133 14 5.0
2134 29 5.0
2135 84 5.0
2136 43 5.0
2137 14 5.0
2138 28 5.0
2139 270 5.0
2140 2 5.0
2141 75 5.0
2142 55 5.0
2143 72 5.0
2144 28 5.0
2145 264 5.0
2146 72 5.0
2147 124 5.0
2148 28 5.0
2149 117 5.0
2150 41 5.0
2151 79 5.0
2152 138 5.0
2153 7 5.0
2154 3 5.0
2155 334 5.0
2156 97 5.0
2157 30 5.0
2158 3 5.0
2159 2 5.0
2160 219 5.0
2161 80 5.0
2162 25 5.0
2163 1879 5.0
2164 80 5.0
2165 82 5.0
2166 17 5.0
2167 128 5.0
2168 69 5.0
2169 28 5.0
2170 8 5.0
2171 2562 5.0
2172 811 5.0
2173 1360 5.0
2174 14 5.0
2175 189 5.0
2176 572 5.0
2177 243 5.0
2178 124 5.0
2179 28 5.0
2180 3485 4.7
2181 6 5.0
2182 57 5.0
2183 17 5.0
2184 126 5.0
2185 17 5.0
2186 84 5.0
2187 2562 5.0
2188 82 5.0
2189 80 5.0
2190 33 5.0
2191 35 5.0
2192 1 5.0
2193 75 5.0
2194 72 5.0
2195 12 5.0
2196 4 5.0
2197 25 5.0
2198 59 5.0
2199 17 5.0
2200 17 5.0
2201 41 5.0
2202 573 5.0
2203 3 5.0
2204 2200 5.0
2205 49 5.0
2206 16 5.0
2207 309 5.0
2208 137 5.0
2209 50 5.0
2210 219 5.0
2211 37 5.0
2212 28 5.0
2213 83 5.0
2214 573 5.0
2215 108 5.0
2216 17 5.0
2217 67 5.0
2218 573 5.0
2219 14 5.0
2220 128 5.0
2221 202 5.0
2222 3539 5.0
2223 19 5.0
2224 213 5.0
2225 44 5.0
2226 33 5.0
2227 29 5.0
2228 53 5.0
2229 756 5.0
2230 1102 5.0
2231 397 5.0
2232 202 5.0
2233 13 5.0
2234 29 5.0
2235 40 5.0
2236 309 5.0
2237 28 5.0
2238 49 5.0
2239 40 5.0
2240 27 5.0
2241 97 5.0
2242 8 5.0
2243 404 5.0
2244 43 5.0
2245 43 5.0
2246 37 5.0
2247 136 5.0
2248 82 5.0
2249 25 5.0
2250 1861 5.0
2251 12 5.0
2252 18 5.0
2253 35 5.0
2254 28 5.0
2255 35 5.0
2256 202 5.0
2257 124 5.0
2258 124 5.0
2259 147 5.0
2260 106 5.0
2261 30 5.0
2262 167 5.0
2263 583 5.0
2264 623 5.0
2265 28 5.0
2266 20 5.0
2267 25 5.0
2268 2 5.0
2269 156 5.0
2270 128 5.0
2271 28 5.0
2272 35 5.0
2273 25 5.0
2274 26 5.0
2275 28 5.0
2276 53 5.0
2277 68 5.0
2278 182 5.0
2279 28 5.0
2280 8 5.0
2281 30 5.0
2282 25 5.0
2283 57 5.0
2284 29 5.0
2285 35 5.0
2286 5 5.0
2287 643 5.0
2288 8 5.0
2289 854 5.0
2290 17 5.0
2291 386 5.0
2292 207 5.0
2293 64 5.0
2294 12 5.0
2295 53 5.0
2296 3 5.0
2297 262 5.0
2298 117 5.0
2299 53 5.0
2300 40 5.0
2301 124 5.0
2302 245 5.0
2303 2314 4.3
2304 304 5.0
2305 30 5.0
2306 28 5.0
2307 18 5.0
2308 283 5.0
2309 63 5.0
2310 7 5.0
2311 75 5.0
2312 14 5.0
2313 41 5.0
2314 25 5.0
2315 55 5.0
2316 57 5.0
2317 124 5.0
2318 43 5.0
2319 202 5.0
2320 80 5.0
2321 124 5.0
2322 90 5.0
2323 49 5.0
2324 34 5.0
2325 29 5.0
2326 85 5.0
2327 27 5.0
2328 21 5.0
2329 64 5.0
2330 8 5.0
2331 29 5.0
2332 40 5.0
2333 643 5.0
2334 59 5.0
2335 7 5.0
2336 29 5.0
2337 326 5.0
2338 1 5.0
2339 397 5.0
2340 18 5.0
2341 13 5.0
2342 21 5.0
2343 178 5.0
2344 96 5.0
2345 83 5.0
2346 17 5.0
2347 245 5.0
2348 97 5.0
2349 82 5.0
2350 138 5.0
2351 58 5.0
2352 390 5.0
2353 17 5.0
2354 270 5.0
2355 41 5.0
2356 25 5.0
2357 7 5.0
2358 14 5.0
2359 69 5.0
2360 40 5.0
2361 7 5.0
2362 2 5.0
2363 2 5.0
2364 56 5.0
2365 17 5.0
2366 106 5.0
2367 126 5.0
2368 5 5.0
2369 28 5.0
2370 82 5.0
2371 13 5.0
2372 28 5.0
2373 80 5.0
2374 6 5.0
2375 1154 5.0
2376 44 5.0
2377 503 5.0
2378 7 5.0
2379 496 5.0
2380 25 5.0
2381 35 5.0
2382 309 4.5
2383 53 5.0
2384 12 5.0
2385 50 5.0
2386 53 5.0
2387 41 5.0
2388 722 5.0
2389 41 5.0
2390 29 5.0
2391 28 5.0
2392 28 5.0
2393 43 5.0
2394 245 5.0
2395 2 5.0
2396 8 5.0
2397 28 5.0
2398 41 5.0
2399 4 5.0
2400 18 5.0
2401 1879 5.0
2402 84 5.0
2403 97 5.0
2404 8 5.0
2405 14 5.0
2406 137 5.0
2407 40 5.0
2408 128 5.0
2409 23 5.0
2410 1168 5.0
2411 1 5.0
2412 13 5.0
2413 178 5.0
2414 38 5.0
2415 25 5.0
2416 4 5.0
2417 59 5.0
2418 3406 4.6
2419 38 5.0
2420 67 5.0
2421 31 5.0
2422 85 5.0
2423 72 5.0
2424 59 5.0
2425 7 5.0
2426 55 5.0
2427 84 5.0
2428 124 5.0
2429 27 5.0
2430 19 5.0
2431 12 5.0
2432 13 5.0
2433 18 5.0
2434 56 5.0
2435 128 5.0
2436 37 5.0
2437 167 5.0
2438 189 5.0
2439 17 5.0
2440 25 5.0
2441 3 5.0
2442 17 5.0
2443 53 5.0
2444 246 5.0
2445 560 5.0
2446 75 5.0
2447 28 5.0
2448 8 5.0
2449 1725 5.0
2450 233 5.0
2451 17 5.0
2452 1039 5.0
2453 1176 5.0
2454 178 5.0
2455 615 5.0
2456 2931 5.0
2457 309 5.0
2458 30 5.0
2459 4 5.0
2460 30 5.0
2461 84 5.0
2462 902 5.0
2463 28 5.0
2464 49 5.0
2465 309 5.0
2466 6 5.0
2467 69 5.0
2468 7 5.0
2469 94 5.0
2470 17 5.0
2471 309 5.0
2472 43 5.0
2473 8 5.0
2474 1 5.0
2475 14 5.0
2476 8 5.0
2477 3457 5.0
2478 14 5.0
2479 67 5.0
2480 18 5.0
2481 43 5.0
2482 6 5.0
2483 1533 5.0
2484 756 5.0
2485 268 5.0
2486 31 5.0
2487 19 5.0
2488 97 5.0
2489 15 5.0
2490 17 5.0
2491 53 5.0
2492 49 5.0
2493 14 5.0
2494 37 5.0
2495 573 5.0
2496 14 5.0
2497 54 5.0
2498 17 5.0
2499 1174 5.0
2500 79 5.0
2501 3 5.0
2502 465 5.0
2503 439 5.0
2504 4 5.0
2505 220 5.0
2506 3609 5.0
2507 36 5.0
2508 25 5.0
2509 6 5.0
2510 18 5.0
2511 8 5.0
2512 55 5.0
2513 13 5.0
2514 30 5.0
2515 75 5.0
2516 149 5.0
2517 53 5.0
2518 18 5.0
2519 59 5.0
2520 17 5.0
2521 80 5.0
2522 55 5.0
2523 488 5.0
2524 166 5.0
2525 179 5.0
2526 6 5.0
2527 57 5.0
2528 722 5.0
2529 25 5.0
2530 23 5.0
2531 9 5.0
2532 128 5.0
2533 6 5.0
2534 14 5.0
2535 17 4.0
2536 3794 4.4
2537 17 5.0
2538 27 5.0
2539 334 5.0
2540 306 5.0
2541 6 5.0
2542 3 5.0
2543 1071 5.0
2544 14 5.0
2545 112 5.0
2546 124 5.0
2547 26 5.0
2548 8 5.0
2549 155 5.0
2550 99 5.0
2551 205 5.0
2552 25 5.0
2553 7 5.0
2554 55 5.0
2555 46 5.0
2556 3 5.0
2557 4 5.0
2558 82 5.0
2559 23 5.0
2560 3 5.0
2561 97 5.0
2562 42 4.0
2563 255 5.0
2564 220 5.0
2565 1437 5.0
2566 97 5.0
2567 73 5.0
2568 40 5.0
2569 40 5.0
2570 31 5.0
2571 86 5.0
2572 27 5.0
2573 5 5.0
2574 35 5.0
2575 1545 5.0
2576 34 5.0
2577 40 5.0
2578 7 5.0
2579 30 5.0
2580 75 5.0
2581 24 5.0
2582 28 5.0
2583 3 4.0
2584 505 5.0
2585 13 5.0
2586 17 5.0
2587 40 5.0
2588 1384 5.0
2589 446 5.0
2590 14 5.0
2591 97 5.0
2592 37 5.0
2593 125 5.0
2594 128 5.0
2595 106 5.0
2596 61 5.0
2597 85 5.0
2598 49 5.0
2599 124 5.0
2600 40 5.0
2601 77 5.0
2602 83 5.0
2603 30 5.0
2604 573 5.0
2605 26 5.0
2606 37 5.0
2607 38 5.0
2608 106 5.0
2609 371 5.0
2610 756 5.0
2611 28 5.0
2612 26 5.0
2613 18 5.0
2614 14 5.0
2615 106 5.0
2616 64 5.0
2617 4 5.0
2618 33 5.0
2619 82 5.0
2620 1046 5.0
2621 10 5.0
2622 136 5.0
2623 84 5.0
2624 178 5.0
2625 4 5.0
2626 304 5.0
2627 680 5.0
2628 213 5.0
2629 41 5.0
2630 18 5.0
2631 17 5.0
2632 29 5.0
2633 439 5.0
2634 29 5.0
2635 30 5.0
2636 164 5.0
2637 1575 5.0
2638 19 5.0
2639 18 5.0
2640 28 5.0
2641 8 5.0
2642 75 5.0
2643 8 5.0
2644 202 5.0
2645 9 5.0
2646 41 5.0
2647 14 5.0
2648 28 5.0
2649 28 5.0
2650 30 5.0
2651 5 5.0
2652 63 5.0
2653 29 5.0
2654 433 5.0
2655 28 5.0
2656 27 5.0
2657 27 5.0
2658 64 5.0
2659 14 5.0
2660 164 5.0
2661 9 5.0
2662 30 5.0
2663 618 5.0
2664 3245 5.0
2665 66 5.0
2666 24 5.0
2667 1780 5.0
2668 101 5.0
2669 245 5.0
2670 183 5.0
2671 40 5.0
2672 10 5.0
2673 7 5.0
2674 58 5.0
2675 245 5.0
2676 17 5.0
2677 6 5.0
2678 336 5.0
2679 1154 5.0
2680 304 5.0
2681 30 5.0
2682 49 5.0
2683 397 5.0
2684 54 5.0
2685 28 5.0
2686 29 5.0
2687 128 5.0
2688 30 5.0
2689 4 5.0
2690 75 5.0
2691 263 5.0
2692 80 5.0
2693 32 5.0
2694 40 5.0
2695 18 4.0
2696 8 5.0
2697 8 5.0
2698 12 5.0
2699 583 5.0
2700 67 5.0
2701 171 5.0
2702 80 5.0
2703 3 5.0
2704 7 5.0
2705 26 5.0
2706 43 5.0
2707 27 5.0
2708 40 5.0
2709 176 5.0
2710 6 4.0
2711 58 5.0
2712 19 5.0
2713 33 5.0
2714 138 5.0
2715 6 5.0
2716 12 5.0
2717 254 5.0
2718 27 5.0
2719 50 5.0
2720 53 5.0
2721 86 5.0
2722 189 5.0
2723 66 5.0
2724 53 5.0
2725 12 5.0
2726 30 5.0
2727 27 5.0
2728 14 5.0
2729 90 5.0
2730 179 5.0
2731 8 5.0
2732 3 5.0
2733 55 5.0
2734 81 5.0
2735 283 5.0
2736 821 5.0
2737 37 5.0
2738 77 5.0
2739 53 5.0
2740 17 5.0
2741 461 5.0
2742 821 5.0
2743 101 5.0
2744 189 5.0
2745 8 5.0
2746 42 5.0
2747 28 5.0
2748 28 5.0
2749 67 5.0
2750 75 5.0
2751 643 5.0
2752 1071 5.0
2753 8 5.0
2754 4 5.0
2755 55 5.0
2756 366 5.0
2757 26 5.0
2758 17 5.0
2759 27 5.0
2760 452 5.0
2761 59 5.0
2762 82 5.0
2763 128 5.0
2764 525 5.0
2765 15 5.0
2766 18 5.0
2767 106 5.0
2768 30 5.0
2769 18 5.0
2770 1169 5.0
2771 82 5.0
2772 29 5.0
2773 404 5.0
2774 14 5.0
2775 264 5.0
2776 2562 5.0
2777 38 5.0
2778 82 5.0
2779 82 5.0
2780 304 5.0
2781 77 5.0
2782 17 5.0
2783 49 5.0
2784 3911 4.5
2785 75 5.0
2786 28 5.0
2787 12 5.0
2788 101 5.0
2789 67 5.0
2790 49 5.0
2791 202 5.0
2792 831 5.0
2793 63 5.0
2794 94 5.0
2795 821 5.0
2796 43 5.0
2797 9 5.0
2798 4 5.0
2799 77 5.0
2800 40 5.0
2801 80 5.0
2802 178 5.0
2803 30 5.0
2804 3 5.0
2805 119 5.0
2806 126 5.0
2807 40 5.0
2808 8 5.0
2809 124 5.0
2810 23 5.0
2811 465 5.0
2812 14 5.0
2813 49 5.0
2814 106 5.0
2815 17 5.0
2816 72 5.0
2817 623 5.0
2818 4 5.0
2819 670 4.1
2820 3 5.0
2821 19 5.0
2822 1170 5.0
2823 210 5.0
2824 245 5.0
2825 336 5.0
2826 30 4.0
2827 5 5.0
2828 40 5.0
2829 96 5.0
2830 4 5.0
2831 119 5.0
2832 18 5.0
2833 8 5.0
2834 3 5.0
2835 125 5.0
2836 190 5.0
2837 10 5.0
2838 59 5.0
2839 128 5.0
2840 404 5.0
2841 73 5.0
2842 101 5.0
2843 101 5.0
2844 17 5.0
2845 82 5.0
2846 958 5.0
2847 443 5.0
2848 8 5.0
2849 137 5.0
2850 53 5.0
2851 17 5.0
2852 114 5.0
2853 124 5.0
2854 17 5.0
2855 56 5.0
2856 3131 5.0
2857 49 5.0
2858 6 5.0
2859 1861 5.0
2860 40 5.0
2861 18 5.0
2862 9 5.0
2863 53 5.0
2864 156 5.0
2865 80 5.0
2866 11 5.0
2867 72 5.0
2868 32 5.0
2869 3827 5.0
2870 94 5.0
2871 1692 5.0
2872 128 5.0
2873 61 5.0
2874 8 5.0
2875 97 5.0
2876 14 5.0
2877 3539 5.0
2878 17 5.0
2879 1861 5.0
2880 25 5.0
2881 97 5.0
2882 268 5.0
2883 8 5.0
2884 80 5.0
2885 17 5.0
2886 2480 5.0
2887 404 5.0
2888 245 5.0
2889 59 5.0
2890 18 5.0
2891 106 5.0
2892 7 5.0
2893 25 5.0
2894 831 5.0
2895 811 5.0
2896 59 5.0
2897 128 5.0
2898 124 5.0
2899 49 5.0
2900 334 5.0
2901 4 5.0
2902 30 5.0
2903 8 5.0
2904 28 5.0
2905 7 4.0
2906 889 5.0
2907 3 5.0
2908 3245 5.0
2909 107 5.0
2910 92 5.0
2911 245 5.0
2912 831 5.0
2913 8 5.0
2914 53 5.0
2915 336 5.0
2916 33 5.0
2917 1002 5.0
2918 53 5.0
2919 17 5.0
2920 17 5.0
2921 28 5.0
2922 6 5.0
2923 58 5.0
2924 26 5.0
2925 309 5.0
2926 43 5.0
2927 304 5.0
2928 309 5.0
2929 14 5.0
2930 124 5.0
2931 12 5.0
2932 38 5.0
2933 889 5.0
2934 43 5.0
2935 6 5.0
2936 178 5.0
2937 190 5.0
2938 128 5.0
2939 52 5.0
2940 136 5.0
2941 14 5.0
2942 8 5.0
2943 30 5.0
2944 54 5.0
2945 334 5.0
2946 334 5.0
2947 53 5.0
2948 26 5.0
2949 25 5.0
2950 14 5.0
2951 75 5.0
2952 40 5.0
2953 26 5.0
2954 49 5.0
2955 146 5.0
2956 4 5.0
2957 78 5.0
2958 27 5.0
2959 14 5.0
2960 31 5.0
2961 722 5.0
2962 57 5.0
2963 8 5.0
2964 106 5.0
2965 190 5.0
2966 3939 5.0
2967 404 5.0
2968 124 5.0
2969 3 5.0
2970 8 5.0
2971 124 5.0
2972 125 5.0
2973 56 5.0
2974 23 5.0
2975 205 5.0
2976 23 5.0
2977 75 5.0
2978 26 5.0
2979 118 5.0
2980 3 5.0
2981 1 5.0
2982 4 5.0
2983 17 5.0
2984 166 5.0
2985 3160 4.1
2986 24 5.0
2987 101 5.0
2988 43 5.0
2989 254 5.0
2990 28 5.0
2991 26 5.0
2992 67 5.0
2993 309 5.0
2994 30 5.0
2995 1202 4.5
2996 870 5.0
2997 18 5.0
2998 123 5.0
2999 84 5.0
3000 97 5.0
3001 28 5.0
3002 29 5.0
3003 59 5.0
3004 59 5.0
3005 4 5.0
3006 167 5.0
3007 52 5.0
3008 28 5.0
3009 17 5.0
3010 49 5.0
3011 495 5.0
3012 1807 5.0
3013 573 5.0
3014 6 5.0
3015 27 5.0
3016 811 5.0
3017 831 5.0
3018 13 5.0
3019 57 5.0
3020 55 5.0
3021 2562 5.0
3022 82 5.0
3023 652 5.0
3024 71 5.0
3025 615 5.0
3026 13 5.0
3027 30 5.0
3028 722 5.0
3029 6 5.0
3030 309 5.0
3031 643 5.0
3032 85 5.0
3033 3 5.0
3034 49 5.0
3035 29 5.0
3036 80 5.0
3037 18 5.0
3038 13 5.0
3039 17 5.0
3040 30 5.0
3041 68 5.0
3042 34 5.0
3043 202 5.0
3044 40 5.0
3045 82 5.0
3046 17 5.0
3047 28 5.0
3048 82 5.0
3049 43 5.0
3050 615 5.0
3051 37 5.0
3052 238 5.0
3053 3585 5.0
3054 666 5.0
3055 30 5.0
3056 124 5.0
3057 214 5.0
3058 5 5.0
3059 82 5.0
3060 23 5.0
3061 17 5.0
3062 35 5.0
3063 26 5.0
3064 439 5.0
3065 28 5.0
3066 1039 5.0
3067 6 5.0
3068 82 5.0
3069 72 5.0
3070 29 5.0
3071 3862 5.0
3072 17 5.0
3073 37 5.0
3074 1102 5.0
3075 40 5.0
3076 17 5.0
3077 6 5.0
3078 171 5.0
3079 2695 5.0
3080 128 5.0
3081 28 5.0
3082 56 5.0
3083 19 5.0
3084 55 5.0
3085 82 5.0
3086 80 5.0
3087 72 5.0
3088 28 5.0
3089 44 5.0
3090 57 5.0
3091 25 5.0
3092 37 5.0
3093 37 5.0
3094 126 5.0
3095 123 5.0
3096 40 5.0
3097 28 5.0
3098 1202 5.0
3099 18 5.0
3100 30 5.0
3101 29 5.0
3102 2 5.0
3103 14 5.0
3104 30 5.0
3105 17 5.0
3106 37 5.0
3107 643 5.0
3108 49 5.0
3109 1564 5.0
3110 82 5.0
3111 452 5.0
3112 43 5.0
3113 71 5.0
3114 7 5.0
3115 82 5.0
3116 5 5.0
3117 304 5.0
3118 82 5.0
3119 14 5.0
3120 623 5.0
3121 279 5.0
3122 37 5.0
3123 17 5.0
3124 124 5.0
3125 287 5.0
3126 63 5.0
3127 245 5.0
3128 320 5.0
3129 46 5.0
3130 28 5.0
3131 2 4.0
3132 1 4.0
3133 30 5.0
3134 12 5.0
3135 5 5.0
3136 31 5.0
3137 214 5.0
3138 7 5.0
3139 178 5.0
3140 30 5.0
3141 30 5.0
3142 1741 5.0
3143 27 5.0
3144 43 5.0
3145 202 5.0
3146 30 5.0
3147 243 5.0
3148 6 5.0
3149 14 5.0
3150 37 5.0
3151 70 5.0
3152 55 5.0
3153 72 5.0
3154 30 5.0
3155 126 5.0
3156 560 5.0
3157 336 5.0
3158 580 5.0
3159 29 5.0
3160 30 5.0
3161 40 5.0
3162 643 5.0
3163 25 5.0
3164 33 5.0
3165 53 5.0
3166 106 5.0
3167 25 5.0
3168 17 5.0
3169 31 5.0
3170 26 5.0
3171 30 5.0
3172 17 5.0
3173 75 5.0
3174 112 5.0
3175 19 5.0
3176 8 5.0
3177 72 5.0
3178 43 5.0
3179 3595 5.0
3180 8 5.0
3181 643 5.0
3182 67 5.0
3183 97 5.0
3184 40 5.0
3185 6 5.0
3186 13 5.0
3187 7 5.0
3188 1123 5.0
3189 18 5.0
3190 1929 5.0
3191 17 5.0
3192 59 5.0
3193 17 5.0
3194 90 5.0
3195 729 5.0
3196 213 5.0
3197 72 5.0
3198 117 5.0
3199 304 5.0
3200 618 5.0
3201 136 5.0
3202 30 5.0
3203 4 5.0
3204 124 5.0
3205 128 5.0
3206 82 5.0
3207 2129 5.0
3208 1058 5.0
3209 49 5.0
3210 18 5.0
3211 29 5.0
3212 28 5.0
3213 17 5.0
3214 68 5.0
3215 245 5.0
3216 503 5.0
3217 14 5.0
3218 124 5.0
3219 243 5.0
3220 14 5.0
3221 10 5.0
3222 58 5.0
3223 3888 4.6
3224 76 5.0
3225 9 5.0
3226 124 5.0
3227 59 5.0
3228 126 5.0
3229 82 5.0
3230 124 5.0
3231 30 4.0
3232 37 5.0
3233 27 5.0
3234 8 5.0
3235 57 5.0
3236 28 5.0
3237 4 5.0
3238 124 5.0
3239 124 5.0
3240 72 5.0
3241 30 5.0
3242 80 5.0
3243 4 5.0
3244 184 5.0
3245 811 5.0
3246 26 5.0
3247 7 5.0
3248 37 5.0
3249 572 5.0
3250 3 5.0
3251 8 4.0
3252 283 5.0
3253 13 5.0
3254 76 5.0
3255 3 5.0
3256 35 5.0
3257 40 5.0
3258 309 5.0
3259 310 5.0
3260 858 4.5
3261 30 5.0
3262 114 5.0
3263 117 5.0
3264 2562 5.0
3265 8 5.0
3266 14 5.0
3267 8 5.0
3268 75 5.0
3269 97 5.0
3270 718 5.0
3271 2562 4.4
3272 14 5.0
3273 80 5.0
3274 67 5.0
3275 151 5.0
3276 83 5.0
3277 13 5.0
3278 298 5.0
3279 3888 4.4
3280 30 5.0
3281 4 5.0
3282 190 5.0
3283 26 5.0
3284 2480 5.0
3285 31 5.0
3286 5 5.0
3287 14 5.0
3288 14 5.0
3289 59 5.0
3290 30 5.0
3291 397 5.0
3292 244 5.0
3293 17 5.0
3294 53 5.0
3295 40 5.0
3296 128 5.0
3297 6 5.0
3298 75 5.0
3299 525 5.0
3300 439 5.0
3301 301 5.0
3302 2 5.0
3303 124 5.0
3304 29 5.0
3305 2 5.0
3306 1 5.0
3307 2251 5.0
3308 233 5.0
3309 7 5.0
3310 3888 5.0
3311 309 4.5
3312 1877 5.0
3313 75 5.0
3314 49 5.0
3315 12 5.0
3316 40 5.0
3317 2 5.0
3318 190 5.0
3319 97 5.0
3320 41 5.0
3321 7 5.0
3322 67 5.0
3323 1 5.0
3324 1 4.0
3325 52 5.0
3326 503 5.0
3327 1853 5.0
3328 46 5.0
3329 4 5.0
3330 97 5.0
3331 25 5.0
3332 72 5.0
3333 82 5.0
3334 6 5.0
3335 2562 5.0
3336 40 5.0
3337 43 5.0
3338 14 5.0
3339 82 5.0
3340 75 5.0
3341 53 5.0
3342 17 5.0
3343 53 5.0
3344 326 5.0
3345 310 5.0
3346 29 5.0
3347 53 5.0
3348 30 5.0
3349 40 5.0
3350 27 5.0
3351 7 5.0
3352 97 5.0
3353 80 4.0
3354 8 5.0
3355 14 5.0
3356 56 5.0
3357 190 5.0
3358 49 5.0
3359 54 5.0
3360 43 5.0
3361 251 5.0
3362 324 5.0
3363 174 5.0
3364 167 5.0
3365 102 5.0
3366 583 5.0
3367 83 5.0
3368 20 5.0
3369 128 5.0
3370 618 5.0
3371 13 5.0
3372 29 5.0
3373 138 5.0
3374 33 5.0
3375 6 5.0
3376 17 5.0
3377 128 5.0
3378 41 5.0
3379 722 5.0
3380 111 5.0
3381 1202 5.0
3382 17 5.0
3383 80 5.0
3384 210 5.0
3385 128 5.0
3386 974 5.0
3387 42 5.0
3388 309 5.0
3389 174 5.0
3390 643 5.0
3391 26 5.0
3392 28 5.0
3393 283 5.0
3394 6 5.0
3395 8 5.0
3396 6 5.0
3397 19 5.0
3398 97 5.0
3399 30 5.0
3400 2562 5.0
3401 304 5.0
3402 178 5.0
3403 17 5.0
3404 12 5.0
3405 9 5.0
3406 53 5.0
3407 53 5.0
3408 17 5.0
3409 722 4.5
3410 97 5.0
3411 124 5.0
3412 14 5.0
3413 336 5.0
3414 220 5.0
3415 1039 5.0
3416 6 5.0
3417 30 5.0
3418 59 5.0
3419 75 5.0
3420 6 5.0
3421 2562 5.0
3422 268 5.0
3423 63 5.0
3424 1039 5.0
3425 30 5.0
3426 38 5.0
3427 124 5.0
3428 34 5.0
3429 2251 5.0
3430 33 5.0
3431 82 5.0
3432 68 5.0
3433 30 5.0
3434 53 5.0
3435 80 5.0
3436 13 5.0
3437 73 5.0
3438 38 5.0
3439 1 5.0
3440 124 5.0
3441 72 5.0
3442 12 5.0
3443 334 5.0
3444 72 5.0
3445 5 5.0
3446 30 5.0
3447 37 5.0
3448 19 5.0
3449 363 5.0
3450 67 5.0
3451 29 5.0
3452 1564 5.0
3453 615 5.0
3454 7 5.0
3455 3 5.0
3456 82 5.0
3457 283 5.0
3458 25 5.0
3459 14 5.0
3460 17 5.0
3461 618 5.0
3462 12 5.0
3463 309 5.0
3464 67 5.0
3465 3 5.0
3466 29 5.0
3467 30 5.0
3468 128 5.0
3469 30 5.0
3470 3888 4.2
3471 12 5.0
3472 75 5.0
3473 75 5.0
3474 1169 5.0
3475 1600 5.0
3476 101 5.0
3477 27 5.0
3478 63 5.0
3479 28 5.0
3480 28 5.0
3481 49 5.0
3482 2931 5.0
3483 309 5.0
3484 12 5.0
3485 18 5.0
3486 633 5.0
3487 27 4.0
3488 264 5.0
3489 243 5.0
3490 1002 5.0
3491 12 5.0
3492 206 5.0
3493 108 5.0
3494 492 5.0
3495 19 5.0
3496 14 5.0
3497 72 5.0
3498 615 5.0
3499 26 5.0
3500 80 5.0
3501 14 5.0
3502 573 5.0
3503 1421 5.0
3504 30 5.0
3505 14 5.0
3506 3131 4.7
3507 49 5.0
3508 124 5.0
3509 30 5.0
3510 72 5.0
3511 679 5.0
3512 124 5.0
3513 96 5.0
3514 3 5.0
3515 190 5.0
3516 55 5.0
3517 3888 4.8
3518 2557 4.6
3519 1807 5.0
3520 255 5.0
3521 35 5.0
3522 58 5.0
3523 304 5.0
3524 202 5.0
3525 3485 5.0
3526 17 5.0
3527 53 5.0
3528 28 5.0
3529 13 5.0
3530 5 5.0
3531 72 5.0
3532 119 5.0
3533 68 5.0
3534 14 5.0
3535 28 5.0
3536 7 5.0
3537 82 5.0
3538 643 5.0
3539 80 5.0
3540 4 5.0
3541 32 5.0
3542 11 5.0
3543 13 5.0
3544 7 5.0
3545 2591 5.0
3546 126 5.0
3547 8 5.0
3548 18 5.0
3549 573 5.0
3550 65 5.0
3551 34 5.0
3552 4 5.0
3553 2 5.0
3554 37 5.0
3555 202 5.0
3556 124 5.0
3557 59 5.0
3558 28 5.0
3559 49 5.0
3560 167 5.0
3561 2251 5.0
3562 264 5.0
3563 37 5.0
3564 247 5.0
3565 53 5.0
3566 53 5.0
3567 31 5.0
3568 124 5.0
3569 29 5.0
3570 25 5.0
3571 46 5.0
3572 27 5.0
3573 124 5.0
3574 34 5.0
3575 84 5.0
3576 83 5.0
3577 811 5.0
3578 124 5.0
3579 40 5.0
3580 232 5.0
3581 40 5.0
3582 4 5.0
3583 80 5.0
3584 618 5.0
3585 83 5.0
3586 8 5.0
3587 49 5.0
3588 1656 5.0
3589 80 5.0
3590 82 5.0
3591 309 5.0
3592 75 5.0
3593 28 5.0
3594 8 5.0
3595 7 5.0
3596 72 5.0
3597 72 2.0
3598 156 5.0
3599 560 5.0
3600 63 5.0
3601 68 5.0
3602 1575 5.0
3603 4 5.0
3604 8 5.0
3605 30 5.0
3606 167 5.0
3607 84 5.0
3608 97 5.0
3609 1879 5.0
3610 80 5.0
3611 334 5.0
3612 37 5.0
3613 117 5.0
3614 88 5.0
3615 99 5.0
3616 90 5.0
3617 2200 3.6
3618 238 5.0
3619 756 5.0
3620 84 5.0
3621 30 5.0
3622 33 5.0
3623 49 5.0
3624 501 5.0
3625 2904 5.0
3626 18 5.0
3627 14 5.0
3628 22 5.0
3629 97 5.0
3630 35 5.0
3631 59 5.0
3632 7 5.0
3633 25 5.0
3634 124 5.0
3635 14 5.0
3636 26 5.0
3637 352 5.0
3638 3056 5.0
3639 85 5.0
3640 128 5.0
3641 1 5.0
3642 334 5.0
3643 7 5.0
3644 31 5.0
3645 17 5.0
3646 43 5.0
3647 3245 5.0
3648 18 5.0
3649 3485 5.0
3650 213 5.0
3651 390 5.0
3652 8 5.0
3653 128 5.0
3654 53 5.0
3655 40 5.0
3656 8 5.0
3657 452 5.0
3658 18 5.0
3659 19 5.0
3660 96 5.0
3661 161 5.0
3662 75 5.0
3663 1164 5.0
3664 90 5.0
3665 17 5.0
3666 16 5.0
3667 53 5.0
3668 1202 5.0
3669 17 5.0
3670 35 5.0
3671 126 5.0
3672 324 5.0
3673 59 5.0
3674 3179 4.4
3675 75 5.0
3676 35 5.0
3677 17 5.0
3678 404 5.0
3679 53 5.0
3680 573 5.0
3681 30 5.0
3682 2480 5.0
3683 28 5.0
3684 128 5.0
3685 4 5.0
3686 84 5.0
3687 49 5.0
3688 80 5.0
3689 2925 5.0
3690 503 5.0
3691 124 5.0
3692 1567 5.0
3693 79 5.0
3694 397 5.0
3695 59 5.0
3696 82 5.0
3697 99 5.0
3698 7 5.0
3699 72 5.0
3700 18 5.0
3701 57 5.0
3702 18 5.0
3703 14 5.0
3704 2562 4.3
3705 28 5.0
3706 75 5.0
3707 59 5.0
3708 309 5.0
3709 29 5.0
3710 37 5.0
3711 101 5.0
3712 334 5.0
3713 40 5.0
3714 190 5.0
3715 28 5.0
3716 572 5.0
3717 66 5.0
3718 17 5.0
3719 756 5.0
3720 65 5.0
3721 26 5.0
3722 4 5.0
3723 643 5.0
3724 13 5.0
3725 635 5.0
3726 2251 5.0
3727 40 5.0
3728 404 5.0
3729 13 4.0
3730 17 5.0
3731 9 5.0
3732 702 5.0
3733 84 5.0
3734 643 5.0
3735 190 5.0
3736 167 5.0
3737 4 5.0
3738 25 5.0
3739 38 5.0
3740 80 5.0
3741 82 5.0
3742 111 5.0
3743 6 5.0
3744 598 5.0
3745 283 5.0
3746 59 5.0
3747 14 5.0
3748 28 5.0
3749 33 5.0
3750 889 5.0
3751 75 5.0
3752 8 5.0
3753 75 5.0
3754 14 5.0
3755 811 5.0
3756 106 5.0
3757 82 5.0
3758 14 5.0
3759 573 5.0
3760 43 5.0
3761 309 5.0
3762 83 5.0
3763 6 5.0
3764 8 5.0
3765 2019 5.0
3766 244 5.0
3767 3570 5.0
3768 336 5.0
3769 220 5.0
3770 2904 5.0
3771 25 5.0
3772 1437 5.0
3773 33 5.0
3774 44 5.0
3775 25 5.0
3776 97 5.0
3777 863 4.0
3778 23 5.0
3779 167 5.0
3780 30 5.0
3781 29 5.0
3782 18 5.0
3783 12 5.0
3784 25 5.0
3785 38 5.0
3786 23 5.0
3787 4 5.0
3788 28 5.0
3789 14 5.0
3790 255 5.0
3791 1196 4.4
3792 307 5.0
3793 57 5.0
3794 5 5.0
3795 53 5.0
3796 35 5.0
3797 18 5.0
3798 80 5.0
3799 17 5.0
3800 85 5.0
3801 36 5.0
3802 436 5.0
3803 28 5.0
3804 17 5.0
3805 263 5.0
3806 28 5.0
3807 3911 4.1
3808 3 5.0
3809 24 5.0
3810 56 5.0
3811 1154 5.0
3812 37 5.0
3813 25 5.0
3814 82 5.0
3815 97 5.0
3816 64 5.0
3817 26 5.0
3818 82 5.0
3819 4 5.0
3820 3406 4.2
3821 128 5.0
3822 2342 5.0
3823 3880 5.0
3824 3567 5.0
3825 64 5.0
3826 84 5.0
3827 80 5.0
3828 2200 4.6
3829 124 5.0
3830 75 5.0
3831 73 5.0
3832 304 5.0
3833 84 5.0
3834 56 5.0
3835 1861 5.0
3836 254 5.0
3837 83 5.0
3838 97 5.0
3839 8 5.0
3840 608 4.2
3841 1861 5.0
3842 41 5.0
3843 34 5.0
3844 8 5.0
3845 28 5.0
3846 1534 4.0
3847 37 5.0
3848 69 5.0
3849 1433 5.0
3850 53 5.0
3851 7 5.0
3852 59 5.0
3853 64 5.0
3854 101 5.0
3855 17 5.0
3856 13 5.0
3857 14 5.0
3858 1176 5.0
3859 363 5.0
3860 17 5.0
3861 5 5.0
3862 92 5.0
3863 28 5.0
3864 14 5.0
3865 197 5.0
3866 14 5.0
3867 583 5.0
3868 43 5.0
3869 4 5.0
3870 220 5.0
3871 7 5.0
3872 40 5.0
3873 17 5.0
3874 14 5.0
3875 4 5.0
3876 1 5.0
3877 2200 5.0
3878 3555 4.0
3879 82 5.0
3880 243 5.0
3881 310 5.0
3882 183 5.0
3883 2129 5.0
3884 573 5.0
3885 30 5.0
3886 336 5.0
3887 49 5.0
3888 14 5.0
3889 43 5.0
3890 14 5.0
3891 2627 5.0
3892 119 5.0
3893 87 5.0
3894 211 5.0
3895 190 5.0
3896 12 5.0
3897 118 5.0
3898 7 5.0
3899 1068 5.0
3900 298 5.0
3901 17 5.0
3902 59 5.0
3903 77 5.0
3904 30 5.0
3905 148 5.0
3906 59 5.0
3907 397 5.0
3908 117 5.0
3909 213 5.0
3910 29 5.0
3911 14 5.0
3912 214 5.0
3913 40 5.0
3914 12 5.0
3915 309 5.0
3916 28 5.0
3917 14 5.0
3918 27 5.0
3919 18 5.0
3920 37 5.0
3921 363 5.0
3922 59 5.0
3923 202 5.0
3924 14 5.0
3925 17 5.0
3926 49 5.0
3927 17 5.0
3928 2314 4.5
3929 30 5.0
3930 336 5.0
3931 6 5.0
3932 5 5.0
3933 1572 4.0
3934 572 5.0
3935 9 5.0
3936 12 5.0
3937 30 5.0
3938 42 5.0
3939 336 5.0
3940 17 5.0
3941 2480 5.0
3942 53 5.0
3943 29 5.0
3944 190 5.0
3945 447 5.0
3946 30 5.0
3947 113 5.0
3948 211 5.0
3949 30 5.0
3950 30 5.0
3951 53 5.0
3952 309 5.0
3953 46 5.0
3954 72 5.0
3955 17 5.0
3956 665 5.0
3957 206 5.0
3958 27 5.0
3959 3 5.0
3960 117 5.0
3961 388 5.0
3962 49 5.0
3963 114 5.0
3964 401 5.0
3965 55 5.0
3966 1575 4.0
3967 49 5.0
3968 87 5.0
3969 390 5.0
3970 615 5.0
3971 21 5.0
3972 40 5.0
3973 97 5.0
3974 49 5.0
3975 462 5.0
3976 37 5.0
3977 17 5.0
3978 26 5.0
3979 25 5.0
3980 445 5.0
3981 75 5.0
3982 1274 5.0
3983 106 5.0
3984 462 5.0
3985 148 5.0
3986 101 5.0
3987 30 5.0
3988 615 5.0
3989 85 5.0
3990 8 5.0
3991 615 5.0
3992 776 5.0
3993 30 5.0
3994 82 5.0
3995 43 5.0
3996 28 5.0
3997 320 5.0
3998 1058 4.6
3999 26 5.0
4000 821 5.0
4001 18 5.0
4002 88 5.0
4003 488 5.0
4004 304 5.0
4005 1174 5.0
4006 2562 5.0
4007 6 5.0
4008 309 5.0
4009 27 5.0
4010 40 5.0
4011 25 5.0
4012 1879 5.0
4013 942 5.0
4014 118 5.0
4015 1533 5.0
4016 17 5.0
4017 57 5.0
4018 4 5.0
4019 30 5.0
4020 756 5.0
4021 2695 4.1
4022 53 5.0
4023 1575 5.0
4024 19 5.0
4025 326 5.0
4026 17 5.0
4027 618 5.0
4028 67 5.0
4029 583 5.0
4030 7 5.0
4031 37 5.0
4032 309 5.0
4033 23 5.0
4034 8 5.0
4035 124 5.0
4036 61 5.0
4037 6 5.0
4038 4 5.0
4039 124 5.0
4040 446 4.8
4041 3047 5.0
4042 28 5.0
4043 55 5.0
4044 25 5.0
4045 27 5.0
4046 17 5.0
4047 722 5.0
4048 1433 5.0
4049 9 5.0
4050 270 5.0
4051 3 5.0
4052 2575 4.5
4053 2562 5.0
4054 2562 5.0
4055 29 5.0
4056 76 5.0
4057 190 5.0
4058 53 5.0
4059 496 5.0
4060 1 5.0
4061 3207 5.0
4062 7 5.0
4063 3595 5.0
4064 7 5.0
4065 40 5.0
4066 59 5.0
4067 16 5.0
4068 4 5.0
4069 30 5.0
4070 124 5.0
4071 245 5.0
4072 183 5.0
4073 6 5.0
4074 29 5.0
4075 26 5.0
4076 80 5.0
4077 462 5.0
4078 304 5.0
4079 8 5.0
4080 2 5.0
4081 137 5.0
4082 3888 4.6
4083 87 5.0
4084 3603 4.6
4085 97 5.0
4086 85 5.0
4087 722 5.0
4088 3131 5.0
4089 28 5.0
4090 37 5.0
4091 14 5.0
4092 9 5.0
4093 243 5.0
4094 28 5.0
4095 496 5.0
4096 4 5.0
4097 38 5.0
4098 618 5.0
4099 4 5.0
4100 18 5.0
4101 190 5.0
4102 309 5.0
4103 82 5.0
4104 76 4.0
4105 15 5.0
4106 268 5.0
4107 47 5.0
4108 34 5.0
4109 1 5.0
4110 112 5.0
4111 84 5.0
4112 35 5.0
4113 56 5.0
4114 583 5.0
4115 889 5.0
4116 82 5.0
4117 14 5.0
4118 16 5.0
4119 53 5.0
4120 17 5.0
4121 245 5.0
4122 46 5.0
4123 3117 5.0
4124 14 5.0
4125 1433 5.0
4126 35 5.0
4127 14 5.0
4128 17 5.0
4129 246 5.0
4130 26 5.0
4131 28 5.0
4132 304 5.0
4133 202 5.0
4134 26 5.0
4135 1 5.0
4136 30 5.0
4137 37 5.0
4138 583 5.0
4139 776 5.0
4140 243 5.0
4141 25 5.0
4142 8 5.0
4143 572 5.0
4144 3 5.0
4145 19 5.0
4146 14 5.0
4147 25 5.0
4148 72 5.0
4149 3124 4.7
4150 106 5.0
4151 121 5.0
4152 123 5.0
4153 14 5.0
4154 38 5.0
4155 896 5.0
4156 40 5.0
4157 20 5.0
4158 26 5.0
4159 106 5.0
4160 560 5.0
4161 190 5.0
4162 39 5.0
4163 30 5.0
4164 75 5.0
4165 25 5.0
4166 452 5.0
4167 101 5.0
4168 923 4.4
4169 8 5.0
4170 319 5.0
4171 5 5.0
4172 27 5.0
4173 17 5.0
4174 37 5.0
4175 1 5.0
4176 59 5.0
4177 10 5.0
4178 30 5.0
4179 101 5.0
4180 72 5.0
4181 17 5.0
4182 722 5.0
4183 25 5.0
4184 114 5.0
4185 3808 4.5
4186 10 5.0
4187 69 5.0
4188 4 5.0
4189 72 5.0
4190 7 5.0
4191 76 4.0
4192 97 5.0
4193 503 5.0
4194 3 5.0
4195 18 5.0
4196 41 5.0
4197 64 5.0
4198 29 5.0
4199 17 5.0
4200 6 5.0
4201 47 5.0
4202 30 5.0
4203 56 5.0
4204 18 5.0
4205 75 5.0
4206 202 5.0
4207 38 5.0
4208 27 5.0
4209 17 5.0
4210 7 4.0
4211 114 5.0
4212 722 5.0
4213 53 5.0
4214 503 5.0
4215 6 5.0
4216 1039 5.0
4217 43 5.0
4218 28 5.0
4219 97 5.0
4220 30 5.0
4221 97 5.0
4222 1850 5.0
4223 1532 5.0
4224 397 5.0
4225 12 5.0
4226 2904 4.6
4227 68 5.0
4228 59 5.0
4229 14 5.0
4230 9 5.0
4231 7 5.0
4232 30 5.0
4233 84 5.0
4234 106 5.0
4235 6 5.0
4236 97 5.0
4237 2200 5.0
4238 52 5.0
4239 33 5.0
4240 28 5.0
4241 83 5.0
4242 147 5.0
4243 16 5.0
4244 17 5.0
4245 16 5.0
4246 117 5.0
4247 202 5.0
4248 189 5.0
4249 573 5.0
4250 40 5.0
4251 68 5.0
4252 1058 5.0
4253 4 5.0
4254 17 5.0
4255 7 5.0
4256 1168 5.0
4257 309 5.0
4258 25 5.0
4259 1879 5.0
4260 213 5.0
4261 33 5.0
4262 4 5.0
4263 45 5.0
4264 80 5.0
4265 144 5.0
4266 82 5.0
4267 320 5.0
4268 49 5.0
4269 1 5.0
4270 397 5.0
4271 49 5.0
4272 8 5.0
4273 106 5.0
4274 12 5.0
4275 37 5.0
4276 3485 4.8
4277 38 5.0
4278 309 5.0
4279 126 5.0
4280 167 5.0
4281 4 5.0
4282 28 5.0
4283 319 5.0
4284 167 5.0
4285 404 5.0
4286 37 5.0
4287 9 5.0
4288 84 5.0
4289 8 5.0
4290 17 5.0
4291 17 5.0
4292 28 5.0
4293 80 5.0
4294 81 4.0
4295 49 5.0
4296 26 5.0
4297 49 5.0
4298 77 5.0
4299 20 5.0
4300 3 5.0
4301 124 5.0
4302 573 5.0
4303 37 5.0
4304 1575 5.0
4305 17 5.0
4306 53 5.0
4307 123 5.0
4308 28 5.0
4309 334 5.0
4310 219 5.0
4311 2480 4.5
4312 54 5.0
4313 8 5.0
4314 84 5.0
4315 244 5.0
4316 17 5.0
4317 128 5.0
4318 35 5.0
4319 17 5.0
4320 40 5.0
4321 452 5.0
4322 72 5.0
4323 14 5.0
4324 87 5.0
4325 304 5.0
4326 72 5.0
4327 28 5.0
4328 167 5.0
4329 152 5.0
4330 40 5.0
4331 28 5.0
4332 28 5.0
4333 30 5.0
4334 1879 5.0
4335 28 5.0
4336 90 5.0
4337 17 5.0
4338 25 5.0
4339 28 5.0
4340 84 5.0
4341 37 5.0
4342 210 5.0
4343 2129 4.5
4344 309 4.5
4345 30 5.0
4346 202 5.0
4347 4 5.0
4348 209 5.0
4349 26 5.0
4350 30 5.0
4351 80 5.0
4352 30 5.0
4353 560 5.0
4354 86 5.0
4355 652 5.0
4356 12 5.0
4357 6 5.0
4358 14 5.0
4359 190 4.0
4360 30 5.0
4361 2200 5.0
4362 30 5.0
4363 682 5.0
4364 26 5.0
4365 43 5.0
4366 53 5.0
4367 37 5.0
4368 6 5.0
4369 67 5.0
4370 598 5.0
4371 28 5.0
4372 90 5.0
4373 14 5.0
4374 722 5.0
4375 249 5.0
4376 37 5.0
4377 254 5.0
4378 3485 5.0
4379 30 5.0
4380 823 5.0
4381 80 5.0
4382 19 5.0
4383 645 5.0
4384 77 5.0
4385 2562 5.0
4386 722 5.0
4387 1002 5.0
4388 189 5.0
4389 1254 5.0
4390 41 5.0
4391 4 5.0
4392 44 5.0
4393 34 5.0
4394 53 5.0
4395 7 5.0
4396 17 5.0
4397 1 5.0
4398 166 5.0
4399 69 5.0
4400 219 5.0
4401 33 5.0
4402 46 5.0
4403 680 5.0
4404 13 5.0
4405 28 5.0
4406 401 5.0
4407 831 5.0
4408 37 5.0
4409 17 5.0
4410 1058 5.0
4411 119 5.0
4412 7 5.0
4413 776 5.0
4414 82 5.0
4415 80 5.0
4416 197 5.0
4417 126 5.0
4418 103 5.0
4419 14 5.0
4420 24 5.0
4421 2557 5.0
4422 17 5.0
4423 9 5.0
4424 2562 4.2
4425 8 5.0
4426 13 5.0
4427 29 5.0
4428 18 5.0
4429 3737 5.0
4430 40 5.0
4431 8 5.0
4432 49 5.0
4433 35 5.0
4434 56 5.0
4435 776 5.0
4436 645 5.0
4437 124 5.0
4438 17 5.0
4439 53 5.0
4440 12 5.0
4441 37 5.0
4442 742 5.0
4443 37 5.0
4444 28 5.0
4445 665 5.0
4446 1058 4.5
4447 2562 5.0
4448 326 5.0
4449 670 5.0
4450 3410 5.0
4451 106 5.0
4452 38 5.0
4453 309 5.0
4454 80 5.0
4455 49 5.0
4456 19 5.0
4457 2215 5.0
4458 49 5.0
4459 80 5.0
4460 14 5.0
4461 33 5.0
4462 59 5.0
4463 1 5.0
4464 40 5.0
4465 195 5.0
4466 1071 5.0
4467 8 5.0
4468 27 5.0
4469 128 5.0
4470 202 5.0
4471 889 5.0
4472 2562 5.0
4473 76 5.0
4474 30 5.0
4475 75 5.0
4476 310 5.0
4477 1444 5.0
4478 8 5.0
4479 1741 5.0
4480 262 5.0
4481 3131 5.0
4482 309 5.0
4483 75 5.0
4484 401 5.0
4485 97 2.0
4486 35 5.0
4487 665 5.0
4488 28 5.0
4489 264 5.0
4490 503 5.0
4491 26 5.0
4492 15 5.0
4493 8 5.0
4494 25 5.0
4495 213 5.0
4496 1879 5.0
4497 82 5.0
4498 30 5.0
4499 147 5.0
4500 26 5.0
4501 304 5.0
4502 4 5.0
4503 1 5.0
4504 190 5.0
4505 1533 5.0
4506 14 5.0
4507 1807 5.0
4508 80 5.0
4509 1433 4.2
4510 189 5.0
4511 28 5.0
4512 29 5.0
4513 53 5.0
4514 3 5.0
4515 18 5.0
4516 2480 5.0
4517 18 5.0
4518 6 5.0
4519 1535 5.0
4520 264 5.0
4521 631 5.0
4522 30 5.0
4523 82 5.0
4524 5 5.0
4525 181 5.0
4526 8 5.0
4527 77 5.0
4528 14 5.0
4529 172 5.0
4530 37 5.0
4531 166 5.0
4532 35 5.0
4533 17 5.0
4534 189 5.0
4535 27 5.0
4536 16 5.0
4537 18 5.0
4538 23 5.0
4539 80 5.0
4540 96 5.0
4541 7 5.0
4542 3131 4.4
4543 10 5.0
4544 6 5.0
4545 28 5.0
4546 17 5.0
4547 25 5.0
4548 41 5.0
4549 32 4.0
4550 30 5.0
4551 59 5.0
4552 3 5.0
4553 5 5.0
4554 37 5.0
4555 124 5.0
4556 67 5.0
4557 7 5.0
4558 4 5.0
4559 831 5.0
4560 30 5.0
4561 821 5.0
4562 6 5.0
4563 4 5.0
4564 13 5.0
4565 43 5.0
4566 67 5.0
4567 336 5.0
4568 57 5.0
4569 167 5.0
4570 29 5.0
4571 35 5.0
4572 106 5.0
4573 9 5.0
4574 46 5.0
4575 25 5.0
4576 2542 4.0
4577 309 5.0
4578 3006 4.4
4579 12 5.0
4580 29 5.0
4581 8 5.0
4582 7 5.0
4583 1 5.0
4584 28 5.0
4585 14 5.0
4586 348 5.0
4587 14 5.0
4588 8 5.0
4589 101 5.0
4590 264 5.0
4591 128 5.0
4592 889 5.0
4593 4 5.0
4594 4 5.0
4595 718 5.0
4596 22 5.0
4597 14 5.0
4598 25 5.0
4599 452 5.0
4600 124 5.0
4601 53 5.0
4602 78 5.0
4603 28 5.0
4604 1972 5.0
4605 501 5.0
4606 756 5.0
4607 157 5.0
4608 1575 5.0
4609 97 5.0
4610 397 5.0
4611 324 5.0
4612 37 5.0
4613 6 5.0
4614 128 5.0
4615 25 5.0
4616 90 5.0
4617 17 5.0
4618 309 5.0
4619 255 5.0
4620 80 5.0
4621 362 5.0
4622 18 5.0
4623 18 5.0
4624 309 5.0
4625 1154 5.0
4626 28 5.0
4627 25 5.0
4628 35 5.0
4629 2 5.0
4630 30 5.0
4631 41 5.0
4632 18 5.0
4633 3 5.0
4634 447 5.0
4635 35 4.0
4636 811 5.0
4637 59 5.0
4638 17 5.0
4639 72 5.0
4640 13 5.0
4641 17 5.0
4642 124 5.0
4643 298 5.0
4644 29 5.0
4645 131 5.0
4646 3875 5.0
4647 17 5.0
4648 3 5.0
4649 128 5.0
4650 41 5.0
4651 6 5.0
4652 2480 5.0
4653 72 5.0
4654 503 5.0
4655 334 5.0
4656 3 5.0
4657 751 5.0
4658 126 5.0
4659 18 5.0
4660 40 5.0
4661 268 5.0
4662 652 5.0
4663 9 5.0
4664 7 5.0
4665 560 5.0
4666 4 5.0
4667 4 5.0
4668 37 5.0
4669 25 5.0
4670 82 5.0
4671 40 5.0
4672 304 5.0
4673 29 5.0
4674 397 5.0
4675 7 5.0
4676 21 5.0
4677 41 5.0
4678 116 5.0
4679 503 5.0
4680 44 5.0
4681 722 5.0
4682 69 5.0
4683 487 5.0
4684 126 5.0
4685 37 5.0
4686 59 5.0
4687 53 5.0
4688 72 5.0
4689 43 5.0
4690 14 5.0
4691 68 5.0
4692 28 5.0
4693 30 5.0
4694 49 5.0
4695 18 5.0
4696 72 5.0
4697 28 5.0
4698 1657 5.0
4699 72 5.0
4700 30 5.0
4701 53 5.0
4702 25 5.0
4703 3158 5.0
4704 97 5.0
4705 124 5.0
4706 44 5.0
4707 503 5.0
4708 37 5.0
4709 25 5.0
4710 43 5.0
4711 29 4.0
4712 14 5.0
4713 85 5.0
4714 1575 5.0
4715 9 5.0
4716 28 5.0
4717 28 5.0
4718 26 5.0
4719 18 5.0
4720 53 5.0
4721 18 5.0
4722 3 5.0
4723 2 5.0
4724 1071 5.0
4725 245 5.0
4726 37 5.0
4727 3677 5.0
4728 124 5.0
4729 43 5.0
4730 117 5.0
4731 831 5.0
4732 17 5.0
4733 72 5.0
4734 97 5.0
4735 1002 5.0
4736 8 5.0
4737 128 5.0
4738 214 5.0
4739 8 5.0
4740 6 5.0
4741 863 5.0
4742 11 5.0
4743 28 5.0
4744 43 5.0
4745 106 5.0
4746 82 5.0
4747 336 5.0
4748 82 5.0
4749 124 5.0
4750 14 5.0
4751 20 5.0
4752 53 5.0
4753 190 5.0
4754 3 5.0
4755 7 5.0
4756 67 5.0
4757 29 5.0
4758 40 5.0
4759 129 5.0
4760 21 5.0
4761 8 5.0
4762 6 5.0
4763 27 5.0
4764 84 5.0
4765 34 5.0
4766 28 5.0
4767 55 5.0
4768 37 5.0
4769 29 5.0
4770 3640 5.0
4771 7 5.0
4772 124 5.0
4773 82 5.0
4774 3 5.0
4775 9 5.0
4776 18 5.0
4777 6 5.0
4778 184 5.0
4779 8 5.0
4780 33 5.0
4781 38 5.0
4782 68 5.0
4783 30 5.0
4784 336 5.0
4785 776 5.0
4786 4 5.0
4787 213 5.0
4788 283 5.0
4789 2562 4.7
4790 645 5.0
4791 16 5.0
4792 1076 5.0
4793 29 5.0
4794 117 5.0
4795 2258 5.0
4796 25 5.0
4797 117 5.0
4798 14 5.0
4799 583 5.0
4800 7 5.0
4801 404 5.0
4802 29 5.0
4803 254 5.0
4804 25 5.0
4805 40 5.0
4806 5 5.0
4807 1002 5.0
4808 49 5.0
4809 72 5.0
4810 2 5.0
4811 334 5.0
4812 77 5.0
4813 124 5.0
4814 85 5.0
4815 572 5.0
4816 13 5.0
4817 30 5.0
4818 854 5.0
4819 101 5.0
4820 84 5.0
4821 54 5.0
4822 1564 5.0
4823 760 5.0
4824 29 5.0
4825 57 5.0
4826 56 5.0
4827 40 5.0
4828 1692 5.0
4829 152 5.0
4830 97 5.0
4831 182 5.0
4832 14 5.0
4833 572 4.7
4834 75 5.0
4835 29 5.0
4836 1683 5.0
4837 38 5.0
4838 129 5.0
4839 67 5.0
4840 1417 5.0
4841 25 5.0
4842 12 5.0
4843 18 5.0
4844 210 5.0
4845 34 5.0
4846 7 5.0
4847 17 5.0
4848 331 5.0
4849 8 5.0
4850 6 5.0
4851 54 5.0
4852 14 5.0
4853 283 5.0
4854 49 5.0
4855 5 5.0
4856 156 5.0
4857 49 5.0
4858 23 5.0
4859 46 5.0
4860 56 5.0
4861 92 5.0
4862 8 5.0
4863 26 5.0
4864 75 5.0
4865 41 5.0
4866 1575 5.0
4867 82 5.0
4868 1807 5.0
4869 264 5.0
4870 24 5.0
4871 37 5.0
4872 14 5.0
4873 17 5.0
4874 2 5.0
4875 75 5.0
4876 67 5.0
4877 30 5.0
4878 1807 5.0
4879 13 5.0
4880 5 5.0
4881 37 5.0
4882 99 5.0
4883 28 5.0
4884 2 5.0
4885 4 5.0
4886 863 5.0
4887 75 5.0
4888 30 5.0
4889 255 5.0
4890 5 5.0
4891 40 5.0
4892 17 5.0
4893 27 5.0
4894 18 5.0
4895 30 5.0
4896 831 5.0
4897 336 5.0
4898 304 5.0
4899 7 5.0
4900 138 5.0
4901 28 5.0
4902 3 5.0
4903 85 5.0
4904 89 5.0
4905 128 5.0
4906 823 5.0
4907 30 5.0
4908 49 5.0
4909 25 5.0
4910 197 5.0
4911 6 5.0
4912 8 5.0
4913 33 5.0
4914 43 5.0
4915 618 5.0
4916 643 5.0
4917 863 5.0
4918 18 5.0
4919 4 5.0
4920 119 5.0
4921 59 5.0
4922 27 5.0
4923 4 5.0
4924 13 5.0
4925 4 4.0
4926 106 5.0
4927 2164 5.0
4928 14 5.0
4929 28 5.0
4930 30 5.0
4931 573 5.0
4932 128 5.0
4933 283 5.0
4934 210 5.0
4935 20 5.0
4936 313 5.0
4937 25 5.0
4938 190 5.0
4939 49 5.0
4940 4 5.0
4941 118 5.0
4942 18 5.0
4943 17 5.0
4944 59 5.0
4945 90 5.0
4946 29 5.0
4947 811 5.0
4948 8 5.0
4949 1533 5.0
4950 1323 5.0
4951 80 5.0
4952 503 5.0
4953 124 5.0
4954 6 5.0
4955 238 5.0
4956 2008 5.0
4957 756 5.0
4958 80 5.0
4959 38 5.0
4960 85 5.0
4961 220 5.0
4962 124 5.0
4963 2200 5.0
4964 182 5.0
4965 30 5.0
4966 37 5.0
4967 14 5.0
4968 30 5.0
4969 18 5.0
4970 35 5.0
4971 1119 5.0
4972 53 5.0
4973 18 5.0
4974 560 5.0
4975 29 5.0
4976 85 5.0
4977 56 5.0
4978 1058 5.0
4979 320 5.0
4980 503 5.0
4981 6 5.0
4982 28 5.0
4983 328 5.0
4984 30 5.0
4985 17 5.0
4986 129 5.0
4987 13 5.0
4988 71 5.0
4989 14 5.0
4990 59 5.0
4991 77 5.0
4992 42 5.0
4993 14 5.0
4994 439 5.0
4995 33 5.0
4996 25 5.0
4997 12 5.0
4998 53 5.0
4999 334 5.0
5000 124 5.0
5001 760 5.0
5002 17 5.0
5003 6 5.0
5004 2562 4.8
5005 26 5.0
5006 16 5.0
5007 28 5.0
5008 12 5.0
5009 8 5.0
5010 1444 5.0
5011 41 5.0
5012 4 5.0
5013 97 5.0
5014 397 5.0
5015 560 5.0
5016 14 5.0
5017 245 5.0
5018 573 5.0
5019 30 5.0
5020 97 5.0
5021 7 5.0
5022 67 5.0
5023 59 5.0
5024 31 5.0
5025 2200 5.0
5026 36 5.0
5027 10 5.0
5028 189 5.0
5029 35 5.0
5030 14 5.0
5031 66 5.0
5032 6 5.0
5033 28 5.0
5034 1002 5.0
5035 129 5.0
5036 67 5.0
5037 844 5.0
5038 3406 5.0
5039 80 5.0
5040 37 5.0
5041 1567 5.0
5042 49 5.0
5043 28 5.0
5044 76 5.0
5045 1861 5.0
5046 309 5.0
5047 29 5.0
5048 341 5.0
5049 30 5.0
5050 4 5.0
5051 7 5.0
5052 254 5.0
5053 1039 5.0
5054 18 5.0
5055 30 5.0
5056 59 5.0
5057 12 5.0
5058 82 5.0
5059 25 5.0
5060 268 5.0
5061 4 5.0
5062 80 5.0
5063 8 5.0
5064 97 5.0
5065 16 5.0
5066 24 5.0
5067 104 5.0
5068 1 5.0
5069 2904 5.0
5070 96 5.0
5071 23 5.0
5072 7 5.0
5073 1807 4.8
5074 14 5.0
5075 40 5.0
5076 245 5.0
5077 56 5.0
5078 102 5.0
5079 29 5.0
5080 126 5.0
5081 75 5.0
5082 665 5.0
5083 97 5.0
5084 30 5.0
5085 8 5.0
5086 283 5.0
5087 171 5.0
5088 5 5.0
5089 821 5.0
5090 167 5.0
5091 84 5.0
5092 29 5.0
5093 40 5.0
5094 2 5.0
5095 124 5.0
5096 8 5.0
5097 1656 5.0
5098 84 5.0
5099 397 5.0
5100 222 5.0
5101 49 5.0
5102 28 5.0
5103 5 5.0
5104 83 5.0
5105 111 5.0
5106 2562 4.5
5107 2258 5.0
5108 30 5.0
5109 3 5.0
5110 3875 5.0
5111 573 5.0
5112 2200 4.7
5113 167 5.0
5114 25 5.0
5115 5 5.0
5116 17 5.0
5117 128 5.0
5118 29 5.0
5119 615 5.0
5120 190 5.0
5121 4 5.0
5122 117 5.0
5123 831 5.0
5124 1 5.0
5125 97 5.0
5126 43 5.0
5127 38 5.0
5128 30 5.0
5129 30 5.0
5130 334 5.0
5131 29 5.0
5132 28 5.0
5133 28 5.0
5134 37 5.0
5135 334 5.0
5136 28 5.0
5137 347 5.0
5138 75 5.0
5139 2562 5.0
5140 36 5.0
5141 28 5.0
5142 90 5.0
5143 27 5.0
5144 82 5.0
5145 8 5.0
5146 40 5.0
5147 30 5.0
5148 7 5.0
5149 27 5.0
5150 82 5.0
5151 29 5.0
5152 722 5.0
5153 26 5.0
5154 980 5.0
5155 30 5.0
5156 13 5.0
5157 404 5.0
5158 21 5.0
5159 3 5.0
5160 583 5.0
5161 18 5.0
5162 851 5.0
5163 37 5.0
5164 5 5.0
5165 8 5.0
5166 40 5.0
5167 18 5.0
5168 124 5.0
5169 9 5.0
5170 43 5.0
5171 1039 5.0
5172 205 5.0
5173 29 5.0
5174 3 5.0
5175 67 5.0
5176 40 5.0
5177 238 5.0
5178 29 5.0
5179 9 5.0
5180 14 5.0
5181 3887 5.0
5182 72 5.0
5183 336 5.0
5184 1575 5.0
5185 30 5.0
5186 54 5.0
5187 25 5.0
5188 35 5.0
5189 129 5.0
5190 66 5.0
5191 82 5.0
5192 126 5.0
5193 124 5.0
5194 103 5.0
5195 67 5.0
5196 175 5.0
5197 2627 5.0
5198 56 5.0
5199 18 5.0
5200 554 5.0
5201 14 5.0
5202 14 5.0
5203 17 5.0
5204 309 5.0
5205 19 5.0
5206 13 5.0
5207 17 5.0
5208 49 5.0
5209 40 5.0
5210 124 5.0
5211 7 5.0
5212 242 5.0
5213 372 5.0
5214 2 5.0
5215 35 5.0
5216 599 5.0
5217 14 5.0
5218 17 5.0
5219 2480 5.0
5220 9 5.0
5221 3880 5.0
5222 124 5.0
5223 33 5.0
5224 124 5.0
5225 96 5.0
5226 190 5.0
5227 86 5.0
5228 27 5.0
5229 49 5.0
5230 4 5.0
5231 30 5.0
5232 310 5.0
5233 304 5.0
5234 17 5.0
5235 206 5.0
5236 128 5.0
5237 8 5.0
5238 178 5.0
5239 25 5.0
5240 43 5.0
5241 38 5.0
5242 18 5.0
5243 101 5.0
5244 68 5.0
5245 28 5.0
5246 167 5.0
5247 9 5.0
5248 583 5.0
5249 190 5.0
5250 967 5.0
5251 13 5.0
5252 128 5.0
5253 74 5.0
5254 14 5.0
5255 3245 4.5
5256 14 5.0
5257 19 5.0
5258 18 5.0
5259 182 5.0
5260 40 5.0
5261 82 5.0
5262 77 5.0
5263 59 5.0
5264 255 5.0
5265 40 5.0
5266 113 5.0
5267 309 5.0
5268 309 5.0
5269 17 5.0
5270 756 5.0
5271 68 5.0
5272 124 5.0
5273 25 5.0
5274 28 5.0
5275 1184 5.0
5276 1564 5.0
5277 28 5.0
5278 75 5.0
5279 25 5.0
5280 334 5.0
5281 309 5.0
5282 72 5.0
5283 53 5.0
5284 41 5.0
5285 309 5.0
5286 213 5.0
5287 40 5.0
5288 397 5.0
5289 1 5.0
5290 3 5.0
5291 29 5.0
5292 8 5.0
5293 97 5.0
5294 12 5.0
5295 33 5.0
5296 7 5.0
5297 17 5.0
5298 189 5.0
5299 75 5.0
5300 59 5.0
5301 714 5.0
5302 3 5.0
5303 290 5.0
5304 309 5.0
5305 3618 5.0
5306 14 5.0
5307 28 5.0
5308 26 5.0
5309 30 5.0
5310 30 5.0
5311 97 5.0
5312 6 5.0
5313 53 5.0
5314 30 5.0
5315 4 5.0
5316 722 5.0
5317 30 5.0
5318 1154 5.0
5319 18 5.0
5320 760 5.0
5321 40 5.0
5322 304 5.0
5323 75 5.0
5324 46 5.0
5325 97 5.0
5326 28 5.0
5327 37 5.0
5328 573 5.0
5329 118 5.0
5330 124 5.0
5331 8 5.0
5332 3047 4.2
5333 223 5.0
5334 243 5.0
5335 14 5.0
5336 55 5.0
5337 80 5.0
5338 35 5.0
5339 404 5.0
5340 29 5.0
5341 49 5.0
5342 9 5.0
5343 863 5.0
5344 283 5.0
5345 38 5.0
5346 501 5.0
5347 80 5.0
5348 56 5.0
5349 30 5.0
5350 17 5.0
5351 49 5.0
5352 202 5.0
5353 8 5.0
5354 49 5.0
5355 7 5.0
5356 26 5.0
5357 18 5.0
5358 452 5.0
5359 82 5.0
5360 178 5.0
5361 54 5.0
5362 14 5.0
5363 124 5.0
5364 363 5.0
5365 190 5.0
5366 3652 5.0
5367 80 5.0
5368 245 5.0
5369 371 5.0
5370 336 5.0
5371 4 5.0
5372 7 5.0
5373 40 5.0
5374 14 5.0
5375 1533 5.0
5376 82 5.0
5377 324 5.0
5378 41 5.0
5379 4 5.0
5380 14 5.0
5381 25 5.0
5382 7 5.0
5383 6 5.0
5384 44 5.0
5385 324 5.0
5386 3131 5.0
5387 18 5.0
5388 242 5.0
5389 751 5.0
5390 151 5.0
5391 3 5.0
5392 309 5.0
5393 3883 4.3
5394 49 5.0
5395 4 5.0
5396 573 5.0
5397 25 5.0
5398 14 5.0
5399 19 5.0
5400 126 5.0
5401 124 5.0
5402 84 5.0
5403 75 5.0
5404 309 5.0
5405 83 5.0
5406 12 5.0
5407 40 5.0
5408 78 5.0
5409 28 5.0
5410 45 5.0
5411 189 5.0
5412 124 5.0
5413 29 5.0
5414 23 5.0
5415 14 5.0
5416 117 5.0
5417 283 5.0
5418 85 5.0
5419 1865 5.0
5420 30 5.0
5421 30 5.0
5422 26 5.0
5423 75 5.0
5424 29 5.0
5425 560 5.0
5426 15 5.0
5427 30 5.0
5428 56 5.0
5429 28 5.0
5430 75 5.0
5431 238 5.0
5432 2493 5.0
5433 462 5.0
5434 28 5.0
5435 116 5.0
5436 665 5.0
5437 49 5.0
5438 6 5.0
5439 12 5.0
5440 84 5.0
5441 53 5.0
5442 124 5.0
5443 82 5.0
5444 28 5.0
5445 12 5.0
5446 30 5.0
5447 255 5.0
5448 118 5.0
5449 573 5.0
5450 35 5.0
5451 128 5.0
5452 583 5.0
5453 8 5.0
5454 82 5.0
5455 101 5.0
5456 124 5.0
5457 643 5.0
5458 72 5.0
5459 27 5.0
5460 8 5.0
5461 4 5.0
5462 700 5.0
5463 8 5.0
5464 8 5.0
5465 128 5.0
5466 17 5.0
5467 1039 5.0
5468 37 5.0
5469 6 5.0
5470 25 5.0
5471 124 5.0
5472 75 5.0
5473 183 5.0
5474 245 5.0
5475 4 5.0
5476 29 5.0
5477 76 5.0
5478 59 5.0
5479 30 5.0
5480 241 5.0
5481 615 5.0
5482 80 5.0
5483 49 5.0
5484 80 5.0
5485 40 5.0
5486 40 5.0
5487 320 5.0
5488 53 5.0
5489 202 5.0
5490 128 5.0
5491 128 5.0
5492 2480 5.0
5493 28 5.0
5494 18 5.0
5495 167 5.0
5496 72 5.0
5497 37 5.0
5498 26 5.0
5499 14 5.0
5500 2904 5.0
5501 83 5.0
5502 28 5.0
5503 97 5.0
5504 28 5.0
5505 37 5.0
5506 298 5.0
5507 8 5.0
5508 64 5.0
5509 35 5.0
5510 324 5.0
5511 202 5.0
5512 7 5.0
5513 14 5.0
5514 58 5.0
5515 80 5.0
5516 75 5.0
5517 199 5.0
5518 1107 5.0
5519 124 5.0
5520 8 5.0
5521 583 5.0
5522 326 5.0
5523 190 5.0
5524 21 5.0
5525 304 5.0
5526 7 5.0
5527 18 5.0
5528 7 5.0
5529 1720 5.0
5530 59 5.0
5531 101 5.0
5532 18 5.0
5533 17 5.0
5534 331 5.0
5535 1533 5.0
5536 5 5.0
5537 189 5.0
5538 618 5.0
5539 30 5.0
5540 3 5.0
5541 8 5.0
5542 30 5.0
5543 30 5.0
5544 56 5.0
5545 17 5.0
5546 128 5.0
5547 106 5.0
5548 24 5.0
5549 2691 4.8
5550 167 5.0
5551 219 5.0
5552 124 5.0
5553 49 5.0
5554 363 5.0
5555 1859 5.0
5556 86 5.0
5557 2461 5.0
5558 9 5.0
5559 37 5.0
5560 1058 5.0
5561 638 5.0
5562 8 5.0
5563 17 4.0
5564 572 5.0
5565 30 5.0
5566 3302 5.0
5567 560 5.0
5568 309 5.0
5569 84 5.0
5570 1433 5.0
5571 14 5.0
5572 12 5.0
5573 263 5.0
5574 304 5.0
5575 124 5.0
5576 34 5.0
5577 14 5.0
5578 1 5.0
5579 718 5.0
5580 30 5.0
5581 12 5.0
5582 14 5.0
5583 6 5.0
5584 245 5.0
5585 2 5.0
5586 29 5.0
5587 20 5.0
5588 7 5.0
5589 14 5.0
5590 13 5.0
5591 30 5.0
5592 49 5.0
5593 84 5.0
5594 124 5.0
5595 124 5.0
5596 84 5.0
5597 83 5.0
5598 309 5.0
5599 1107 5.0
5600 197 5.0
5601 49 5.0
5602 554 5.0
5603 190 5.0
5604 889 5.0
5605 13 5.0
5606 304 5.0
5607 64 5.0
5608 1 5.0
5609 38 5.0
5610 17 5.0
5611 417 5.0
5612 155 5.0
5613 1039 5.0
5614 2972 5.0
5615 57 5.0
5616 82 5.0
5617 97 5.0
5618 40 5.0
5619 190 5.0
5620 811 5.0
5621 27 5.0
5622 124 5.0
5623 179 5.0
5624 178 5.0
5625 28 5.0
5626 2562 4.5
5627 290 5.0
5628 7 5.0
5629 124 5.0
5630 53 5.0
5631 101 5.0
5632 99 5.0
5633 84 5.0
5634 38 5.0
5635 2904 4.5
5636 14 5.0
5637 409 5.0
5638 27 5.0
5639 82 5.0
5640 124 5.0
5641 14 5.0
5642 3888 4.0
5643 37 5.0
5644 30 5.0
5645 59 5.0
5646 82 5.0
5647 82 5.0
5648 80 5.0
5649 283 5.0
5650 33 5.0
5651 106 5.0
5652 397 5.0
5653 573 5.0
5654 189 5.0
5655 63 5.0
5656 599 5.0
5657 72 5.0
5658 137 5.0
5659 85 5.0
5660 56 5.0
5661 82 5.0
5662 97 5.0
5663 80 5.0
5664 59 5.0
5665 35 5.0
5666 126 5.0
5667 14 5.0
5668 136 5.0
5669 17 5.0
5670 8 5.0
5671 6 5.0
5672 164 5.0
5673 8 5.0
5674 643 5.0
5675 831 5.0
5676 696 5.0
5677 46 5.0
5678 17 5.0
5679 30 5.0
5680 26 5.0
5681 756 5.0
5682 37 5.0
5683 124 5.0
5684 30 5.0
5685 2562 4.0
5686 40 5.0
5687 28 5.0
5688 2562 4.6
5689 35 5.0
5690 17 5.0
5691 37 5.0
5692 8 5.0
5693 18 5.0
5694 58 5.0
5695 7 5.0
5696 17 5.0
5697 462 5.0
5698 2562 5.0
5699 12 5.0
5700 85 5.0
5701 49 5.0
5702 28 5.0
5703 30 5.0
5704 124 5.0
5705 30 5.0
5706 68 5.0
5707 54 5.0
5708 94 5.0
5709 72 5.0
5710 199 5.0
5711 83 5.0
5712 18 5.0
5713 72 5.0
5714 156 5.0
5715 245 5.0
5716 652 5.0
5717 309 5.0
5718 81 5.0
5719 2630 5.0
5720 22 5.0
5721 309 5.0
5722 623 5.0
5723 82 5.0
5724 7 5.0
5725 167 5.0
5726 7 5.0
5727 28 5.0
5728 25 5.0
5729 157 5.0
5730 17 5.0
5731 37 5.0
5732 75 5.0
5733 30 5.0
5734 19 5.0
5735 23 5.0
5736 30 5.0
5737 2904 5.0
5738 13 5.0
5739 28 5.0
5740 25 5.0
5741 8 5.0
5742 3 5.0
5743 283 5.0
5744 106 5.0
5745 124 5.0
5746 1861 5.0
5747 33 5.0
5748 643 5.0
5749 28 5.0
5750 233 5.0
5751 698 5.0
5752 29 5.0
5753 2931 5.0
5754 1692 5.0
5755 32 5.0
5756 30 5.0
5757 28 5.0
5758 3335 5.0
5759 25 5.0
5760 462 5.0
5761 37 5.0
5762 3875 5.0
5763 30 5.0
5764 82 5.0
5765 119 5.0
5766 213 5.0
5767 8 5.0
5768 85 5.0
5769 56 5.0
5770 72 5.0
5771 70 5.0
5772 82 5.0
5773 28 5.0
5774 821 5.0
5775 1058 5.0
5776 43 5.0
5777 19 5.0
5778 3652 5.0
5779 623 5.0
5780 136 5.0
5781 55 5.0
5782 8 5.0
5783 36 5.0
5784 28 5.0
5785 283 5.0
5786 823 5.0
5787 309 5.0
5788 29 5.0
5789 84 5.0
5790 189 5.0
5791 439 5.0
5792 13 5.0
5793 28 5.0
5794 1039 5.0
5795 41 5.0
5796 4 5.0
5797 124 5.0
5798 17 5.0
5799 4 5.0
5800 97 5.0
5801 4 5.0
5802 77 5.0
5803 40 5.0
5804 14 5.0
5805 9 5.0
5806 18 5.0
5807 28 5.0
5808 124 5.0
5809 40 5.0
5810 309 5.0
5811 643 5.0
5812 72 5.0
5813 14 5.0
5814 43 5.0
5815 4 5.0
5816 3 5.0
5817 14 5.0
5818 12 5.0
5819 63 5.0
5820 118 5.0
5821 210 5.0
5822 14 5.0
5823 1360 5.0
5824 75 5.0
5825 776 5.0
5826 262 5.0
5827 13 4.0
5828 40 5.0
5829 28 5.0
5830 3609 4.3
5831 40 5.0
5832 80 5.0
5833 97 5.0
5834 3 5.0
5835 57 5.0
5836 615 5.0
5837 283 5.0
5838 3 5.0
5839 309 5.0
5840 304 5.0
5841 35 5.0
5842 1039 5.0
5843 80 5.0
5844 57 5.0
5845 7 5.0
5846 309 5.0
5847 722 5.0
5848 18 5.0
5849 245 4.0
5850 37 5.0
5851 756 5.0
5852 84 5.0
5853 645 5.0
5854 3 5.0
5855 14 5.0
5856 202 5.0
5857 56 5.0
5858 16 5.0
5859 175 5.0
5860 182 5.0
5861 28 5.0
5862 62 5.0
5863 44 5.0
5864 59 5.0
5865 16 5.0
5866 40 5.0
5867 40 5.0
5868 8 5.0
5869 14 5.0
5870 30 5.0
5871 1123 5.0
5872 7 5.0
5873 28 5.0
5874 29 5.0
5875 18 5.0
5876 57 5.0
5877 1002 5.0
5878 46 5.0
5879 1071 5.0
5880 309 5.0
5881 49 5.0
5882 183 5.0
5883 30 5.0
5884 8 5.0
5885 823 5.0
5886 273 5.0
5887 756 5.0
5888 30 5.0
5889 652 5.0
5890 82 5.0
5891 14 5.0
5892 583 5.0
5893 17 5.0
5894 64 5.0
5895 3823 4.6
5896 41 5.0
5897 26 5.0
5898 32 5.0
5899 722 5.0
5900 55 5.0
5901 125 5.0
5902 117 5.0
5903 136 5.0
5904 82 5.0
5905 28 5.0
5906 13 5.0
5907 82 5.0
5908 96 5.0
5909 189 5.0
5910 96 5.0
5911 75 5.0
5912 14 5.0
5913 83 5.0
5914 128 5.0
5915 3860 4.0
5916 28 5.0
5917 17 5.0
5918 35 5.0
5919 67 5.0
5920 90 5.0
5921 202 5.0
5922 12 5.0
5923 246 5.0
5924 72 5.0
5925 35 5.0
5926 304 5.0
5927 14 5.0
5928 17 5.0
5929 28 5.0
5930 56 5.0
5931 183 5.0
5932 4 5.0
5933 40 5.0
5934 1325 5.0
5935 3 5.0
5936 43 5.0
5937 189 5.0
5938 66 5.0
5939 128 5.0
5940 14 5.0
5941 72 5.0
5942 14 5.0
5943 57 5.0
5944 13 5.0
5945 128 5.0
5946 37 5.0
5947 336 5.0
5948 30 5.0
5949 2674 5.0
5950 37 5.0
5951 55 5.0
5952 96 5.0
5953 643 5.0
5954 1071 5.0
5955 2200 5.0
5956 80 5.0
5957 8 5.0
5958 244 5.0
5959 334 5.0
5960 124 5.0
5961 19 5.0
5962 238 5.0
5963 334 5.0
5964 14 5.0
5965 97 5.0
5966 14 5.0
5967 22 5.0
5968 57 5.0
5969 8 5.0
5970 124 5.0
5971 756 5.0
5972 3 5.0
5973 722 5.0
5974 33 5.0
5975 202 5.0
5976 18 5.0
5977 495 5.0
5978 82 5.0
5979 182 5.0
5980 126 5.0
5981 101 5.0
5982 8 5.0
5983 5 5.0
5984 238 5.0
5985 9 5.0
5986 14 5.0
5987 72 5.0
5988 29 5.0
5989 718 5.0
5990 57 5.0
5991 83 5.0
5992 25 5.0
5993 17 5.0
5994 128 5.0
5995 615 5.0
5996 49 5.0
5997 1901 5.0
5998 8 5.0
5999 3457 4.5
6000 1058 5.0
6001 128 5.0
6002 190 5.0
6003 78 5.0
6004 87 5.0
6005 167 5.0
6006 2611 5.0
6007 35 5.0
6008 30 5.0
6009 189 5.0
6010 72 5.0
6011 12 4.0
6012 37 5.0
6013 97 5.0
6014 55 5.0
6015 3880 5.0
6016 13 5.0
6017 59 5.0
6018 53 5.0
6019 2 5.0
6020 82 5.0
6021 17 5.0
6022 17 5.0
6023 82 5.0
6024 853 5.0
6025 27 5.0
6026 14 5.0
6027 72 5.0
6028 44 5.0
6029 25 5.0
6030 14 5.0
6031 18 5.0
6032 69 5.0
6033 17 5.0
6034 124 5.0
6035 858 4.3
6036 202 5.0
6037 84 5.0
6038 12 5.0
6039 756 5.0
Total memory usage: 1007.80 MB
Total time: 1660.6966 s
