1 3280 5.0
2 3233 5.0
3 3607 5.0
4 3172 5.0
5 3656 5.0
6 989 5.0
7 3172 5.0
8 3172 5.0
9 3656 5.0
10 2309 5.0
11 1830 5.0
12 687 5.0
13 2309 5.0
14 3607 5.0
15 130 5.0
16 3233 5.0
17 989 5.0
18 1830 5.0
19 2309 5.0
20 2309 5.0
21 3656 5.0
22 787 5.0
23 3656 5.0
24 1830 5.0
25 3233 5.0
26 3233 5.0
27 3172 5.0
28 787 5.0
29 3382 5.0
30 787 5.0
31 3280 5.0
32 2309 5.0
33 989 5.0
34 687 5.0
35 3656 5.0
36 1830 5.0
37 989 5.0
38 2309 5.0
39 989 5.0
40 687 5.0
41 3656 5.0
42 3656 5.0
43 2309 5.0
44 3382 5.0
45 2309 5.0
46 3280 5.0
47 3607 5.0
48 787 5.0
49 3607 5.0
50 3607 5.0
