1 3607 5.0
2 3233 5.0
3 1830 5.0
4 130 5.0
5 787 5.0
6 2309 5.0
7 3382 5.0
8 3172 5.0
9 3607 5.0
10 2309 5.0
11 2309 5.0
12 787 5.0
13 3656 5.0
14 130 5.0
15 3607 5.0
16 130 5.0
17 787 5.0
18 3382 5.0
19 3172 5.0
20 1830 5.0
21 3382 5.0
22 687 5.0
23 3656 5.0
24 2309 5.0
25 3656 5.0
26 1830 5.0
27 3382 5.0
28 130 5.0
29 3280 5.0
30 3382 5.0
31 3280 5.0
32 3172 5.0
33 3607 5.0
34 3382 5.0
35 2309 5.0
36 3656 5.0
37 130 5.0
38 787 5.0
39 2309 5.0
40 130 5.0
41 3607 5.0
42 3280 5.0
43 3233 5.0
44 2309 5.0
45 3172 5.0
46 3607 5.0
47 3280 5.0
48 687 5.0
49 130 5.0
50 2309 5.0
51 3607 5.0
52 3382 5.0
53 3280 5.0
54 787 5.0
55 3280 5.0
56 3656 5.0
57 3280 5.0
58 989 5.0
59 687 5.0
60 687 5.0
61 3656 5.0
62 3233 5.0
63 989 5.0
64 3382 5.0
65 989 5.0
66 3172 5.0
67 3607 5.0
68 3382 5.0
69 3607 5.0
70 3233 5.0
71 989 5.0
72 130 5.0
73 3656 5.0
74 3382 5.0
75 1830 5.0
76 687 5.0
77 989 5.0
78 3656 5.0
79 3280 5.0
80 3280 5.0
81 787 5.0
82 787 5.0
83 3607 5.0
84 3656 5.0
85 787 5.0
86 1830 5.0
87 1830 5.0
88 3172 5.0
89 1830 5.0
90 1830 5.0
91 3172 5.0
92 3382 5.0
93 3280 5.0
94 3656 5.0
95 787 5.0
96 2309 5.0
97 989 5.0
98 130 5.0
99 787 5.0
100 3656 5.0
101 3280 5.0
102 3607 5.0
103 3607 5.0
104 3280 5.0
105 3607 5.0
106 2309 5.0
107 787 5.0
108 3607 5.0
109 3233 5.0
110 130 5.0
111 787 5.0
112 2309 5.0
113 687 5.0
114 3172 5.0
115 989 5.0
116 787 5.0
117 3172 5.0
118 687 5.0
119 3656 5.0
120 787 5.0
121 1830 5.0
122 3172 5.0
123 3172 5.0
124 787 5.0
125 3280 5.0
126 3382 5.0
127 687 5.0
128 787 5.0
129 787 5.0
130 687 5.0
131 130 5.0
132 3280 5.0
133 1830 5.0
134 1830 5.0
135 3656 5.0
136 130 5.0
137 1830 5.0
138 3382 5.0
139 3280 5.0
140 130 5.0
141 787 5.0
142 3280 5.0
143 3382 5.0
144 3382 5.0
145 3382 5.0
146 1830 5.0
147 1830 5.0
148 130 5.0
149 687 5.0
150 2309 5.0
151 3233 5.0
152 3172 5.0
153 3382 5.0
154 687 5.0
155 3656 5.0
156 2309 5.0
157 3656 5.0
158 3382 5.0
159 687 5.0
160 3172 5.0
161 3280 5.0
162 2309 5.0
163 3172 5.0
164 989 5.0
165 3233 5.0
166 787 5.0
167 3233 5.0
168 687 5.0
169 3607 5.0
170 130 5.0
171 687 5.0
172 3382 5.0
173 3382 5.0
174 130 5.0
175 3172 5.0
176 3172 5.0
177 989 5.0
178 787 5.0
179 3382 5.0
180 3233 5.0
181 687 5.0
182 787 5.0
183 1830 5.0
184 3607 5.0
185 3172 5.0
186 3172 5.0
187 130 5.0
188 989 5.0
189 3656 5.0
190 130 5.0
191 3172 5.0
192 1830 5.0
193 1830 5.0
194 1830 5.0
195 787 5.0
196 2309 5.0
197 1830 5.0
198 3382 5.0
199 1830 5.0
200 2309 5.0
201 2309 5.0
202 3280 5.0
203 2309 5.0
204 787 5.0
205 989 5.0
206 2309 5.0
207 3656 5.0
208 3382 5.0
209 687 5.0
210 3607 5.0
211 3172 5.0
212 3656 5.0
213 3233 5.0
214 3172 5.0
215 2309 5.0
216 3280 5.0
217 3382 5.0
218 3172 5.0
219 2309 5.0
220 989 5.0
221 3607 5.0
222 3233 5.0
223 3172 5.0
224 3172 5.0
225 787 5.0
226 2309 5.0
227 3280 5.0
228 687 5.0
229 989 5.0
230 3233 5.0
231 787 5.0
232 3172 5.0
233 3280 5.0
234 1830 5.0
235 687 5.0
236 3172 5.0
237 2309 5.0
238 787 5.0
239 1830 5.0
240 989 5.0
241 2309 5.0
242 3656 5.0
243 130 5.0
244 787 5.0
245 3382 5.0
246 3233 5.0
247 130 5.0
248 2309 5.0
249 3656 5.0
250 3280 5.0
251 3280 5.0
252 3172 5.0
253 3233 5.0
254 3656 5.0
255 1830 5.0
256 2309 5.0
257 3233 5.0
258 3280 5.0
259 3233 5.0
260 3280 5.0
261 687 5.0
262 1830 5.0
263 989 5.0
264 3233 5.0
265 3172 5.0
266 687 5.0
267 3233 5.0
268 989 5.0
269 787 5.0
270 787 5.0
271 989 5.0
272 3233 5.0
273 3382 5.0
274 3280 5.0
275 1830 5.0
276 130 5.0
277 989 5.0
278 3233 5.0
279 3280 5.0
280 3172 5.0
281 130 5.0
282 1 nan
283 3607 5.0
284 687 5.0
285 3280 5.0
286 3172 5.0
287 787 5.0
288 130 5.0
289 3607 5.0
290 3172 5.0
291 3656 5.0
292 1830 5.0
293 3656 5.0
294 130 5.0
295 3233 5.0
296 3280 5.0
297 989 5.0
298 2309 5.0
299 3656 5.0
300 3233 5.0
301 989 5.0
302 3172 5.0
303 989 5.0
304 1830 5.0
305 130 5.0
306 787 5.0
307 1830 5.0
308 3607 5.0
309 3656 5.0
310 3656 5.0
311 3172 5.0
312 2309 5.0
313 2309 5.0
314 3233 5.0
315 3172 5.0
316 1830 5.0
317 687 5.0
318 3607 5.0
319 3280 5.0
320 130 5.0
321 130 5.0
322 3172 5.0
323 1830 5.0
324 3656 5.0
325 3607 5.0
326 3172 5.0
327 2309 5.0
328 1830 5.0
329 687 5.0
330 3607 5.0
331 1830 5.0
332 3607 5.0
333 989 5.0
334 787 5.0
335 989 5.0
336 130 5.0
337 3656 5.0
338 130 5.0
339 3280 5.0
340 3172 5.0
341 989 5.0
342 1830 5.0
343 687 5.0
344 3172 5.0
345 1830 5.0
346 3656 5.0
347 989 5.0
348 3656 5.0
349 3382 5.0
350 1830 5.0
351 687 5.0
352 3607 5.0
353 3382 5.0
354 130 5.0
355 989 5.0
356 3233 5.0
357 3233 5.0
358 3607 5.0
359 687 5.0
360 989 5.0
361 3656 5.0
362 2309 5.0
363 1830 5.0
364 3607 5.0
365 787 5.0
366 1830 5.0
367 3382 5.0
368 3172 5.0
369 2309 5.0
370 3233 5.0
371 3280 5.0
372 3656 5.0
373 3233 5.0
374 787 5.0
375 687 5.0
376 2309 5.0
377 130 5.0
378 3172 5.0
379 3172 5.0
380 989 5.0
381 1830 5.0
382 1830 5.0
383 3382 5.0
384 1830 5.0
385 2309 5.0
386 3607 5.0
387 3607 5.0
388 3382 5.0
389 3382 5.0
390 687 5.0
391 1830 5.0
392 687 5.0
393 687 5.0
394 3233 5.0
395 787 5.0
396 989 5.0
397 3172 5.0
398 3172 5.0
399 130 5.0
400 130 5.0
401 989 5.0
402 3233 5.0
403 3607 5.0
404 3607 5.0
405 3280 5.0
406 989 5.0
407 130 5.0
408 2309 5.0
409 989 5.0
410 787 5.0
411 787 5.0
412 2309 5.0
413 2309 5.0
414 989 5.0
415 687 5.0
416 2309 5.0
417 3656 5.0
418 3233 5.0
419 130 5.0
420 989 5.0
421 1830 5.0
422 3233 5.0
423 3280 5.0
424 3607 5.0
425 3382 5.0
426 3233 5.0
427 2309 5.0
428 3656 5.0
429 3382 5.0
430 3656 5.0
431 687 5.0
432 3172 5.0
433 989 5.0
434 3280 5.0
435 3382 5.0
436 3172 5.0
437 687 5.0
438 3172 5.0
439 3172 5.0
440 3172 5.0
441 130 5.0
442 3382 5.0
443 3280 5.0
444 3382 5.0
445 3607 5.0
446 989 5.0
447 3172 5.0
448 3607 5.0
449 3172 5.0
450 3172 5.0
451 3233 5.0
452 3656 5.0
453 687 5.0
454 3172 5.0
455 130 5.0
456 3656 5.0
457 130 5.0
458 3233 5.0
459 1830 5.0
460 989 5.0
461 3607 5.0
462 3172 5.0
463 989 5.0
464 2309 5.0
465 3233 5.0
466 3280 5.0
467 787 5.0
468 1830 5.0
469 687 5.0
470 3607 5.0
471 989 5.0
472 3280 5.0
473 3172 5.0
474 687 5.0
475 3233 5.0
476 3172 5.0
477 2309 5.0
478 3172 5.0
479 687 5.0
480 3172 5.0
481 130 5.0
482 3233 5.0
483 1830 5.0
484 687 5.0
485 787 5.0
486 1830 5.0
487 2309 5.0
488 3280 5.0
489 130 5.0
490 989 5.0
491 3607 5.0
492 989 5.0
493 3172 5.0
494 3607 5.0
495 3280 5.0
496 687 5.0
497 2309 5.0
498 3656 5.0
499 3172 5.0
500 1830 5.0
501 3172 5.0
502 3233 5.0
503 3280 5.0
504 3607 5.0
505 687 5.0
506 989 5.0
507 787 5.0
508 130 5.0
509 787 5.0
510 989 5.0
511 2309 5.0
512 1830 5.0
513 3607 5.0
514 130 5.0
515 3656 5.0
516 3172 5.0
517 787 5.0
518 989 5.0
519 130 5.0
520 2309 5.0
521 3172 5.0
522 3280 5.0
523 3607 5.0
524 2309 5.0
525 3172 5.0
526 3233 5.0
527 3607 5.0
528 989 5.0
529 3382 5.0
530 3172 5.0
531 687 5.0
532 130 5.0
533 989 5.0
534 787 5.0
535 989 5.0
536 3382 5.0
537 2309 5.0
538 3382 5.0
539 130 5.0
540 3607 5.0
541 130 5.0
542 687 5.0
543 687 5.0
544 989 5.0
545 1830 5.0
546 989 5.0
547 2309 5.0
548 3656 5.0
549 2309 5.0
550 989 5.0
551 3280 5.0
552 3382 5.0
553 3233 5.0
554 687 5.0
555 2309 5.0
556 2309 5.0
557 3382 5.0
558 3280 5.0
559 787 5.0
560 3656 5.0
561 687 5.0
562 3280 5.0
563 989 5.0
564 3280 5.0
565 787 5.0
566 3233 5.0
567 3382 5.0
568 989 5.0
569 1830 5.0
570 2309 5.0
571 3607 5.0
572 1830 5.0
573 3656 5.0
574 3607 5.0
575 989 5.0
576 687 5.0
577 130 5.0
578 3172 5.0
579 3382 5.0
580 2309 5.0
581 3280 5.0
582 2309 5.0
583 787 5.0
584 3280 5.0
585 2309 5.0
586 3607 5.0
587 2309 5.0
588 989 5.0
589 1830 5.0
590 3382 5.0
591 3280 5.0
592 1830 5.0
593 3656 5.0
594 3172 5.0
595 3382 5.0
596 787 5.0
597 2309 5.0
598 3382 5.0
599 130 5.0
600 130 5.0
601 3607 5.0
602 1830 5.0
603 787 5.0
604 2309 5.0
605 3172 5.0
606 1830 5.0
607 3233 5.0
608 130 5.0
609 1830 5.0
610 989 5.0
611 787 5.0
612 787 5.0
613 3233 5.0
614 989 5.0
615 989 5.0
616 3172 5.0
617 3233 5.0
618 687 5.0
619 2309 5.0
620 3172 5.0
621 3280 5.0
622 3172 5.0
623 3607 5.0
624 3382 5.0
625 989 5.0
626 130 5.0
627 687 5.0
628 3382 5.0
629 787 5.0
630 687 5.0
631 130 5.0
632 3656 5.0
633 3382 5.0
634 687 5.0
635 687 5.0
636 3382 5.0
637 3607 5.0
638 130 5.0
639 1830 5.0
640 3382 5.0
641 3382 5.0
642 989 5.0
643 3607 5.0
644 2309 5.0
645 3172 5.0
646 3172 5.0
647 130 5.0
648 3233 5.0
649 1830 5.0
650 3607 5.0
651 1830 5.0
652 3233 5.0
653 989 5.0
654 3233 5.0
655 130 5.0
656 989 5.0
657 3280 5.0
658 1830 5.0
659 130 5.0
660 3607 5.0
661 687 5.0
662 3172 5.0
663 3607 5.0
664 3607 5.0
665 130 5.0
666 3172 5.0
667 989 5.0
668 3233 5.0
669 3656 5.0
670 3607 5.0
671 1830 5.0
672 3233 5.0
673 3233 5.0
674 3280 5.0
675 3233 5.0
676 3280 5.0
677 3233 5.0
678 3233 5.0
679 3233 5.0
680 687 5.0
681 2309 5.0
682 1830 5.0
683 3233 5.0
684 3607 5.0
685 1830 5.0
686 1830 5.0
687 1830 5.0
688 989 5.0
689 787 5.0
690 1830 5.0
691 3656 5.0
692 787 5.0
693 687 5.0
694 1830 5.0
695 2309 5.0
696 3280 5.0
697 1830 5.0
698 3607 5.0
699 787 5.0
700 130 5.0
701 3607 5.0
702 687 5.0
703 3233 5.0
704 3172 5.0
705 130 5.0
706 130 5.0
707 130 5.0
708 3382 5.0
709 787 5.0
710 3172 5.0
711 3172 5.0
712 989 5.0
713 1830 5.0
714 3172 5.0
715 3280 5.0
716 130 5.0
717 787 5.0
718 3607 5.0
719 3172 5.0
720 3382 5.0
721 3656 5.0
722 1830 5.0
723 1830 5.0
724 1830 5.0
725 3172 5.0
726 989 5.0
727 2309 5.0
728 130 5.0
729 3280 5.0
730 3280 5.0
731 787 5.0
732 687 5.0
733 989 5.0
734 130 5.0
735 3607 5.0
736 2309 5.0
737 3233 5.0
738 687 5.0
739 787 5.0
740 1830 5.0
741 1830 5.0
742 989 5.0
743 1830 5.0
744 1830 5.0
745 130 5.0
746 3656 5.0
747 2309 5.0
748 3172 5.0
749 3656 5.0
750 989 5.0
751 3233 5.0
752 989 5.0
753 3382 5.0
754 3172 5.0
755 787 5.0
756 3280 5.0
757 3382 5.0
758 3280 5.0
759 3656 5.0
760 130 5.0
761 989 5.0
762 989 5.0
763 989 5.0
764 3656 5.0
765 1830 5.0
766 687 5.0
767 787 5.0
768 687 5.0
769 130 5.0
770 3656 5.0
771 3233 5.0
772 3382 5.0
773 3607 5.0
774 1830 5.0
775 3607 5.0
776 3382 5.0
777 787 5.0
778 3233 5.0
779 3607 5.0
780 687 5.0
781 3656 5.0
782 687 5.0
783 3172 5.0
784 130 5.0
785 787 5.0
786 130 5.0
787 3607 5.0
788 687 5.0
789 130 5.0
790 3233 5.0
791 3382 5.0
792 3382 5.0
793 3382 5.0
794 1830 5.0
795 2309 5.0
796 130 5.0
797 3607 5.0
798 989 5.0
799 130 5.0
800 3233 5.0
801 989 5.0
802 3382 5.0
803 3656 5.0
804 2309 5.0
805 3280 5.0
806 989 5.0
807 787 5.0
808 787 5.0
809 787 5.0
810 989 5.0
811 3382 5.0
812 3233 5.0
813 3233 5.0
814 3656 5.0
815 2309 5.0
816 787 5.0
817 3280 5.0
818 3280 5.0
819 3607 5.0
820 3172 5.0
821 1830 5.0
822 3656 5.0
823 787 5.0
824 3233 5.0
825 2309 5.0
826 3656 5.0
827 687 5.0
828 3233 5.0
829 787 5.0
830 989 5.0
831 3280 5.0
832 3233 5.0
833 3607 5.0
834 3280 5.0
835 3233 5.0
836 989 5.0
837 989 5.0
838 3656 5.0
839 989 5.0
840 989 5.0
841 3607 5.0
842 687 5.0
843 787 5.0
844 3607 5.0
845 3233 5.0
846 787 5.0
847 787 5.0
848 3382 5.0
849 787 5.0
850 3280 5.0
851 989 5.0
852 787 5.0
853 130 5.0
854 3280 5.0
855 3233 5.0
856 3382 5.0
857 3172 5.0
858 3280 5.0
859 3607 5.0
860 3233 5.0
861 687 5.0
862 3172 5.0
863 2309 5.0
864 130 5.0
865 3382 5.0
866 3280 5.0
867 989 5.0
868 1830 5.0
869 989 5.0
870 3382 5.0
871 3172 5.0
872 3172 5.0
873 3607 5.0
874 687 5.0
875 1830 5.0
876 3172 5.0
877 3607 5.0
878 2309 5.0
879 3172 5.0
880 3607 5.0
881 3382 5.0
882 3172 5.0
883 3607 5.0
884 3280 5.0
885 1830 5.0
886 687 5.0
887 3607 5.0
888 787 5.0
889 2309 5.0
890 687 5.0
891 687 5.0
892 3607 5.0
893 130 5.0
894 1830 5.0
895 3607 5.0
896 787 5.0
897 2309 5.0
898 3172 5.0
899 687 5.0
900 687 5.0
901 3233 5.0
902 787 5.0
903 3382 5.0
904 3233 5.0
905 787 5.0
906 2309 5.0
907 130 5.0
908 687 5.0
909 989 5.0
910 787 5.0
911 3172 5.0
912 3382 5.0
913 3233 5.0
914 3172 5.0
915 3172 5.0
916 687 5.0
917 3233 5.0
918 3382 5.0
919 787 5.0
920 1830 5.0
921 3172 5.0
922 1830 5.0
923 1830 5.0
924 2309 5.0
925 3233 5.0
926 3172 5.0
927 3607 5.0
928 1830 5.0
929 989 5.0
930 3382 5.0
931 787 5.0
932 787 5.0
933 3607 5.0
934 2309 5.0
935 130 5.0
936 687 5.0
937 130 5.0
938 3607 5.0
939 1830 5.0
940 3607 5.0
941 989 5.0
942 687 5.0
943 130 5.0
944 3233 5.0
945 3382 5.0
946 130 5.0
947 3280 5.0
948 3172 5.0
949 687 5.0
950 3656 5.0
951 1830 5.0
952 3233 5.0
953 2309 5.0
954 3233 5.0
955 3172 5.0
956 3382 5.0
957 989 5.0
958 2309 5.0
959 989 5.0
960 2309 5.0
961 3233 5.0
962 3172 5.0
963 989 5.0
964 787 5.0
965 687 5.0
966 3172 5.0
967 989 5.0
968 3280 5.0
969 130 5.0
970 3607 5.0
971 3607 5.0
972 1830 5.0
973 787 5.0
974 787 5.0
975 3233 5.0
976 2309 5.0
977 130 5.0
978 3233 5.0
979 3607 5.0
980 3607 5.0
981 687 5.0
982 3280 5.0
983 3607 5.0
984 3172 5.0
985 3382 5.0
986 3280 5.0
987 3382 5.0
988 3382 5.0
989 3656 5.0
990 787 5.0
991 3233 5.0
992 687 5.0
993 3382 5.0
994 3382 5.0
995 2309 5.0
996 1830 5.0
997 687 5.0
998 3656 5.0
999 3656 5.0
1000 3233 5.0
1001 3656 5.0
1002 3280 5.0
1003 1830 5.0
1004 3607 5.0
1005 3382 5.0
1006 2309 5.0
1007 3656 5.0
1008 3607 5.0
1009 989 5.0
1010 3280 5.0
1011 687 5.0
1012 3607 5.0
1013 3382 5.0
1014 2309 5.0
1015 3382 5.0
1016 989 5.0
1017 3656 5.0
1018 3656 5.0
1019 687 5.0
1020 787 5.0
1021 3656 5.0
1022 3382 5.0
1023 3233 5.0
1024 3172 5.0
1025 3233 5.0
1026 3280 5.0
1027 3172 5.0
1028 2309 5.0
1029 687 5.0
1030 1830 5.0
1031 3607 5.0
1032 3172 5.0
1033 3607 5.0
1034 3656 5.0
1035 3233 5.0
1036 3607 5.0
1037 130 5.0
1038 787 5.0
1039 3280 5.0
1040 3280 5.0
1041 3172 5.0
1042 989 5.0
1043 687 5.0
1044 3280 5.0
1045 687 5.0
1046 989 5.0
1047 687 5.0
1048 3607 5.0
1049 3233 5.0
1050 3233 5.0
1051 3172 5.0
1052 3172 5.0
1053 1830 5.0
1054 3382 5.0
1055 787 5.0
1056 3607 5.0
1057 787 5.0
1058 3607 5.0
1059 3233 5.0
1060 3607 5.0
1061 2309 5.0
1062 3233 5.0
1063 3382 5.0
1064 687 5.0
1065 3607 5.0
1066 3233 5.0
1067 130 5.0
1068 787 5.0
1069 2309 5.0
1070 3607 5.0
1071 3607 5.0
1072 3607 5.0
1073 687 5.0
1074 3382 5.0
1075 3280 5.0
1076 3233 5.0
1077 989 5.0
1078 1830 5.0
1079 3607 5.0
1080 3607 5.0
1081 3233 5.0
1082 3172 5.0
1083 3656 5.0
1084 3607 5.0
1085 3280 5.0
1086 3233 5.0
1087 989 5.0
1088 3656 5.0
1089 989 5.0
1090 3233 5.0
1091 3233 5.0
1092 687 5.0
1093 3607 5.0
1094 3656 5.0
1095 3233 5.0
1096 989 5.0
1097 3656 5.0
1098 130 5.0
1099 3656 5.0
1100 2309 5.0
1101 2309 5.0
1102 3607 5.0
1103 3382 5.0
1104 3172 5.0
1105 3607 5.0
1106 3233 5.0
1107 2309 5.0
1108 3382 5.0
1109 3172 5.0
1110 3607 5.0
1111 989 5.0
1112 3280 5.0
1113 3233 5.0
1114 2309 5.0
1115 3233 5.0
1116 3280 5.0
1117 989 5.0
1118 3280 5.0
1119 130 5.0
1120 2309 5.0
1121 3656 5.0
1122 687 5.0
1123 687 5.0
1124 787 5.0
1125 787 5.0
1126 1830 5.0
1127 3656 5.0
1128 130 5.0
1129 989 5.0
1130 2309 5.0
1131 2309 5.0
1132 2309 5.0
1133 687 5.0
1134 3280 5.0
1135 3607 5.0
1136 989 5.0
1137 3233 5.0
1138 3382 5.0
1139 687 5.0
1140 3607 5.0
1141 3172 5.0
1142 3382 5.0
1143 3607 5.0
1144 787 5.0
1145 787 5.0
1146 2309 5.0
1147 989 5.0
1148 3607 5.0
1149 1830 5.0
1150 1830 5.0
1151 687 5.0
1152 2309 5.0
1153 3382 5.0
1154 989 5.0
1155 1830 5.0
1156 2309 5.0
1157 130 5.0
1158 2309 5.0
1159 3656 5.0
1160 787 5.0
1161 3382 5.0
1162 787 5.0
1163 3656 5.0
1164 2309 5.0
1165 130 5.0
1166 3233 5.0
1167 3280 5.0
1168 3607 5.0
1169 787 5.0
1170 3233 5.0
1171 787 5.0
1172 787 5.0
1173 3233 5.0
1174 3233 5.0
1175 130 5.0
1176 3656 5.0
1177 3233 5.0
1178 3382 5.0
1179 1830 5.0
1180 3280 5.0
1181 3382 5.0
1182 130 5.0
1183 2309 5.0
1184 2309 5.0
1185 989 5.0
1186 989 5.0
1187 687 5.0
1188 3382 5.0
1189 787 5.0
1190 3607 5.0
1191 130 5.0
1192 687 5.0
1193 3233 5.0
1194 787 5.0
1195 3233 5.0
1196 687 5.0
1197 3280 5.0
1198 3607 5.0
1199 3382 5.0
1200 3172 5.0
1201 130 5.0
1202 787 5.0
1203 2309 5.0
1204 1830 5.0
1205 2309 5.0
1206 787 5.0
1207 3172 5.0
1208 130 5.0
1209 2309 5.0
1210 3382 5.0
1211 3172 5.0
1212 3656 5.0
1213 3656 5.0
1214 3382 5.0
1215 3233 5.0
1216 687 5.0
1217 989 5.0
1218 2309 5.0
1219 3382 5.0
1220 3233 5.0
1221 787 5.0
1222 2309 5.0
1223 989 5.0
1224 989 5.0
1225 3280 5.0
1226 2309 5.0
1227 687 5.0
1228 989 5.0
1229 3607 5.0
1230 3172 5.0
1231 2309 5.0
1232 787 5.0
1233 1830 5.0
1234 787 5.0
1235 1830 5.0
1236 3382 5.0
1237 687 5.0
1238 1830 5.0
1239 3233 5.0
1240 2309 5.0
1241 3172 5.0
1242 130 5.0
1243 787 5.0
1244 1830 5.0
1245 3172 5.0
1246 3656 5.0
1247 3233 5.0
1248 1830 5.0
1249 3233 5.0
1250 787 5.0
1251 3280 5.0
1252 1830 5.0
1253 3172 5.0
1254 3656 5.0
1255 1830 5.0
1256 3607 5.0
1257 989 5.0
1258 2309 5.0
1259 3172 5.0
1260 1830 5.0
1261 3233 5.0
1262 989 5.0
1263 787 5.0
1264 989 5.0
1265 3607 5.0
1266 687 5.0
1267 3233 5.0
1268 3172 5.0
1269 3656 5.0
1270 3607 5.0
1271 787 5.0
1272 3382 5.0
1273 3382 5.0
1274 3172 5.0
1275 130 5.0
1276 687 5.0
1277 3172 5.0
1278 3382 5.0
1279 1830 5.0
1280 2309 5.0
1281 787 5.0
1282 3656 5.0
1283 687 5.0
1284 687 5.0
1285 3172 5.0
1286 787 5.0
1287 687 5.0
1288 2309 5.0
1289 787 5.0
1290 3233 5.0
1291 787 5.0
1292 989 5.0
1293 3280 5.0
1294 3233 5.0
1295 3656 5.0
1296 3233 5.0
1297 687 5.0
1298 3172 5.0
1299 989 5.0
1300 3172 5.0
1301 3656 5.0
1302 3607 5.0
1303 2309 5.0
1304 3172 5.0
1305 989 5.0
1306 687 5.0
1307 1830 5.0
1308 3280 5.0
1309 989 5.0
1310 3382 5.0
1311 3233 5.0
1312 3233 5.0
1313 989 5.0
1314 1830 5.0
1315 787 5.0
1316 3280 5.0
1317 2309 5.0
1318 3172 5.0
1319 3607 5.0
1320 3382 5.0
1321 130 5.0
1322 3656 5.0
1323 2309 5.0
1324 130 5.0
1325 3607 5.0
1326 3280 5.0
1327 787 5.0
1328 989 5.0
1329 787 5.0
1330 3233 5.0
1331 687 5.0
1332 2309 5.0
1333 1830 5.0
1334 3607 5.0
1335 3607 5.0
1336 3656 5.0
1337 787 5.0
1338 989 5.0
1339 687 5.0
1340 787 5.0
1341 3607 5.0
1342 3382 5.0
1343 130 5.0
1344 3172 5.0
1345 3656 5.0
1346 989 5.0
1347 1830 5.0
1348 989 5.0
1349 2309 5.0
1350 3233 5.0
1351 787 5.0
1352 3172 5.0
1353 2309 5.0
1354 989 5.0
1355 3233 5.0
1356 130 5.0
1357 3172 5.0
1358 3280 5.0
1359 1830 5.0
1360 1830 5.0
1361 2309 5.0
1362 1830 5.0
1363 130 5.0
1364 130 5.0
1365 1830 5.0
1366 1830 5.0
1367 3656 5.0
1368 3382 5.0
1369 2309 5.0
1370 3172 5.0
1371 3280 5.0
1372 989 5.0
1373 3233 5.0
1374 3280 5.0
1375 687 5.0
1376 989 5.0
1377 3172 5.0
1378 130 5.0
1379 687 5.0
1380 130 5.0
1381 3382 5.0
1382 787 5.0
1383 3656 5.0
1384 3607 5.0
1385 2309 5.0
1386 3172 5.0
1387 3280 5.0
1388 3233 5.0
1389 3233 5.0
1390 3607 5.0
1391 3233 5.0
1392 1830 5.0
1393 3607 5.0
1394 3172 5.0
1395 3172 5.0
1396 3382 5.0
1397 1830 5.0
1398 3280 5.0
1399 3607 5.0
1400 3382 5.0
1401 3280 5.0
1402 1830 5.0
1403 989 5.0
1404 3172 5.0
1405 989 5.0
1406 130 5.0
1407 3233 5.0
1408 3280 5.0
1409 3172 5.0
1410 1830 5.0
1411 2309 5.0
1412 989 5.0
1413 3656 5.0
1414 3656 5.0
1415 3382 5.0
1416 687 5.0
1417 3233 5.0
1418 3233 5.0
1419 3607 5.0
1420 3382 5.0
1421 3233 5.0
1422 3280 5.0
1423 3656 5.0
1424 3233 5.0
1425 3172 5.0
1426 3607 5.0
1427 3607 5.0
1428 1830 5.0
1429 787 5.0
1430 1830 5.0
1431 1830 5.0
1432 787 5.0
1433 787 5.0
1434 989 5.0
1435 3233 5.0
1436 687 5.0
1437 3172 5.0
1438 3280 5.0
1439 2309 5.0
1440 130 5.0
1441 3607 5.0
1442 3656 5.0
1443 1830 5.0
1444 687 5.0
1445 3280 5.0
1446 3172 5.0
1447 3382 5.0
1448 3172 5.0
1449 1830 5.0
1450 1830 5.0
1451 3233 5.0
1452 3280 5.0
1453 989 5.0
1454 687 5.0
1455 3233 5.0
1456 3382 5.0
1457 989 5.0
1458 3172 5.0
1459 3172 5.0
1460 3382 5.0
1461 3382 5.0
1462 3607 5.0
1463 787 5.0
1464 3172 5.0
1465 1830 5.0
1466 3382 5.0
1467 687 5.0
1468 687 5.0
1469 3233 5.0
1470 989 5.0
1471 130 5.0
1472 3382 5.0
1473 2309 5.0
1474 3280 5.0
1475 989 5.0
1476 2309 5.0
1477 989 5.0
1478 3233 5.0
1479 1830 5.0
1480 2309 5.0
1481 1830 5.0
1482 130 5.0
1483 3656 5.0
1484 1830 5.0
1485 3233 5.0
1486 3172 5.0
1487 3382 5.0
1488 130 5.0
1489 787 5.0
1490 787 5.0
1491 3233 5.0
1492 3280 5.0
1493 3382 5.0
1494 3656 5.0
1495 1830 5.0
1496 687 5.0
1497 3382 5.0
1498 3280 5.0
1499 3233 5.0
1500 3233 5.0
1501 3656 5.0
1502 3382 5.0
1503 3607 5.0
1504 787 5.0
1505 2309 5.0
1506 3172 5.0
1507 3607 5.0
1508 3656 5.0
1509 1830 5.0
1510 687 5.0
1511 687 5.0
1512 3656 5.0
1513 3233 5.0
1514 3607 5.0
1515 3656 5.0
1516 787 5.0
1517 3172 5.0
1518 3172 5.0
1519 130 5.0
1520 2309 5.0
1521 3382 5.0
1522 687 5.0
1523 989 5.0
1524 3233 5.0
1525 3280 5.0
1526 2309 5.0
1527 3382 5.0
1528 687 5.0
1529 1830 5.0
1530 3233 5.0
1531 989 5.0
1532 687 5.0
1533 3233 5.0
1534 989 5.0
1535 3172 5.0
1536 1830 5.0
1537 687 5.0
1538 1830 5.0
1539 687 5.0
1540 3280 5.0
1541 3233 5.0
1542 3280 5.0
1543 1830 5.0
1544 3280 5.0
1545 3172 5.0
1546 3172 5.0
1547 2309 5.0
1548 989 5.0
1549 3656 5.0
1550 3280 5.0
1551 3172 5.0
1552 3233 5.0
1553 1830 5.0
1554 3280 5.0
1555 2309 5.0
1556 1830 5.0
1557 3280 5.0
1558 787 5.0
1559 2309 5.0
1560 989 5.0
1561 3172 5.0
1562 687 5.0
1563 1830 5.0
1564 1830 5.0
1565 787 5.0
1566 3382 5.0
1567 130 5.0
1568 3172 5.0
1569 989 5.0
1570 3382 5.0
1571 687 5.0
1572 3172 5.0
1573 1830 5.0
1574 687 5.0
1575 3656 5.0
1576 3280 5.0
1577 3280 5.0
1578 3607 5.0
1579 787 5.0
1580 2309 5.0
1581 3172 5.0
1582 3607 5.0
1583 3280 5.0
1584 3656 5.0
1585 989 5.0
1586 3607 5.0
1587 3656 5.0
1588 3607 5.0
1589 3382 5.0
1590 3656 5.0
1591 3656 5.0
1592 787 5.0
1593 3280 5.0
1594 989 5.0
1595 1830 5.0
1596 3233 5.0
1597 3280 5.0
1598 3607 5.0
1599 687 5.0
1600 687 5.0
1601 989 5.0
1602 3656 5.0
1603 3607 5.0
1604 3172 5.0
1605 787 5.0
1606 3656 5.0
1607 3656 5.0
1608 3172 5.0
1609 3656 5.0
1610 3233 5.0
1611 3382 5.0
1612 3172 5.0
1613 3280 5.0
1614 989 5.0
1615 989 5.0
1616 3172 5.0
1617 130 5.0
1618 3607 5.0
1619 3172 5.0
1620 687 5.0
1621 1830 5.0
1622 130 5.0
1623 2309 5.0
1624 1830 5.0
1625 130 5.0
1626 130 5.0
1627 3280 5.0
1628 130 5.0
1629 787 5.0
1630 3233 5.0
1631 787 5.0
1632 787 5.0
1633 687 5.0
1634 3382 5.0
1635 787 5.0
1636 3382 5.0
1637 130 5.0
1638 787 5.0
1639 130 5.0
1640 1830 5.0
1641 2309 5.0
1642 989 5.0
1643 1830 5.0
1644 3233 5.0
1645 2309 5.0
1646 3607 5.0
1647 2309 5.0
1648 3172 5.0
1649 3172 5.0
1650 787 5.0
1651 1830 5.0
1652 3607 5.0
1653 687 5.0
1654 989 5.0
1655 3607 5.0
1656 1830 5.0
1657 2309 5.0
1658 1830 5.0
1659 1830 5.0
1660 787 5.0
1661 3172 5.0
1662 3607 5.0
1663 989 5.0
1664 3382 5.0
1665 687 5.0
1666 989 5.0
1667 3656 5.0
1668 2309 5.0
1669 3607 5.0
1670 989 5.0
1671 2309 5.0
1672 2309 5.0
1673 2309 5.0
1674 787 5.0
1675 687 5.0
1676 3607 5.0
1677 2309 5.0
1678 989 5.0
1679 3656 5.0
1680 3656 5.0
1681 130 5.0
1682 2309 5.0
1683 3172 5.0
1684 3656 5.0
1685 3607 5.0
1686 3172 5.0
1687 1830 5.0
1688 3233 5.0
1689 3382 5.0
1690 3280 5.0
1691 2309 5.0
1692 787 5.0
1693 1830 5.0
1694 3172 5.0
1695 3656 5.0
1696 787 5.0
1697 1830 5.0
1698 2309 5.0
1699 3382 5.0
1700 3172 5.0
1701 3233 5.0
1702 130 5.0
1703 3280 5.0
1704 3233 5.0
1705 787 5.0
1706 3656 5.0
1707 130 5.0
1708 3382 5.0
1709 687 5.0
1710 3280 5.0
1711 989 5.0
1712 687 5.0
1713 2309 5.0
1714 787 5.0
1715 130 5.0
1716 2309 5.0
1717 3280 5.0
1718 989 5.0
1719 3280 5.0
1720 3172 5.0
1721 989 5.0
1722 3172 5.0
1723 3607 5.0
1724 130 5.0
1725 2309 5.0
1726 687 5.0
1727 3233 5.0
1728 787 5.0
1729 3607 5.0
1730 3280 5.0
1731 3233 5.0
1732 3233 5.0
1733 2309 5.0
1734 3607 5.0
1735 3172 5.0
1736 3280 5.0
1737 3656 5.0
1738 3233 5.0
1739 3172 5.0
1740 1830 5.0
1741 787 5.0
1742 1830 5.0
1743 3382 5.0
1744 3172 5.0
1745 3280 5.0
1746 3172 5.0
1747 687 5.0
1748 1830 5.0
1749 3656 5.0
1750 3382 5.0
1751 3280 5.0
1752 1830 5.0
1753 3382 5.0
1754 2309 5.0
1755 3172 5.0
1756 3607 5.0
1757 989 5.0
1758 787 5.0
1759 989 5.0
1760 3233 5.0
1761 3607 5.0
1762 130 5.0
1763 3656 5.0
1764 3607 5.0
1765 3607 5.0
1766 3656 5.0
1767 687 5.0
1768 3382 5.0
1769 130 5.0
1770 3607 5.0
1771 3656 5.0
1772 130 5.0
1773 2309 5.0
1774 3172 5.0
1775 130 5.0
1776 3656 5.0
1777 3233 5.0
1778 787 5.0
1779 1830 5.0
1780 2309 5.0
1781 3280 5.0
1782 687 5.0
1783 3656 5.0
1784 989 5.0
1785 1830 5.0
1786 1830 5.0
1787 3607 5.0
1788 3233 5.0
1789 3607 5.0
1790 3280 5.0
1791 3382 5.0
1792 1830 5.0
1793 787 5.0
1794 3233 5.0
1795 1830 5.0
1796 3280 5.0
1797 3233 5.0
1798 3172 5.0
1799 1830 5.0
1800 3172 5.0
1801 3233 5.0
1802 787 5.0
1803 130 5.0
1804 2309 5.0
1805 3607 5.0
1806 3233 5.0
1807 3280 5.0
1808 3382 5.0
1809 3382 5.0
1810 130 5.0
1811 687 5.0
1812 130 5.0
1813 687 5.0
1814 130 5.0
1815 3233 5.0
1816 130 5.0
1817 130 5.0
1818 787 5.0
1819 687 5.0
1820 787 5.0
1821 3280 5.0
1822 1830 5.0
1823 687 5.0
1824 130 5.0
1825 3172 5.0
1826 1830 5.0
1827 3233 5.0
1828 3172 5.0
1829 3607 5.0
1830 2309 5.0
1831 3172 5.0
1832 3656 5.0
1833 3233 5.0
1834 3280 5.0
1835 3172 5.0
1836 3280 5.0
1837 2309 5.0
1838 1830 5.0
1839 3280 5.0
1840 3607 5.0
1841 989 5.0
1842 687 5.0
1843 3233 5.0
1844 3656 5.0
1845 787 5.0
1846 3607 5.0
1847 3607 5.0
1848 1830 5.0
1849 2309 5.0
1850 3280 5.0
1851 989 5.0
1852 989 5.0
1853 2309 5.0
1854 2309 5.0
1855 1830 5.0
1856 2309 5.0
1857 3172 5.0
1858 3656 5.0
1859 2309 5.0
1860 989 5.0
1861 3607 5.0
1862 787 5.0
1863 687 5.0
1864 1830 5.0
1865 989 5.0
1866 989 5.0
1867 3172 5.0
1868 989 5.0
1869 3656 5.0
1870 3656 5.0
1871 3172 5.0
1872 3172 5.0
1873 787 5.0
1874 989 5.0
1875 130 5.0
1876 1830 5.0
1877 3280 5.0
1878 989 5.0
1879 787 5.0
1880 3280 5.0
1881 130 5.0
1882 3656 5.0
1883 3172 5.0
1884 130 5.0
1885 3607 5.0
1886 3607 5.0
1887 3172 5.0
1888 1830 5.0
1889 3382 5.0
1890 3233 5.0
1891 3382 5.0
1892 3382 5.0
1893 130 5.0
1894 3382 5.0
1895 989 5.0
1896 989 5.0
1897 3280 5.0
1898 3382 5.0
1899 3656 5.0
1900 787 5.0
1901 3233 5.0
1902 787 5.0
1903 687 5.0
1904 2309 5.0
1905 3280 5.0
1906 3172 5.0
1907 687 5.0
1908 3382 5.0
1909 787 5.0
1910 3607 5.0
1911 3280 5.0
1912 3233 5.0
1913 130 5.0
1914 2309 5.0
1915 989 5.0
1916 130 5.0
1917 3607 5.0
1918 3280 5.0
1919 989 5.0
1920 989 5.0
1921 3172 5.0
1922 3233 5.0
1923 3382 5.0
1924 989 5.0
1925 3172 5.0
1926 130 5.0
1927 687 5.0
1928 787 5.0
1929 3382 5.0
1930 989 5.0
1931 787 5.0
1932 2309 5.0
1933 3656 5.0
1934 687 5.0
1935 3607 5.0
1936 3382 5.0
1937 3280 5.0
1938 3280 5.0
1939 3233 5.0
1940 1830 5.0
1941 989 5.0
1942 3233 5.0
1943 2309 5.0
1944 3233 5.0
1945 1830 5.0
1946 989 5.0
1947 1830 5.0
1948 1830 5.0
1949 3172 5.0
1950 3172 5.0
1951 3382 5.0
1952 3280 5.0
1953 787 5.0
1954 687 5.0
1955 3280 5.0
1956 3607 5.0
1957 3172 5.0
1958 1830 5.0
1959 687 5.0
1960 687 5.0
1961 687 5.0
1962 3172 5.0
1963 3172 5.0
1964 130 5.0
1965 3382 5.0
1966 989 5.0
1967 3382 5.0
1968 3172 5.0
1969 3382 5.0
1970 3656 5.0
1971 3172 5.0
1972 130 5.0
1973 2309 5.0
1974 3233 5.0
1975 1830 5.0
1976 3607 5.0
1977 1830 5.0
1978 1830 5.0
1979 3233 5.0
1980 3656 5.0
1981 3382 5.0
1982 3607 5.0
1983 687 5.0
1984 3172 5.0
1985 3382 5.0
1986 3233 5.0
1987 3382 5.0
1988 3233 5.0
1989 989 5.0
1990 989 5.0
1991 3172 5.0
1992 3280 5.0
1993 2309 5.0
1994 3233 5.0
1995 687 5.0
1996 1830 5.0
1997 687 5.0
1998 3233 5.0
1999 3656 5.0
2000 1830 5.0
2001 1830 5.0
2002 787 5.0
2003 687 5.0
2004 687 5.0
2005 989 5.0
2006 787 5.0
2007 787 5.0
2008 3233 5.0
2009 3607 5.0
2010 3656 5.0
2011 3233 5.0
2012 3172 5.0
2013 3382 5.0
2014 3607 5.0
2015 787 5.0
2016 3172 5.0
2017 3172 5.0
2018 1830 5.0
2019 3656 5.0
2020 3233 5.0
2021 130 5.0
2022 3656 5.0
2023 687 5.0
2024 3233 5.0
2025 3280 5.0
2026 687 5.0
2027 787 5.0
2028 3172 5.0
2029 130 5.0
2030 3607 5.0
2031 1830 5.0
2032 787 5.0
2033 3656 5.0
2034 687 5.0
2035 3382 5.0
2036 2309 5.0
2037 2309 5.0
2038 3280 5.0
2039 2309 5.0
2040 130 5.0
2041 1830 5.0
2042 3280 5.0
2043 3280 5.0
2044 3656 5.0
2045 3607 5.0
2046 787 5.0
2047 3656 5.0
2048 3656 5.0
2049 3280 5.0
2050 3382 5.0
2051 3607 5.0
2052 687 5.0
2053 3172 5.0
2054 787 5.0
2055 3172 5.0
2056 3656 5.0
2057 787 5.0
2058 1830 5.0
2059 787 5.0
2060 1830 5.0
2061 3382 5.0
2062 2309 5.0
2063 3656 5.0
2064 3233 5.0
2065 1830 5.0
2066 787 5.0
2067 1830 5.0
2068 989 5.0
2069 130 5.0
2070 1830 5.0
2071 787 5.0
2072 3280 5.0
2073 3656 5.0
2074 3382 5.0
2075 3233 5.0
2076 3172 5.0
2077 1830 5.0
2078 687 5.0
2079 3172 5.0
2080 989 5.0
2081 787 5.0
2082 3607 5.0
2083 2309 5.0
2084 3382 5.0
2085 130 5.0
2086 3172 5.0
2087 130 5.0
2088 3280 5.0
2089 1830 5.0
2090 3382 5.0
2091 787 5.0
2092 3656 5.0
2093 687 5.0
2094 2309 5.0
2095 1830 5.0
2096 3656 5.0
2097 3382 5.0
2098 687 5.0
2099 3233 5.0
2100 2309 5.0
2101 3233 5.0
2102 687 5.0
2103 3233 5.0
2104 3607 5.0
2105 3172 5.0
2106 2309 5.0
2107 3233 5.0
2108 787 5.0
2109 1830 5.0
2110 3280 5.0
2111 3656 5.0
2112 130 5.0
2113 787 5.0
2114 130 5.0
2115 3656 5.0
2116 2309 5.0
2117 2309 5.0
2118 3656 5.0
2119 1830 5.0
2120 3233 5.0
2121 787 5.0
2122 3607 5.0
2123 3382 5.0
2124 3656 5.0
2125 3233 5.0
2126 3233 5.0
2127 3607 5.0
2128 989 5.0
2129 989 5.0
2130 687 5.0
2131 130 5.0
2132 989 5.0
2133 3656 5.0
2134 130 5.0
2135 3382 5.0
2136 2309 5.0
2137 3172 5.0
2138 3172 5.0
2139 3233 5.0
2140 3607 5.0
2141 787 5.0
2142 3656 5.0
2143 3233 5.0
2144 3233 5.0
2145 3656 5.0
2146 3233 5.0
2147 3233 5.0
2148 989 5.0
2149 1830 5.0
2150 3382 5.0
2151 1830 5.0
2152 3656 5.0
2153 3656 5.0
2154 130 5.0
2155 130 5.0
2156 1830 5.0
2157 2309 5.0
2158 787 5.0
2159 2309 5.0
2160 687 5.0
2161 3233 5.0
2162 3280 5.0
2163 3280 5.0
2164 687 5.0
2165 3172 5.0
2166 3656 5.0
2167 3382 5.0
2168 130 5.0
2169 787 5.0
2170 989 5.0
2171 3656 5.0
2172 687 5.0
2173 3382 5.0
2174 3607 5.0
2175 1830 5.0
2176 3233 5.0
2177 1830 5.0
2178 3172 5.0
2179 687 5.0
2180 2309 5.0
2181 3382 5.0
2182 130 5.0
2183 687 5.0
2184 3656 5.0
2185 130 5.0
2186 1830 5.0
2187 687 5.0
2188 3656 5.0
2189 787 5.0
2190 3172 5.0
2191 3233 5.0
2192 3656 5.0
2193 3172 5.0
2194 1830 5.0
2195 3607 5.0
2196 687 5.0
2197 2309 5.0
2198 3607 5.0
2199 787 5.0
2200 3656 5.0
2201 1830 5.0
2202 3233 5.0
2203 1830 5.0
2204 3233 5.0
2205 687 5.0
2206 130 5.0
2207 3233 5.0
2208 3607 5.0
2209 787 5.0
2210 687 5.0
2211 787 5.0
2212 687 5.0
2213 3172 5.0
2214 787 5.0
2215 3607 5.0
2216 3172 5.0
2217 3656 5.0
2218 687 5.0
2219 3172 5.0
2220 3233 5.0
2221 1830 5.0
2222 687 5.0
2223 2309 5.0
2224 3607 5.0
2225 2309 5.0
2226 3607 5.0
2227 3607 5.0
2228 2309 5.0
2229 3656 5.0
2230 3233 5.0
2231 130 5.0
2232 989 5.0
2233 3656 5.0
2234 3607 5.0
2235 3233 5.0
2236 130 5.0
2237 2309 5.0
2238 989 5.0
2239 3607 5.0
2240 2309 5.0
2241 3233 5.0
2242 1830 5.0
2243 2309 5.0
2244 3382 5.0
2245 787 5.0
2246 3172 5.0
2247 3280 5.0
2248 3656 5.0
2249 787 5.0
2250 3280 5.0
2251 3607 5.0
2252 687 5.0
2253 989 5.0
2254 3656 5.0
2255 3233 5.0
2256 130 5.0
2257 787 5.0
2258 3172 5.0
2259 687 5.0
2260 1830 5.0
2261 687 5.0
2262 3233 5.0
2263 3172 5.0
2264 3172 5.0
2265 687 5.0
2266 1830 5.0
2267 687 5.0
2268 3280 5.0
2269 3280 5.0
2270 787 5.0
2271 3656 5.0
2272 989 5.0
2273 3656 5.0
2274 130 5.0
2275 3607 5.0
2276 3233 5.0
2277 130 5.0
2278 1830 5.0
2279 3233 5.0
2280 787 5.0
2281 1830 5.0
2282 3656 5.0
2283 3656 5.0
2284 130 5.0
2285 3172 5.0
2286 2309 5.0
2287 3607 5.0
2288 3382 5.0
2289 130 5.0
2290 687 5.0
2291 687 5.0
2292 3233 5.0
2293 3382 5.0
2294 3382 5.0
2295 2309 5.0
2296 130 5.0
2297 1830 5.0
2298 2309 5.0
2299 1830 5.0
2300 989 5.0
2301 3607 5.0
2302 3233 5.0
2303 687 5.0
2304 3280 5.0
2305 3656 5.0
2306 1830 5.0
2307 787 5.0
2308 2309 5.0
2309 3656 5.0
2310 3280 5.0
2311 3382 5.0
2312 2309 5.0
2313 1830 5.0
2314 3382 5.0
2315 2309 5.0
2316 3280 5.0
2317 3172 5.0
2318 3382 5.0
2319 130 5.0
2320 3233 5.0
2321 787 5.0
2322 3280 5.0
2323 3280 5.0
2324 3172 5.0
2325 3656 5.0
2326 1830 5.0
2327 2309 5.0
2328 787 5.0
2329 3607 5.0
2330 989 5.0
2331 3656 5.0
2332 130 5.0
2333 989 5.0
2334 3280 5.0
2335 3607 5.0
2336 3172 5.0
2337 3172 5.0
2338 787 5.0
2339 2309 5.0
2340 3607 5.0
2341 989 5.0
2342 1830 5.0
2343 3382 5.0
2344 3172 5.0
2345 2309 5.0
2346 687 5.0
2347 3607 5.0
2348 3280 5.0
2349 3607 5.0
2350 3656 5.0
2351 3382 5.0
2352 3233 5.0
2353 3382 5.0
2354 989 5.0
2355 989 5.0
2356 687 5.0
2357 3172 5.0
2358 3607 5.0
2359 687 5.0
2360 3280 5.0
2361 3172 5.0
2362 787 5.0
2363 3233 5.0
2364 3172 5.0
2365 1830 5.0
2366 3172 5.0
2367 3607 5.0
2368 1830 5.0
2369 3280 5.0
2370 130 5.0
2371 130 5.0
2372 989 5.0
2373 2309 5.0
2374 787 5.0
2375 3656 5.0
2376 787 5.0
2377 3280 5.0
2378 687 5.0
2379 3607 5.0
2380 1830 5.0
2381 989 5.0
2382 1830 5.0
2383 3656 5.0
2384 1830 5.0
2385 130 5.0
2386 3382 5.0
2387 787 5.0
2388 3233 5.0
2389 3656 5.0
2390 3607 5.0
2391 1830 5.0
2392 787 5.0
2393 130 5.0
2394 3656 5.0
2395 3656 5.0
2396 3280 5.0
2397 3656 5.0
2398 989 5.0
2399 3382 5.0
2400 3280 5.0
2401 1830 5.0
2402 989 5.0
2403 3280 5.0
2404 3172 5.0
2405 3280 5.0
2406 989 5.0
2407 1830 5.0
2408 787 5.0
2409 687 5.0
2410 3280 5.0
2411 687 5.0
2412 2309 5.0
2413 3280 5.0
2414 3233 5.0
2415 787 5.0
2416 989 5.0
2417 1830 5.0
2418 687 5.0
2419 3607 5.0
2420 989 5.0
2421 2309 5.0
2422 3172 5.0
2423 3382 5.0
2424 3607 5.0
2425 3607 5.0
2426 2309 5.0
2427 989 5.0
2428 3656 5.0
2429 3656 5.0
2430 3280 5.0
2431 3280 5.0
2432 3607 5.0
2433 3607 5.0
2434 130 5.0
2435 3172 5.0
2436 3382 5.0
2437 989 5.0
2438 3233 5.0
2439 2309 5.0
2440 687 5.0
2441 787 5.0
2442 1830 5.0
2443 3233 5.0
2444 989 5.0
2445 3172 5.0
2446 3607 5.0
2447 3607 5.0
2448 3656 5.0
2449 3172 5.0
2450 130 5.0
2451 3172 5.0
2452 1830 5.0
2453 3172 5.0
2454 989 5.0
2455 3172 5.0
2456 2309 5.0
2457 3607 5.0
2458 989 5.0
2459 787 5.0
2460 3233 5.0
2461 687 5.0
2462 787 5.0
2463 687 5.0
2464 3233 5.0
2465 130 5.0
2466 3233 5.0
2467 3607 5.0
2468 3656 5.0
2469 3172 5.0
2470 2309 5.0
2471 3382 5.0
2472 989 5.0
2473 989 5.0
2474 3607 5.0
2475 787 5.0
2476 3280 5.0
2477 1830 5.0
2478 3382 5.0
2479 3233 5.0
2480 3656 5.0
2481 1830 5.0
2482 3607 5.0
2483 3280 5.0
2484 130 5.0
2485 1830 5.0
2486 3382 5.0
2487 3656 5.0
2488 787 5.0
2489 3233 5.0
2490 3656 5.0
2491 3233 5.0
2492 3607 5.0
2493 687 5.0
2494 3607 5.0
2495 3280 5.0
2496 687 5.0
2497 3280 5.0
2498 3280 5.0
2499 130 5.0
2500 3382 5.0
2501 787 5.0
2502 3656 5.0
2503 3172 5.0
2504 3280 5.0
2505 3172 5.0
2506 3233 5.0
2507 3172 5.0
2508 1830 5.0
2509 687 5.0
2510 787 5.0
2511 1830 5.0
2512 687 5.0
2513 687 5.0
2514 3607 5.0
2515 3382 5.0
2516 787 5.0
2517 2309 5.0
2518 3656 5.0
2519 3233 5.0
2520 1830 5.0
2521 989 5.0
2522 989 5.0
2523 3233 5.0
2524 2309 5.0
2525 3172 5.0
2526 130 5.0
2527 130 5.0
2528 3607 5.0
2529 989 5.0
2530 3382 5.0
2531 2309 5.0
2532 687 5.0
2533 3172 5.0
2534 989 5.0
2535 3607 5.0
2536 130 5.0
2537 687 5.0
2538 2309 5.0
2539 787 5.0
2540 3656 5.0
2541 3280 5.0
2542 3233 5.0
2543 687 5.0
2544 3233 5.0
2545 2309 5.0
2546 3172 5.0
2547 3382 5.0
2548 3607 5.0
2549 2309 5.0
2550 1830 5.0
2551 3172 5.0
2552 787 5.0
2553 3656 5.0
2554 130 5.0
2555 3382 5.0
2556 3233 5.0
2557 2309 5.0
2558 989 5.0
2559 130 5.0
2560 2309 5.0
2561 787 5.0
2562 3233 5.0
2563 3656 5.0
2564 3233 5.0
2565 3656 5.0
2566 989 5.0
2567 3607 5.0
2568 3280 5.0
2569 130 5.0
2570 3172 5.0
2571 3280 5.0
2572 787 5.0
2573 787 5.0
2574 1830 5.0
2575 1830 5.0
2576 3280 5.0
2577 687 5.0
2578 3607 5.0
2579 989 5.0
2580 3233 5.0
2581 687 5.0
2582 989 5.0
2583 3382 5.0
2584 1830 5.0
2585 989 5.0
2586 3382 5.0
2587 3607 5.0
2588 3280 5.0
2589 787 5.0
2590 3382 5.0
2591 130 5.0
2592 1830 5.0
2593 3607 5.0
2594 787 5.0
2595 3382 5.0
2596 3280 5.0
2597 2309 5.0
2598 3172 5.0
2599 1830 5.0
2600 130 5.0
2601 130 5.0
2602 2309 5.0
2603 2309 5.0
2604 3172 5.0
2605 3280 5.0
2606 2309 5.0
2607 3607 5.0
2608 787 5.0
2609 3607 5.0
2610 3280 5.0
2611 2309 5.0
2612 3172 5.0
2613 2309 5.0
2614 787 5.0
2615 687 5.0
2616 130 5.0
2617 787 5.0
2618 3607 5.0
2619 3280 5.0
2620 787 5.0
2621 989 5.0
2622 3607 5.0
2623 3656 5.0
2624 3172 5.0
2625 787 5.0
2626 787 5.0
2627 3172 5.0
2628 687 5.0
2629 1830 5.0
2630 3172 5.0
2631 3233 5.0
2632 687 5.0
2633 3382 5.0
2634 989 5.0
2635 3382 5.0
2636 3607 5.0
2637 3172 5.0
2638 3607 5.0
2639 3607 5.0
2640 787 5.0
2641 3656 5.0
2642 687 5.0
2643 3656 5.0
2644 687 5.0
2645 3607 5.0
2646 2309 5.0
2647 130 5.0
2648 3382 5.0
2649 3172 5.0
2650 130 5.0
2651 787 5.0
2652 130 5.0
2653 3656 5.0
2654 989 5.0
2655 130 5.0
2656 687 5.0
2657 3607 5.0
2658 2309 5.0
2659 3656 5.0
2660 3607 5.0
2661 3172 5.0
2662 3382 5.0
2663 3280 5.0
2664 2309 5.0
2665 3382 5.0
2666 3172 5.0
2667 787 5.0
2668 3280 5.0
2669 2309 5.0
2670 2309 5.0
2671 2309 5.0
2672 787 5.0
2673 3233 5.0
2674 787 5.0
2675 3280 5.0
2676 3233 5.0
2677 3656 5.0
2678 2309 5.0
2679 687 5.0
2680 2309 5.0
2681 2309 5.0
2682 130 5.0
2683 989 5.0
2684 3607 5.0
2685 3607 5.0
2686 787 5.0
2687 3233 5.0
2688 3607 5.0
2689 3382 5.0
2690 1830 5.0
2691 989 5.0
2692 787 5.0
2693 130 5.0
2694 787 5.0
2695 1830 5.0
2696 2309 5.0
2697 787 5.0
2698 3172 5.0
2699 687 5.0
2700 2309 5.0
2701 3233 5.0
2702 130 5.0
2703 3656 5.0
2704 989 5.0
2705 3656 5.0
2706 3280 5.0
2707 1830 5.0
2708 3172 5.0
2709 787 5.0
2710 3607 5.0
2711 687 5.0
2712 130 5.0
2713 130 5.0
2714 3656 5.0
2715 3172 5.0
2716 989 5.0
2717 787 5.0
2718 2309 5.0
2719 3656 5.0
2720 3280 5.0
2721 3233 5.0
2722 1830 5.0
2723 1830 5.0
2724 130 5.0
2725 3382 5.0
2726 3172 5.0
2727 3280 5.0
2728 687 5.0
2729 3382 5.0
2730 130 5.0
2731 787 5.0
2732 687 5.0
2733 3607 5.0
2734 3656 5.0
2735 989 5.0
2736 687 5.0
2737 1830 5.0
2738 3656 5.0
2739 3607 5.0
2740 3656 5.0
2741 787 5.0
2742 787 5.0
2743 687 5.0
2744 130 5.0
2745 787 5.0
2746 3233 5.0
2747 3382 5.0
2748 3172 5.0
2749 3607 5.0
2750 3172 5.0
2751 3172 5.0
2752 3233 5.0
2753 3656 5.0
2754 989 5.0
2755 3382 5.0
2756 3233 5.0
2757 3607 5.0
2758 989 5.0
2759 3656 5.0
2760 3382 5.0
2761 1830 5.0
2762 3382 5.0
2763 687 5.0
2764 3656 5.0
2765 3656 5.0
2766 3607 5.0
2767 3382 5.0
2768 3233 5.0
2769 1830 5.0
2770 3656 5.0
2771 130 5.0
2772 130 5.0
2773 130 5.0
2774 3607 5.0
2775 3172 5.0
2776 130 5.0
2777 989 5.0
2778 3382 5.0
2779 3607 5.0
2780 3607 5.0
2781 3656 5.0
2782 3607 5.0
2783 3656 5.0
2784 687 5.0
2785 3656 5.0
2786 3233 5.0
2787 687 5.0
2788 3607 5.0
2789 1830 5.0
2790 1830 5.0
2791 3280 5.0
2792 3607 5.0
2793 3656 5.0
2794 3233 5.0
2795 1830 5.0
2796 1830 5.0
2797 989 5.0
2798 787 5.0
2799 1830 5.0
2800 130 5.0
2801 3233 5.0
2802 3607 5.0
2803 989 5.0
2804 3233 5.0
2805 3382 5.0
2806 787 5.0
2807 1830 5.0
2808 2309 5.0
2809 787 5.0
2810 787 5.0
2811 989 5.0
2812 3280 5.0
2813 130 5.0
2814 130 5.0
2815 3656 5.0
2816 3382 5.0
2817 687 5.0
2818 3172 5.0
2819 3382 5.0
2820 989 5.0
2821 2309 5.0
2822 989 5.0
2823 2309 5.0
2824 1830 5.0
2825 3280 5.0
2826 687 5.0
2827 989 5.0
2828 130 5.0
2829 2309 5.0
2830 787 5.0
2831 2309 5.0
2832 989 5.0
2833 3280 5.0
2834 3607 5.0
2835 787 5.0
2836 3382 5.0
2837 687 5.0
2838 787 5.0
2839 787 5.0
2840 2309 5.0
2841 3656 5.0
2842 787 5.0
2843 130 5.0
2844 989 5.0
2845 130 5.0
2846 3280 5.0
2847 1830 5.0
2848 130 5.0
2849 3607 5.0
2850 687 5.0
2851 130 5.0
2852 130 5.0
2853 3607 5.0
2854 3280 5.0
2855 989 5.0
2856 989 5.0
2857 3656 5.0
2858 3233 5.0
2859 3172 5.0
2860 3382 5.0
2861 1830 5.0
2862 3280 5.0
2863 3656 5.0
2864 2309 5.0
2865 3382 5.0
2866 3280 5.0
2867 3382 5.0
2868 3382 5.0
2869 130 5.0
2870 3280 5.0
2871 1830 5.0
2872 3382 5.0
2873 3382 5.0
2874 989 5.0
2875 3607 5.0
2876 3172 5.0
2877 3233 5.0
2878 3382 5.0
2879 2309 5.0
2880 3607 5.0
2881 787 5.0
2882 787 5.0
2883 3233 5.0
2884 687 5.0
2885 3172 5.0
2886 3607 5.0
2887 3172 5.0
2888 687 5.0
2889 787 5.0
2890 3656 5.0
2891 3382 5.0
2892 989 5.0
2893 3382 5.0
2894 787 5.0
2895 3382 5.0
2896 3280 5.0
2897 3280 5.0
2898 130 5.0
2899 3172 5.0
2900 787 5.0
2901 3280 5.0
2902 3382 5.0
2903 3656 5.0
2904 687 5.0
2905 3172 5.0
2906 3607 5.0
2907 3280 5.0
2908 3172 5.0
2909 3607 5.0
2910 3382 5.0
2911 3656 5.0
2912 787 5.0
2913 3172 5.0
2914 3656 5.0
2915 687 5.0
2916 3382 5.0
2917 3656 5.0
2918 3382 5.0
2919 687 5.0
2920 3382 5.0
2921 130 5.0
2922 3233 5.0
2923 3382 5.0
2924 989 5.0
2925 787 5.0
2926 1830 5.0
2927 130 5.0
2928 3233 5.0
2929 787 5.0
2930 3280 5.0
2931 3280 5.0
2932 1830 5.0
2933 3382 5.0
2934 3656 5.0
2935 3172 5.0
2936 1830 5.0
2937 989 5.0
2938 130 5.0
2939 3280 5.0
2940 687 5.0
2941 989 5.0
2942 3382 5.0
2943 2309 5.0
2944 787 5.0
2945 687 5.0
2946 3280 5.0
2947 130 5.0
2948 3607 5.0
2949 3280 5.0
2950 3382 5.0
2951 687 5.0
2952 130 5.0
2953 3233 5.0
2954 130 5.0
2955 1830 5.0
2956 3280 5.0
2957 3280 5.0
2958 1830 5.0
2959 3233 5.0
2960 687 5.0
2961 3280 5.0
2962 787 5.0
2963 3656 5.0
2964 3656 5.0
2965 2309 5.0
2966 1830 5.0
2967 130 5.0
2968 3233 5.0
2969 3656 5.0
2970 3607 5.0
2971 130 5.0
2972 3382 5.0
2973 787 5.0
2974 687 5.0
2975 130 5.0
2976 2309 5.0
2977 2309 5.0
2978 787 5.0
2979 3172 5.0
2980 3172 5.0
2981 3233 5.0
2982 687 5.0
2983 2309 5.0
2984 3607 5.0
2985 3656 5.0
2986 3607 5.0
2987 2309 5.0
2988 1830 5.0
2989 3607 5.0
2990 989 5.0
2991 3280 5.0
2992 3233 5.0
2993 3607 5.0
2994 687 5.0
2995 3607 5.0
2996 3172 5.0
2997 3382 5.0
2998 2309 5.0
2999 3656 5.0
3000 3233 5.0
3001 3233 5.0
3002 3382 5.0
3003 3656 5.0
3004 3172 5.0
3005 989 5.0
3006 130 5.0
3007 3656 5.0
3008 3382 5.0
3009 787 5.0
3010 3382 5.0
3011 3233 5.0
3012 3172 5.0
3013 3656 5.0
3014 3656 5.0
3015 3233 5.0
3016 2309 5.0
3017 787 5.0
3018 687 5.0
3019 2309 5.0
3020 3280 5.0
3021 3607 5.0
3022 130 5.0
3023 130 5.0
3024 687 5.0
3025 2309 5.0
3026 3172 5.0
3027 989 5.0
3028 2309 5.0
3029 989 5.0
3030 3607 5.0
3031 130 5.0
3032 3382 5.0
3033 787 5.0
3034 989 5.0
3035 1830 5.0
3036 3382 5.0
3037 2309 5.0
3038 3280 5.0
3039 130 5.0
3040 1830 5.0
3041 1830 5.0
3042 3382 5.0
3043 3172 5.0
3044 687 5.0
3045 3233 5.0
3046 3233 5.0
3047 3233 5.0
3048 687 5.0
3049 130 5.0
3050 3382 5.0
3051 3172 5.0
3052 130 5.0
3053 787 5.0
3054 3280 5.0
3055 687 5.0
3056 3656 5.0
3057 130 5.0
3058 130 5.0
3059 2309 5.0
3060 1830 5.0
3061 3233 5.0
3062 2309 5.0
3063 1830 5.0
3064 687 5.0
3065 3607 5.0
3066 3656 5.0
3067 989 5.0
3068 1830 5.0
3069 787 5.0
3070 687 5.0
3071 787 5.0
3072 989 5.0
3073 130 5.0
3074 687 5.0
3075 3656 5.0
3076 989 5.0
3077 3280 5.0
3078 2309 5.0
3079 3607 5.0
3080 3656 5.0
3081 3233 5.0
3082 3172 5.0
3083 787 5.0
3084 3280 5.0
3085 3280 5.0
3086 989 5.0
3087 3382 5.0
3088 3280 5.0
3089 3233 5.0
3090 787 5.0
3091 3607 5.0
3092 989 5.0
3093 2309 5.0
3094 130 5.0
3095 3382 5.0
3096 3656 5.0
3097 3280 5.0
3098 3280 5.0
3099 1830 5.0
3100 787 5.0
3101 687 5.0
3102 787 5.0
3103 3382 5.0
3104 3233 5.0
3105 3656 5.0
3106 1830 5.0
3107 787 5.0
3108 3607 5.0
3109 3280 5.0
3110 130 5.0
3111 130 5.0
3112 2309 5.0
3113 1830 5.0
3114 1830 5.0
3115 3233 5.0
3116 3233 5.0
3117 989 5.0
3118 687 5.0
3119 2309 5.0
3120 787 5.0
3121 1830 5.0
3122 787 5.0
3123 2309 5.0
3124 3280 5.0
3125 2309 5.0
3126 787 5.0
3127 2309 5.0
3128 787 5.0
3129 687 5.0
3130 3280 5.0
3131 3172 5.0
3132 3172 5.0
3133 3656 5.0
3134 130 5.0
3135 3382 5.0
3136 3280 5.0
3137 989 5.0
3138 3233 5.0
3139 787 5.0
3140 687 5.0
3141 2309 5.0
3142 1830 5.0
3143 1830 5.0
3144 3233 5.0
3145 130 5.0
3146 3233 5.0
3147 989 5.0
3148 3382 5.0
3149 787 5.0
3150 687 5.0
3151 787 5.0
3152 1830 5.0
3153 3280 5.0
3154 989 5.0
3155 3172 5.0
3156 3233 5.0
3157 3656 5.0
3158 3382 5.0
3159 3233 5.0
3160 3607 5.0
3161 130 5.0
3162 787 5.0
3163 687 5.0
3164 3656 5.0
3165 3607 5.0
3166 3280 5.0
3167 787 5.0
3168 3607 5.0
3169 3656 5.0
3170 3656 5.0
3171 687 5.0
3172 3382 5.0
3173 3280 5.0
3174 3280 5.0
3175 1830 5.0
3176 787 5.0
3177 3233 5.0
3178 130 5.0
3179 3382 5.0
3180 3233 5.0
3181 130 5.0
3182 3656 5.0
3183 3233 5.0
3184 3280 5.0
3185 3382 5.0
3186 1830 5.0
3187 787 5.0
3188 3280 5.0
3189 3382 5.0
3190 3607 5.0
3191 989 5.0
3192 989 5.0
3193 787 5.0
3194 1830 5.0
3195 989 5.0
3196 2309 5.0
3197 687 5.0
3198 3607 5.0
3199 787 5.0
3200 3607 5.0
3201 3607 5.0
3202 3233 5.0
3203 130 5.0
3204 3233 5.0
3205 2309 5.0
3206 130 5.0
3207 130 5.0
3208 2309 5.0
3209 3280 5.0
3210 3233 5.0
3211 989 5.0
3212 989 5.0
3213 130 5.0
3214 3382 5.0
3215 3280 5.0
3216 787 5.0
3217 3233 5.0
3218 1830 5.0
3219 2309 5.0
3220 1830 5.0
3221 3280 5.0
3222 787 5.0
3223 3382 5.0
3224 3382 5.0
3225 3233 5.0
3226 3233 5.0
3227 3172 5.0
3228 989 5.0
3229 3233 5.0
3230 2309 5.0
3231 3656 5.0
3232 687 5.0
3233 989 5.0
3234 3280 5.0
3235 130 5.0
3236 3607 5.0
3237 1830 5.0
3238 3382 5.0
3239 989 5.0
3240 3172 5.0
3241 3172 5.0
3242 989 5.0
3243 3382 5.0
3244 989 5.0
3245 3382 5.0
3246 3656 5.0
3247 1830 5.0
3248 687 5.0
3249 787 5.0
3250 989 5.0
3251 787 5.0
3252 787 5.0
3253 3280 5.0
3254 687 5.0
3255 3382 5.0
3256 3382 5.0
3257 3233 5.0
3258 687 5.0
3259 3656 5.0
3260 2309 5.0
3261 2309 5.0
3262 3607 5.0
3263 1830 5.0
3264 3280 5.0
3265 2309 5.0
3266 3607 5.0
3267 3280 5.0
3268 787 5.0
3269 687 5.0
3270 1830 5.0
3271 2309 5.0
3272 3382 5.0
3273 3280 5.0
3274 3382 5.0
3275 130 5.0
3276 989 5.0
3277 3233 5.0
3278 1830 5.0
3279 989 5.0
3280 989 5.0
3281 1830 5.0
3282 3280 5.0
3283 3233 5.0
3284 3607 5.0
3285 2309 5.0
3286 2309 5.0
3287 3382 5.0
3288 687 5.0
3289 3172 5.0
3290 130 5.0
3291 3382 5.0
3292 3172 5.0
3293 989 5.0
3294 3280 5.0
3295 989 5.0
3296 3172 5.0
3297 130 5.0
3298 3280 5.0
3299 3607 5.0
3300 787 5.0
3301 3656 5.0
3302 3172 5.0
3303 3172 5.0
3304 3607 5.0
3305 3607 5.0
3306 3172 5.0
3307 687 5.0
3308 989 5.0
3309 687 5.0
3310 130 5.0
3311 989 5.0
3312 3607 5.0
3313 3172 5.0
3314 130 5.0
3315 1830 5.0
3316 1830 5.0
3317 3233 5.0
3318 989 5.0
3319 1830 5.0
3320 687 5.0
3321 3382 5.0
3322 687 5.0
3323 1 nan
3324 989 5.0
3325 687 5.0
3326 2309 5.0
3327 3382 5.0
3328 787 5.0
3329 2309 5.0
3330 3656 5.0
3331 2309 5.0
3332 3656 5.0
3333 3382 5.0
3334 687 5.0
3335 2309 5.0
3336 787 5.0
3337 787 5.0
3338 1830 5.0
3339 2309 5.0
3340 3607 5.0
3341 787 5.0
3342 989 5.0
3343 3233 5.0
3344 787 5.0
3345 989 5.0
3346 3656 5.0
3347 3656 5.0
3348 3280 5.0
3349 687 5.0
3350 787 5.0
3351 1830 5.0
3352 3233 5.0
3353 3172 5.0
3354 3382 5.0
3355 2309 5.0
3356 2309 5.0
3357 687 5.0
3358 787 5.0
3359 3233 5.0
3360 687 5.0
3361 687 5.0
3362 3607 5.0
3363 687 5.0
3364 3656 5.0
3365 3607 5.0
3366 3607 5.0
3367 989 5.0
3368 787 5.0
3369 3280 5.0
3370 3280 5.0
3371 687 5.0
3372 3607 5.0
3373 2309 5.0
3374 2309 5.0
3375 3233 5.0
3376 3172 5.0
3377 3233 5.0
3378 2309 5.0
3379 687 5.0
3380 989 5.0
3381 3656 5.0
3382 3172 5.0
3383 687 5.0
3384 3607 5.0
3385 787 5.0
3386 3607 5.0
3387 3382 5.0
3388 3656 5.0
3389 1830 5.0
3390 787 5.0
3391 787 5.0
3392 3382 5.0
3393 3607 5.0
3394 3382 5.0
3395 3172 5.0
3396 130 5.0
3397 787 5.0
3398 130 5.0
3399 3382 5.0
3400 2309 5.0
3401 3172 5.0
3402 3233 5.0
3403 1830 5.0
3404 989 5.0
3405 3233 5.0
3406 989 5.0
3407 2309 5.0
3408 2309 5.0
3409 3233 5.0
3410 989 5.0
3411 3656 5.0
3412 130 5.0
3413 787 5.0
3414 687 5.0
3415 1830 5.0
3416 1830 5.0
3417 687 5.0
3418 3172 5.0
3419 2309 5.0
3420 3172 5.0
3421 3607 5.0
3422 2309 5.0
3423 3382 5.0
3424 787 5.0
3425 1830 5.0
3426 787 5.0
3427 687 5.0
3428 3382 5.0
3429 687 5.0
3430 3280 5.0
3431 3607 5.0
3432 3656 5.0
3433 3280 5.0
3434 3172 5.0
3435 3280 5.0
3436 1830 5.0
3437 2309 5.0
3438 3607 5.0
3439 1830 5.0
3440 3607 5.0
3441 3656 5.0
3442 787 5.0
3443 3607 5.0
3444 3280 5.0
3445 130 5.0
3446 3656 5.0
3447 3382 5.0
3448 3607 5.0
3449 687 5.0
3450 3233 5.0
3451 3656 5.0
3452 787 5.0
3453 3656 5.0
3454 3607 5.0
3455 787 5.0
3456 3656 5.0
3457 3280 5.0
3458 989 5.0
3459 3233 5.0
3460 3656 5.0
3461 3172 5.0
3462 687 5.0
3463 1830 5.0
3464 3656 5.0
3465 687 5.0
3466 3280 5.0
3467 3280 5.0
3468 687 5.0
3469 989 5.0
3470 2309 5.0
3471 3172 5.0
3472 2309 5.0
3473 2309 5.0
3474 3656 5.0
3475 1830 5.0
3476 1830 5.0
3477 1830 5.0
3478 989 5.0
3479 2309 5.0
3480 1830 5.0
3481 989 5.0
3482 1830 5.0
3483 687 5.0
3484 989 5.0
3485 1830 5.0
3486 1830 5.0
3487 3607 5.0
3488 3172 5.0
3489 787 5.0
3490 130 5.0
3491 130 5.0
3492 3656 5.0
3493 1830 5.0
3494 1830 5.0
3495 2309 5.0
3496 130 5.0
3497 3607 5.0
3498 2309 5.0
3499 3172 5.0
3500 3656 5.0
3501 787 5.0
3502 1830 5.0
3503 787 5.0
3504 2309 5.0
3505 687 5.0
3506 1830 5.0
3507 3280 5.0
3508 3656 5.0
3509 687 5.0
3510 3656 5.0
3511 3172 5.0
3512 3172 5.0
3513 3656 5.0
3514 3382 5.0
3515 687 5.0
3516 3172 5.0
3517 3172 5.0
3518 3172 5.0
3519 1830 5.0
3520 3280 5.0
3521 787 5.0
3522 1830 5.0
3523 3607 5.0
3524 1830 5.0
3525 1830 5.0
3526 2309 5.0
3527 3233 5.0
3528 3233 5.0
3529 3172 5.0
3530 130 5.0
3531 3607 5.0
3532 1830 5.0
3533 3382 5.0
3534 3656 5.0
3535 2309 5.0
3536 3280 5.0
3537 687 5.0
3538 3280 5.0
3539 989 5.0
3540 3280 5.0
3541 1830 5.0
3542 3656 5.0
3543 3607 5.0
3544 989 5.0
3545 787 5.0
3546 1830 5.0
3547 3382 5.0
3548 1830 5.0
3549 3233 5.0
3550 989 5.0
3551 3172 5.0
3552 687 5.0
3553 1830 5.0
3554 3233 5.0
3555 3607 5.0
3556 2309 5.0
3557 1830 5.0
3558 3280 5.0
3559 687 5.0
3560 2309 5.0
3561 3280 5.0
3562 3607 5.0
3563 3280 5.0
3564 2309 5.0
3565 1830 5.0
3566 3172 5.0
3567 3172 5.0
3568 787 5.0
3569 3382 5.0
3570 3280 5.0
3571 787 5.0
3572 989 5.0
3573 130 5.0
3574 3233 5.0
3575 3172 5.0
3576 130 5.0
3577 3280 5.0
3578 3172 5.0
3579 3607 5.0
3580 3280 5.0
3581 989 5.0
3582 2309 5.0
3583 687 5.0
3584 130 5.0
3585 2309 5.0
3586 2309 5.0
3587 687 5.0
3588 3382 5.0
3589 989 5.0
3590 787 5.0
3591 3382 5.0
3592 989 5.0
3593 3607 5.0
3594 787 5.0
3595 3607 5.0
3596 787 5.0
3597 2283 5.0
3598 130 5.0
3599 687 5.0
3600 989 5.0
3601 2309 5.0
3602 787 5.0
3603 3172 5.0
3604 3233 5.0
3605 3656 5.0
3606 1830 5.0
3607 3656 5.0
3608 3607 5.0
3609 787 5.0
3610 787 5.0
3611 2309 5.0
3612 687 5.0
3613 3382 5.0
3614 989 5.0
3615 3172 5.0
3616 130 5.0
3617 3280 5.0
3618 3172 5.0
3619 3607 5.0
3620 787 5.0
3621 3382 5.0
3622 687 5.0
3623 687 5.0
3624 1830 5.0
3625 3656 5.0
3626 3656 5.0
3627 3233 5.0
3628 3172 5.0
3629 130 5.0
3630 3607 5.0
3631 130 5.0
3632 2309 5.0
3633 3172 5.0
3634 3233 5.0
3635 3607 5.0
3636 687 5.0
3637 687 5.0
3638 3280 5.0
3639 3382 5.0
3640 3607 5.0
3641 3607 5.0
3642 3233 5.0
3643 2309 5.0
3644 1830 5.0
3645 687 5.0
3646 3607 5.0
3647 3280 5.0
3648 130 5.0
3649 3382 5.0
3650 2309 5.0
3651 3172 5.0
3652 130 5.0
3653 3607 5.0
3654 3280 5.0
3655 3233 5.0
3656 3382 5.0
3657 1830 5.0
3658 3382 5.0
3659 3172 5.0
3660 3233 5.0
3661 989 5.0
3662 3172 5.0
3663 3280 5.0
3664 989 5.0
3665 3656 5.0
3666 3172 5.0
3667 3233 5.0
3668 3280 5.0
3669 3172 5.0
3670 130 5.0
3671 787 5.0
3672 3233 5.0
3673 3607 5.0
3674 3607 5.0
3675 787 5.0
3676 3656 5.0
3677 3172 5.0
3678 687 5.0
3679 3172 5.0
3680 3233 5.0
3681 3233 5.0
3682 687 5.0
3683 2309 5.0
3684 130 5.0
3685 3656 5.0
3686 3172 5.0
3687 787 5.0
3688 3172 5.0
3689 3280 5.0
3690 989 5.0
3691 3656 5.0
3692 687 5.0
3693 989 5.0
3694 3607 5.0
3695 989 5.0
3696 130 5.0
3697 3172 5.0
3698 3607 5.0
3699 787 5.0
3700 1830 5.0
3701 3607 5.0
3702 3607 5.0
3703 3280 5.0
3704 130 5.0
3705 787 5.0
3706 130 5.0
3707 3172 5.0
3708 3607 5.0
3709 3233 5.0
3710 2309 5.0
3711 2309 5.0
3712 3280 5.0
3713 2309 5.0
3714 3233 5.0
3715 787 5.0
3716 3280 5.0
3717 3172 5.0
3718 989 5.0
3719 787 5.0
3720 3382 5.0
3721 130 5.0
3722 3607 5.0
3723 3172 5.0
3724 1830 5.0
3725 2309 5.0
3726 130 5.0
3727 989 5.0
3728 3607 5.0
3729 989 5.0
3730 3233 5.0
3731 1830 5.0
3732 3280 5.0
3733 3656 5.0
3734 3233 5.0
3735 3280 5.0
3736 3607 5.0
3737 787 5.0
3738 130 5.0
3739 787 5.0
3740 3607 5.0
3741 130 5.0
3742 3382 5.0
3743 3280 5.0
3744 1830 5.0
3745 3172 5.0
3746 787 5.0
3747 130 5.0
3748 687 5.0
3749 3656 5.0
3750 3656 5.0
3751 3280 5.0
3752 3607 5.0
3753 787 5.0
3754 1830 5.0
3755 130 5.0
3756 3656 5.0
3757 3233 5.0
3758 3656 5.0
3759 687 5.0
3760 3172 5.0
3761 3607 5.0
3762 3172 5.0
3763 3233 5.0
3764 3656 5.0
3765 3280 5.0
3766 3607 5.0
3767 3172 5.0
3768 3172 5.0
3769 3656 5.0
3770 1830 5.0
3771 3280 5.0
3772 130 5.0
3773 787 5.0
3774 3172 5.0
3775 3656 5.0
3776 3382 5.0
3777 2309 5.0
3778 3656 5.0
3779 2309 5.0
3780 3233 5.0
3781 3280 5.0
3782 130 5.0
3783 2309 5.0
3784 130 5.0
3785 787 5.0
3786 3656 5.0
3787 687 5.0
3788 3233 5.0
3789 3280 5.0
3790 787 5.0
3791 787 5.0
3792 787 5.0
3793 3280 5.0
3794 787 5.0
3795 130 5.0
3796 787 5.0
3797 3656 5.0
3798 130 5.0
3799 3233 5.0
3800 130 5.0
3801 3280 5.0
3802 3280 5.0
3803 787 5.0
3804 3656 5.0
3805 3607 5.0
3806 3280 5.0
3807 3280 5.0
3808 1830 5.0
3809 130 5.0
3810 130 5.0
3811 3382 5.0
3812 3656 5.0
3813 3656 5.0
3814 3656 5.0
3815 3382 5.0
3816 3382 5.0
3817 1830 5.0
3818 3382 5.0
3819 3280 5.0
3820 3233 5.0
3821 989 5.0
3822 687 5.0
3823 3656 5.0
3824 787 5.0
3825 3172 5.0
3826 1830 5.0
3827 989 5.0
3828 687 5.0
3829 3233 5.0
3830 3607 5.0
3831 130 5.0
3832 130 5.0
3833 3280 5.0
3834 3656 5.0
3835 687 5.0
3836 3382 5.0
3837 3233 5.0
3838 3656 5.0
3839 787 5.0
3840 3382 5.0
3841 3656 5.0
3842 1830 5.0
3843 3172 5.0
3844 989 5.0
3845 3656 5.0
3846 3607 5.0
3847 1830 5.0
3848 989 5.0
3849 130 5.0
3850 2309 5.0
3851 787 5.0
3852 787 5.0
3853 3382 5.0
3854 3382 5.0
3855 989 5.0
3856 687 5.0
3857 3382 5.0
3858 3607 5.0
3859 1830 5.0
3860 787 5.0
3861 3280 5.0
3862 3280 5.0
3863 2309 5.0
3864 3233 5.0
3865 687 5.0
3866 3233 5.0
3867 3280 5.0
3868 3656 5.0
3869 130 5.0
3870 787 5.0
3871 130 5.0
3872 787 5.0
3873 3172 5.0
3874 3656 5.0
3875 2309 5.0
3876 3233 5.0
3877 1830 5.0
3878 130 5.0
3879 130 5.0
3880 3607 5.0
3881 3607 5.0
3882 3233 5.0
3883 2309 5.0
3884 687 5.0
3885 3656 5.0
3886 3656 5.0
3887 687 5.0
3888 3607 5.0
3889 3656 5.0
3890 687 5.0
3891 787 5.0
3892 1830 5.0
3893 1830 5.0
3894 3382 5.0
3895 3233 5.0
3896 687 5.0
3897 3382 5.0
3898 2309 5.0
3899 3382 5.0
3900 2309 5.0
3901 3382 5.0
3902 3233 5.0
3903 787 5.0
3904 989 5.0
3905 687 5.0
3906 130 5.0
3907 1830 5.0
3908 1830 5.0
3909 687 5.0
3910 3656 5.0
3911 130 5.0
3912 130 5.0
3913 3172 5.0
3914 989 5.0
3915 3656 5.0
3916 3280 5.0
3917 1830 5.0
3918 3280 5.0
3919 1830 5.0
3920 3233 5.0
3921 3280 5.0
3922 687 5.0
3923 3280 5.0
3924 3607 5.0
3925 989 5.0
3926 3607 5.0
3927 787 5.0
3928 3233 5.0
3929 3656 5.0
3930 1830 5.0
3931 787 5.0
3932 3382 5.0
3933 2309 5.0
3934 130 5.0
3935 3280 5.0
3936 3280 5.0
3937 3656 5.0
3938 989 5.0
3939 3382 5.0
3940 1830 5.0
3941 2309 5.0
3942 3656 5.0
3943 3607 5.0
3944 3172 5.0
3945 130 5.0
3946 787 5.0
3947 3382 5.0
3948 130 5.0
3949 3172 5.0
3950 3172 5.0
3951 3607 5.0
3952 787 5.0
3953 3382 5.0
3954 3233 5.0
3955 2309 5.0
3956 3172 5.0
3957 3656 5.0
3958 3280 5.0
3959 3382 5.0
3960 2309 5.0
3961 989 5.0
3962 3656 5.0
3963 787 5.0
3964 1830 5.0
3965 687 5.0
3966 989 5.0
3967 3280 5.0
3968 2309 5.0
3969 3233 5.0
3970 687 5.0
3971 130 5.0
3972 3382 5.0
3973 3233 5.0
3974 989 5.0
3975 3656 5.0
3976 687 5.0
3977 2309 5.0
3978 3280 5.0
3979 2309 5.0
3980 3382 5.0
3981 3172 5.0
3982 787 5.0
3983 3382 5.0
3984 787 5.0
3985 989 5.0
3986 2309 5.0
3987 687 5.0
3988 3656 5.0
3989 2309 5.0
3990 3172 5.0
3991 3172 5.0
3992 989 5.0
3993 3233 5.0
3994 989 5.0
3995 3656 5.0
3996 1830 5.0
3997 3172 5.0
3998 3656 5.0
3999 2309 5.0
4000 3172 5.0
4001 3233 5.0
4002 3382 5.0
4003 130 5.0
4004 687 5.0
4005 2309 5.0
4006 2309 5.0
4007 3233 5.0
4008 3172 5.0
4009 3382 5.0
4010 2309 5.0
4011 3233 5.0
4012 3172 5.0
4013 1830 5.0
4014 3233 5.0
4015 130 5.0
4016 130 5.0
4017 3656 5.0
4018 130 5.0
4019 2309 5.0
4020 3172 5.0
4021 3233 5.0
4022 3172 5.0
4023 687 5.0
4024 1830 5.0
4025 989 5.0
4026 3172 5.0
4027 989 5.0
4028 989 5.0
4029 1830 5.0
4030 3607 5.0
4031 687 5.0
4032 989 5.0
4033 687 5.0
4034 2309 5.0
4035 787 5.0
4036 3607 5.0
4037 3172 5.0
4038 3233 5.0
4039 3172 5.0
4040 787 5.0
4041 3233 5.0
4042 3382 5.0
4043 787 5.0
4044 687 5.0
4045 787 5.0
4046 3233 5.0
4047 787 5.0
4048 989 5.0
4049 989 5.0
4050 787 5.0
4051 3607 5.0
4052 3382 5.0
4053 687 5.0
4054 2309 5.0
4055 3233 5.0
4056 3172 5.0
4057 687 5.0
4058 130 5.0
4059 130 5.0
4060 3172 5.0
4061 130 5.0
4062 3233 5.0
4063 787 5.0
4064 989 5.0
4065 3280 5.0
4066 3233 5.0
4067 1830 5.0
4068 1830 5.0
4069 989 5.0
4070 1830 5.0
4071 687 5.0
4072 3656 5.0
4073 3233 5.0
4074 3382 5.0
4075 3607 5.0
4076 1830 5.0
4077 687 5.0
4078 687 5.0
4079 989 5.0
4080 787 5.0
4081 787 5.0
4082 130 5.0
4083 1830 5.0
4084 3656 5.0
4085 3280 5.0
4086 1830 5.0
4087 130 5.0
4088 1830 5.0
4089 3172 5.0
4090 130 5.0
4091 1830 5.0
4092 130 5.0
4093 3607 5.0
4094 130 5.0
4095 3233 5.0
4096 3280 5.0
4097 3656 5.0
4098 3382 5.0
4099 1830 5.0
4100 3280 5.0
4101 3172 5.0
4102 3280 5.0
4103 3172 5.0
4104 989 5.0
4105 787 5.0
4106 3382 5.0
4107 3607 5.0
4108 1830 5.0
4109 989 5.0
4110 3607 5.0
4111 3233 5.0
4112 787 5.0
4113 989 5.0
4114 3656 5.0
4115 3656 5.0
4116 1830 5.0
4117 3607 5.0
4118 3382 5.0
4119 3172 5.0
4120 989 5.0
4121 687 5.0
4122 1830 5.0
4123 989 5.0
4124 989 5.0
4125 3233 5.0
4126 989 5.0
4127 3607 5.0
4128 1830 5.0
4129 3382 5.0
4130 130 5.0
4131 130 5.0
4132 989 5.0
4133 3172 5.0
4134 3280 5.0
4135 787 5.0
4136 3172 5.0
4137 3382 5.0
4138 989 5.0
4139 2309 5.0
4140 1830 5.0
4141 130 5.0
4142 3382 5.0
4143 3172 5.0
4144 787 5.0
4145 3172 5.0
4146 989 5.0
4147 3280 5.0
4148 3233 5.0
4149 1830 5.0
4150 2309 5.0
4151 130 5.0
4152 3382 5.0
4153 2309 5.0
4154 1830 5.0
4155 1830 5.0
4156 3233 5.0
4157 787 5.0
4158 3607 5.0
4159 989 5.0
4160 3607 5.0
4161 687 5.0
4162 687 5.0
4163 3382 5.0
4164 130 5.0
4165 3656 5.0
4166 130 5.0
4167 3172 5.0
4168 989 5.0
4169 3656 5.0
4170 3607 5.0
4171 687 5.0
4172 3280 5.0
4173 787 5.0
4174 3280 5.0
4175 3607 5.0
4176 3233 5.0
4177 687 5.0
4178 3280 5.0
4179 1830 5.0
4180 3172 5.0
4181 3656 5.0
4182 687 5.0
4183 3382 5.0
4184 687 5.0
4185 787 5.0
4186 3656 5.0
4187 3172 5.0
4188 3280 5.0
4189 3280 5.0
4190 3607 5.0
4191 3382 5.0
4192 3607 5.0
4193 130 5.0
4194 1830 5.0
4195 989 5.0
4196 3607 5.0
4197 3607 5.0
4198 3233 5.0
4199 130 5.0
4200 2309 5.0
4201 3656 5.0
4202 130 5.0
4203 3172 5.0
4204 989 5.0
4205 3280 5.0
4206 1830 5.0
4207 3656 5.0
4208 687 5.0
4209 989 5.0
4210 687 5.0
4211 3382 5.0
4212 3656 5.0
4213 3607 5.0
4214 787 5.0
4215 3280 5.0
4216 1830 5.0
4217 3382 5.0
4218 130 5.0
4219 3172 5.0
4220 3656 5.0
4221 3172 5.0
4222 3656 5.0
4223 3233 5.0
4224 3656 5.0
4225 687 5.0
4226 687 5.0
4227 3607 5.0
4228 989 5.0
4229 1830 5.0
4230 3382 5.0
4231 3233 5.0
4232 3607 5.0
4233 3233 5.0
4234 787 5.0
4235 687 5.0
4236 787 5.0
4237 3233 5.0
4238 787 5.0
4239 3233 5.0
4240 3172 5.0
4241 3233 5.0
4242 3280 5.0
4243 3233 5.0
4244 989 5.0
4245 3233 5.0
4246 3233 5.0
4247 1830 5.0
4248 130 5.0
4249 3172 5.0
4250 3382 5.0
4251 130 5.0
4252 687 5.0
4253 3172 5.0
4254 3172 5.0
4255 2309 5.0
4256 3656 5.0
4257 2309 5.0
4258 787 5.0
4259 3607 5.0
4260 130 5.0
4261 787 5.0
4262 3233 5.0
4263 1830 5.0
4264 3382 5.0
4265 2309 5.0
4266 130 5.0
4267 1830 5.0
4268 787 5.0
4269 130 5.0
4270 687 5.0
4271 3382 5.0
4272 3172 5.0
4273 687 5.0
4274 3280 5.0
4275 3172 5.0
4276 2309 5.0
4277 3382 5.0
4278 3607 5.0
4279 687 5.0
4280 3382 5.0
4281 3656 5.0
4282 989 5.0
4283 989 5.0
4284 130 5.0
4285 1830 5.0
4286 3656 5.0
4287 3280 5.0
4288 3172 5.0
4289 3280 5.0
4290 3382 5.0
4291 3280 5.0
4292 787 5.0
4293 787 5.0
4294 3172 5.0
4295 2309 5.0
4296 3233 5.0
4297 2309 5.0
4298 3607 5.0
4299 130 5.0
4300 3656 5.0
4301 3607 5.0
4302 3233 5.0
4303 1830 5.0
4304 3233 5.0
4305 2309 5.0
4306 3233 5.0
4307 989 5.0
4308 3607 5.0
4309 787 5.0
4310 3280 5.0
4311 787 5.0
4312 3607 5.0
4313 130 5.0
4314 3172 5.0
4315 3656 5.0
4316 687 5.0
4317 3607 5.0
4318 3607 5.0
4319 989 5.0
4320 989 5.0
4321 3656 5.0
4322 687 5.0
4323 3656 5.0
4324 3656 5.0
4325 1830 5.0
4326 3656 5.0
4327 3656 5.0
4328 687 5.0
4329 3607 5.0
4330 989 5.0
4331 787 5.0
4332 3607 5.0
4333 1830 5.0
4334 989 5.0
4335 3233 5.0
4336 130 5.0
4337 787 5.0
4338 989 5.0
4339 3172 5.0
4340 3172 5.0
4341 3382 5.0
4342 3233 5.0
4343 3172 5.0
4344 1830 5.0
4345 787 5.0
4346 787 5.0
4347 989 5.0
4348 2309 5.0
4349 3172 5.0
4350 3382 5.0
4351 1830 5.0
4352 3280 5.0
4353 3607 5.0
4354 3233 5.0
4355 3172 5.0
4356 3382 5.0
4357 3656 5.0
4358 130 5.0
4359 3607 5.0
4360 130 5.0
4361 2309 5.0
4362 3280 5.0
4363 989 5.0
4364 3233 5.0
4365 1830 5.0
4366 3233 5.0
4367 687 5.0
4368 3607 5.0
4369 787 5.0
4370 3280 5.0
4371 3382 5.0
4372 3233 5.0
4373 3656 5.0
4374 2309 5.0
4375 3382 5.0
4376 3656 5.0
4377 687 5.0
4378 3382 5.0
4379 3233 5.0
4380 787 5.0
4381 1830 5.0
4382 1830 5.0
4383 989 5.0
4384 3233 5.0
4385 3382 5.0
4386 989 5.0
4387 3172 5.0
4388 1830 5.0
4389 1830 5.0
4390 3656 5.0
4391 989 5.0
4392 3607 5.0
4393 3280 5.0
4394 2309 5.0
4395 1830 5.0
4396 3382 5.0
4397 3656 5.0
4398 2309 5.0
4399 1830 5.0
4400 3172 5.0
4401 130 5.0
4402 3656 5.0
4403 2309 5.0
4404 3382 5.0
4405 787 5.0
4406 989 5.0
4407 3233 5.0
4408 3172 5.0
4409 787 5.0
4410 3607 5.0
4411 3233 5.0
4412 130 5.0
4413 3172 5.0
4414 687 5.0
4415 687 5.0
4416 3656 5.0
4417 3172 5.0
4418 3280 5.0
4419 3280 5.0
4420 2309 5.0
4421 3656 5.0
4422 3172 5.0
4423 787 5.0
4424 3607 5.0
4425 3233 5.0
4426 787 5.0
4427 3233 5.0
4428 787 5.0
4429 3280 5.0
4430 130 5.0
4431 687 5.0
4432 3280 5.0
4433 3656 5.0
4434 130 5.0
4435 3607 5.0
4436 3280 5.0
4437 3607 5.0
4438 3280 5.0
4439 3172 5.0
4440 787 5.0
4441 3233 5.0
4442 3280 5.0
4443 1830 5.0
4444 2309 5.0
4445 3656 5.0
4446 3172 5.0
4447 1830 5.0
4448 989 5.0
4449 3656 5.0
4450 1830 5.0
4451 687 5.0
4452 787 5.0
4453 787 5.0
4454 3280 5.0
4455 3382 5.0
4456 3382 5.0
4457 130 5.0
4458 989 5.0
4459 3280 5.0
4460 3656 5.0
4461 3656 5.0
4462 1830 5.0
4463 2309 5.0
4464 3280 5.0
4465 1830 5.0
4466 3656 5.0
4467 130 5.0
4468 3172 5.0
4469 687 5.0
4470 2309 5.0
4471 2309 5.0
4472 787 5.0
4473 3607 5.0
4474 2309 5.0
4475 2309 5.0
4476 3280 5.0
4477 1830 5.0
4478 3172 5.0
4479 1830 5.0
4480 3280 5.0
4481 2309 5.0
4482 130 5.0
4483 1830 5.0
4484 3280 5.0
4485 3656 5.0
4486 3656 5.0
4487 3172 5.0
4488 687 5.0
4489 130 5.0
4490 130 5.0
4491 1830 5.0
4492 130 5.0
4493 2309 5.0
4494 1830 5.0
4495 130 5.0
4496 3280 5.0
4497 2309 5.0
4498 2309 5.0
4499 1830 5.0
4500 1830 5.0
4501 989 5.0
4502 687 5.0
4503 3280 5.0
4504 2309 5.0
4505 130 5.0
4506 787 5.0
4507 2309 5.0
4508 989 5.0
4509 3280 5.0
4510 3233 5.0
4511 130 5.0
4512 3382 5.0
4513 787 5.0
4514 3233 5.0
4515 687 5.0
4516 2309 5.0
4517 130 5.0
4518 3382 5.0
4519 3172 5.0
4520 3172 5.0
4521 3280 5.0
4522 3280 5.0
4523 3280 5.0
4524 130 5.0
4525 3172 5.0
4526 3607 5.0
4527 3172 5.0
4528 989 5.0
4529 989 5.0
4530 3233 5.0
4531 3233 5.0
4532 1830 5.0
4533 687 5.0
4534 3656 5.0
4535 989 5.0
4536 3656 5.0
4537 130 5.0
4538 3656 5.0
4539 130 5.0
4540 130 5.0
4541 3233 5.0
4542 687 5.0
4543 3172 5.0
4544 787 5.0
4545 3172 5.0
4546 687 5.0
4547 3233 5.0
4548 3656 5.0
4549 687 5.0
4550 3656 5.0
4551 3607 5.0
4552 130 5.0
4553 1830 5.0
4554 130 5.0
4555 1830 5.0
4556 3382 5.0
4557 3382 5.0
4558 130 5.0
4559 1830 5.0
4560 687 5.0
4561 2309 5.0
4562 3233 5.0
4563 787 5.0
4564 989 5.0
4565 130 5.0
4566 3382 5.0
4567 3656 5.0
4568 1830 5.0
4569 130 5.0
4570 3233 5.0
4571 3607 5.0
4572 2309 5.0
4573 3172 5.0
4574 3382 5.0
4575 989 5.0
4576 2309 5.0
4577 989 5.0
4578 1830 5.0
4579 3607 5.0
4580 989 5.0
4581 989 5.0
4582 787 5.0
4583 787 5.0
4584 1830 5.0
4585 989 5.0
4586 687 5.0
4587 3280 5.0
4588 3172 5.0
4589 3172 5.0
4590 687 5.0
4591 3382 5.0
4592 1830 5.0
4593 989 5.0
4594 3656 5.0
4595 3382 5.0
4596 3607 5.0
4597 3382 5.0
4598 3607 5.0
4599 989 5.0
4600 3656 5.0
4601 687 5.0
4602 3280 5.0
4603 687 5.0
4604 130 5.0
4605 989 5.0
4606 3280 5.0
4607 130 5.0
4608 3607 5.0
4609 3607 5.0
4610 3382 5.0
4611 3656 5.0
4612 989 5.0
4613 3280 5.0
4614 3172 5.0
4615 1830 5.0
4616 1830 5.0
4617 1830 5.0
4618 989 5.0
4619 3172 5.0
4620 3656 5.0
4621 130 5.0
4622 3382 5.0
4623 3607 5.0
4624 3172 5.0
4625 1830 5.0
4626 130 5.0
4627 989 5.0
4628 3172 5.0
4629 3656 5.0
4630 3280 5.0
4631 787 5.0
4632 2309 5.0
4633 3172 5.0
4634 989 5.0
4635 130 5.0
4636 2309 5.0
4637 989 5.0
4638 1830 5.0
4639 3656 5.0
4640 3172 5.0
4641 787 5.0
4642 130 5.0
4643 687 5.0
4644 1830 5.0
4645 3607 5.0
4646 3172 5.0
4647 989 5.0
4648 3607 5.0
4649 3233 5.0
4650 3382 5.0
4651 3280 5.0
4652 787 5.0
4653 1830 5.0
4654 3607 5.0
4655 3656 5.0
4656 130 5.0
4657 3607 5.0
4658 3382 5.0
4659 989 5.0
4660 3656 5.0
4661 3656 5.0
4662 1830 5.0
4663 3172 5.0
4664 787 5.0
4665 787 5.0
4666 2309 5.0
4667 1830 5.0
4668 3607 5.0
4669 3172 5.0
4670 3382 5.0
4671 3656 5.0
4672 3656 5.0
4673 3382 5.0
4674 1830 5.0
4675 3172 5.0
4676 2309 5.0
4677 3656 5.0
4678 3656 5.0
4679 3172 5.0
4680 3607 5.0
4681 130 5.0
4682 787 5.0
4683 1830 5.0
4684 3656 5.0
4685 3382 5.0
4686 3382 5.0
4687 3382 5.0
4688 3233 5.0
4689 989 5.0
4690 130 5.0
4691 3172 5.0
4692 1830 5.0
4693 1830 5.0
4694 3172 5.0
4695 687 5.0
4696 130 5.0
4697 3607 5.0
4698 1830 5.0
4699 2309 5.0
4700 3607 5.0
4701 3172 5.0
4702 3280 5.0
4703 3172 5.0
4704 1830 5.0
4705 3172 5.0
4706 3280 5.0
4707 3280 5.0
4708 3172 5.0
4709 3656 5.0
4710 2309 5.0
4711 2309 5.0
4712 3280 5.0
4713 3280 5.0
4714 3233 5.0
4715 1830 5.0
4716 3382 5.0
4717 3233 5.0
4718 1830 5.0
4719 1830 5.0
4720 130 5.0
4721 3607 5.0
4722 989 5.0
4723 3656 5.0
4724 687 5.0
4725 3172 5.0
4726 989 5.0
4727 3382 5.0
4728 130 5.0
4729 3656 5.0
4730 3280 5.0
4731 3382 5.0
4732 3656 5.0
4733 1830 5.0
4734 3233 5.0
4735 989 5.0
4736 687 5.0
4737 3233 5.0
4738 2309 5.0
4739 3233 5.0
4740 3280 5.0
4741 3280 5.0
4742 687 5.0
4743 687 5.0
4744 3607 5.0
4745 130 5.0
4746 787 5.0
4747 3172 5.0
4748 3172 5.0
4749 3172 5.0
4750 1830 5.0
4751 3382 5.0
4752 1830 5.0
4753 3382 5.0
4754 3607 5.0
4755 3607 5.0
4756 130 5.0
4757 989 5.0
4758 130 5.0
4759 3233 5.0
4760 3280 5.0
4761 1830 5.0
4762 3607 5.0
4763 3280 5.0
4764 989 5.0
4765 687 5.0
4766 3607 5.0
4767 787 5.0
4768 989 5.0
4769 130 5.0
4770 2309 5.0
4771 3280 5.0
4772 3172 5.0
4773 3656 5.0
4774 3656 5.0
4775 3280 5.0
4776 989 5.0
4777 3382 5.0
4778 687 5.0
4779 989 5.0
4780 3280 5.0
4781 989 5.0
4782 3607 5.0
4783 687 5.0
4784 2309 5.0
4785 3233 5.0
4786 3233 5.0
4787 787 5.0
4788 3382 5.0
4789 3656 5.0
4790 3656 5.0
4791 3656 5.0
4792 3656 5.0
4793 3172 5.0
4794 787 5.0
4795 3172 5.0
4796 130 5.0
4797 3382 5.0
4798 3656 5.0
4799 687 5.0
4800 3233 5.0
4801 3172 5.0
4802 1830 5.0
4803 3607 5.0
4804 989 5.0
4805 3172 5.0
4806 130 5.0
4807 130 5.0
4808 3656 5.0
4809 3172 5.0
4810 687 5.0
4811 1830 5.0
4812 3382 5.0
4813 989 5.0
4814 2309 5.0
4815 989 5.0
4816 787 5.0
4817 3233 5.0
4818 3382 5.0
4819 3172 5.0
4820 787 5.0
4821 787 5.0
4822 787 5.0
4823 787 5.0
4824 2309 5.0
4825 787 5.0
4826 3172 5.0
4827 787 5.0
4828 989 5.0
4829 787 5.0
4830 3382 5.0
4831 3233 5.0
4832 130 5.0
4833 787 5.0
4834 3280 5.0
4835 989 5.0
4836 3233 5.0
4837 787 5.0
4838 130 5.0
4839 1830 5.0
4840 787 5.0
4841 2309 5.0
4842 3656 5.0
4843 2309 5.0
4844 3172 5.0
4845 1830 5.0
4846 3172 5.0
4847 3656 5.0
4848 2309 5.0
4849 3233 5.0
4850 3656 5.0
4851 3656 5.0
4852 1830 5.0
4853 3233 5.0
4854 130 5.0
4855 989 5.0
4856 687 5.0
4857 3280 5.0
4858 3280 5.0
4859 1830 5.0
4860 3382 5.0
4861 130 5.0
4862 3382 5.0
4863 3233 5.0
4864 3656 5.0
4865 3607 5.0
4866 3607 5.0
4867 3280 5.0
4868 1830 5.0
4869 3607 5.0
4870 1830 5.0
4871 3280 5.0
4872 3233 5.0
4873 3656 5.0
4874 3607 5.0
4875 989 5.0
4876 3172 5.0
4877 130 5.0
4878 3280 5.0
4879 3280 5.0
4880 3656 5.0
4881 687 5.0
4882 3280 5.0
4883 687 5.0
4884 3382 5.0
4885 3172 5.0
4886 3656 5.0
4887 989 5.0
4888 3607 5.0
4889 2309 5.0
4890 3233 5.0
4891 3382 5.0
4892 3656 5.0
4893 687 5.0
4894 1830 5.0
4895 3607 5.0
4896 3172 5.0
4897 3233 5.0
4898 687 5.0
4899 989 5.0
4900 687 5.0
4901 2309 5.0
4902 3607 5.0
4903 1830 5.0
4904 3280 5.0
4905 687 5.0
4906 3656 5.0
4907 989 5.0
4908 687 5.0
4909 687 5.0
4910 3233 5.0
4911 989 5.0
4912 989 5.0
4913 989 5.0
4914 130 5.0
4915 3607 5.0
4916 3656 5.0
4917 3233 5.0
4918 687 5.0
4919 3382 5.0
4920 3280 5.0
4921 687 5.0
4922 3280 5.0
4923 130 5.0
4924 3233 5.0
4925 3607 5.0
4926 3233 5.0
4927 2309 5.0
4928 3656 5.0
4929 3607 5.0
4930 3172 5.0
4931 3280 5.0
4932 1830 5.0
4933 989 5.0
4934 3233 5.0
4935 687 5.0
4936 3656 5.0
4937 3382 5.0
4938 3607 5.0
4939 3656 5.0
4940 2309 5.0
4941 3382 5.0
4942 3233 5.0
4943 989 5.0
4944 3607 5.0
4945 3607 5.0
4946 989 5.0
4947 3280 5.0
4948 3656 5.0
4949 3172 5.0
4950 687 5.0
4951 989 5.0
4952 687 5.0
4953 3172 5.0
4954 2309 5.0
4955 3172 5.0
4956 989 5.0
4957 989 5.0
4958 989 5.0
4959 3233 5.0
4960 3382 5.0
4961 3280 5.0
4962 787 5.0
4963 687 5.0
4964 3233 5.0
4965 130 5.0
4966 3382 5.0
4967 3233 5.0
4968 687 5.0
4969 787 5.0
4970 3382 5.0
4971 3280 5.0
4972 787 5.0
4973 989 5.0
4974 1830 5.0
4975 3607 5.0
4976 1830 5.0
4977 3172 5.0
4978 3233 5.0
4979 1830 5.0
4980 1830 5.0
4981 2309 5.0
4982 130 5.0
4983 1830 5.0
4984 2309 5.0
4985 3656 5.0
4986 3656 5.0
4987 787 5.0
4988 989 5.0
4989 3280 5.0
4990 3233 5.0
4991 687 5.0
4992 687 5.0
4993 3172 5.0
4994 3233 5.0
4995 3233 5.0
4996 130 5.0
4997 2309 5.0
4998 3172 5.0
4999 989 5.0
5000 3172 5.0
5001 3172 5.0
5002 787 5.0
5003 989 5.0
5004 787 5.0
5005 3280 5.0
5006 2309 5.0
5007 3280 5.0
5008 1830 5.0
5009 3172 5.0
5010 787 5.0
5011 687 5.0
5012 3233 5.0
5013 130 5.0
5014 3233 5.0
5015 3280 5.0
5016 3172 5.0
5017 3233 5.0
5018 3172 5.0
5019 787 5.0
5020 3607 5.0
5021 3382 5.0
5022 1830 5.0
5023 3382 5.0
5024 787 5.0
5025 130 5.0
5026 130 5.0
5027 1830 5.0
5028 3233 5.0
5029 787 5.0
5030 3382 5.0
5031 3280 5.0
5032 3233 5.0
5033 1830 5.0
5034 687 5.0
5035 3280 5.0
5036 989 5.0
5037 787 5.0
5038 130 5.0
5039 687 5.0
5040 3172 5.0
5041 3382 5.0
5042 989 5.0
5043 1830 5.0
5044 2309 5.0
5045 3172 5.0
5046 3233 5.0
5047 3172 5.0
5048 1830 5.0
5049 3382 5.0
5050 3233 5.0
5051 2309 5.0
5052 989 5.0
5053 3656 5.0
5054 130 5.0
5055 3656 5.0
5056 3172 5.0
5057 3233 5.0
5058 130 5.0
5059 130 5.0
5060 3172 5.0
5061 130 5.0
5062 989 5.0
5063 1830 5.0
5064 989 5.0
5065 130 5.0
5066 687 5.0
5067 3233 5.0
5068 3607 5.0
5069 130 5.0
5070 1830 5.0
5071 3382 5.0
5072 3656 5.0
5073 3656 5.0
5074 989 5.0
5075 3382 5.0
5076 989 5.0
5077 2309 5.0
5078 1830 5.0
5079 3280 5.0
5080 3233 5.0
5081 3382 5.0
5082 687 5.0
5083 3233 5.0
5084 1830 5.0
5085 1830 5.0
5086 687 5.0
5087 3280 5.0
5088 3280 5.0
5089 3382 5.0
5090 687 5.0
5091 687 5.0
5092 3172 5.0
5093 3607 5.0
5094 2309 5.0
5095 130 5.0
5096 989 5.0
5097 3656 5.0
5098 1830 5.0
5099 3172 5.0
5100 3172 5.0
5101 989 5.0
5102 130 5.0
5103 787 5.0
5104 687 5.0
5105 3280 5.0
5106 687 5.0
5107 3233 5.0
5108 3280 5.0
5109 3233 5.0
5110 1830 5.0
5111 3656 5.0
5112 3382 5.0
5113 3656 5.0
5114 1830 5.0
5115 130 5.0
5116 989 5.0
5117 3172 5.0
5118 3233 5.0
5119 3382 5.0
5120 3656 5.0
5121 687 5.0
5122 3382 5.0
5123 130 5.0
5124 1830 5.0
5125 3382 5.0
5126 989 5.0
5127 3382 5.0
5128 2309 5.0
5129 989 5.0
5130 130 5.0
5131 130 5.0
5132 3656 5.0
5133 3656 5.0
5134 3233 5.0
5135 3607 5.0
5136 3233 5.0
5137 3656 5.0
5138 3656 5.0
5139 3233 5.0
5140 687 5.0
5141 3280 5.0
5142 3656 5.0
5143 3656 5.0
5144 3607 5.0
5145 3607 5.0
5146 130 5.0
5147 3656 5.0
5148 2309 5.0
5149 687 5.0
5150 3172 5.0
5151 3172 5.0
5152 787 5.0
5153 787 5.0
5154 787 5.0
5155 787 5.0
5156 3233 5.0
5157 989 5.0
5158 1830 5.0
5159 130 5.0
5160 3233 5.0
5161 989 5.0
5162 3280 5.0
5163 989 5.0
5164 989 5.0
5165 130 5.0
5166 2309 5.0
5167 687 5.0
5168 989 5.0
5169 3382 5.0
5170 130 5.0
5171 989 5.0
5172 3382 5.0
5173 3656 5.0
5174 989 5.0
5175 989 5.0
5176 3382 5.0
5177 2309 5.0
5178 3382 5.0
5179 687 5.0
5180 787 5.0
5181 2309 5.0
5182 3607 5.0
5183 3233 5.0
5184 3172 5.0
5185 687 5.0
5186 3172 5.0
5187 3607 5.0
5188 687 5.0
5189 3607 5.0
5190 3656 5.0
5191 687 5.0
5192 3172 5.0
5193 3233 5.0
5194 3172 5.0
5195 3172 5.0
5196 3280 5.0
5197 3607 5.0
5198 3382 5.0
5199 3607 5.0
5200 1830 5.0
5201 1830 5.0
5202 3172 5.0
5203 3233 5.0
5204 3382 5.0
5205 687 5.0
5206 787 5.0
5207 687 5.0
5208 3382 5.0
5209 130 5.0
5210 3607 5.0
5211 3280 5.0
5212 3172 5.0
5213 3233 5.0
5214 3280 5.0
5215 3233 5.0
5216 3233 5.0
5217 130 5.0
5218 787 5.0
5219 2309 5.0
5220 2309 5.0
5221 989 5.0
5222 2309 5.0
5223 130 5.0
5224 2309 5.0
5225 2309 5.0
5226 1830 5.0
5227 1830 5.0
5228 3233 5.0
5229 3382 5.0
5230 3233 5.0
5231 1830 5.0
5232 787 5.0
5233 3172 5.0
5234 3233 5.0
5235 130 5.0
5236 3280 5.0
5237 3656 5.0
5238 687 5.0
5239 989 5.0
5240 3607 5.0
5241 787 5.0
5242 1830 5.0
5243 3607 5.0
5244 1830 5.0
5245 989 5.0
5246 3233 5.0
5247 3656 5.0
5248 687 5.0
5249 3172 5.0
5250 3607 5.0
5251 989 5.0
5252 989 5.0
5253 687 5.0
5254 687 5.0
5255 130 5.0
5256 989 5.0
5257 3382 5.0
5258 687 5.0
5259 3280 5.0
5260 989 5.0
5261 989 5.0
5262 989 5.0
5263 989 5.0
5264 3172 5.0
5265 3382 5.0
5266 687 5.0
5267 3607 5.0
5268 687 5.0
5269 130 5.0
5270 787 5.0
5271 989 5.0
5272 3172 5.0
5273 3233 5.0
5274 3607 5.0
5275 3280 5.0
5276 2309 5.0
5277 989 5.0
5278 687 5.0
5279 687 5.0
5280 3382 5.0
5281 3280 5.0
5282 3172 5.0
5283 787 5.0
5284 3172 5.0
5285 3656 5.0
5286 1830 5.0
5287 1830 5.0
5288 787 5.0
5289 989 5.0
5290 989 5.0
5291 687 5.0
5292 687 5.0
5293 687 5.0
5294 3172 5.0
5295 3656 5.0
5296 3607 5.0
5297 2309 5.0
5298 3656 5.0
5299 3607 5.0
5300 3172 5.0
5301 1830 5.0
5302 3233 5.0
5303 3280 5.0
5304 2309 5.0
5305 787 5.0
5306 3656 5.0
5307 3280 5.0
5308 3607 5.0
5309 3233 5.0
5310 3172 5.0
5311 787 5.0
5312 989 5.0
5313 3607 5.0
5314 3280 5.0
5315 3172 5.0
5316 3607 5.0
5317 687 5.0
5318 3233 5.0
5319 3233 5.0
5320 1830 5.0
5321 687 5.0
5322 130 5.0
5323 3607 5.0
5324 687 5.0
5325 3233 5.0
5326 687 5.0
5327 3280 5.0
5328 130 5.0
5329 989 5.0
5330 3382 5.0
5331 3656 5.0
5332 3607 5.0
5333 2309 5.0
5334 989 5.0
5335 3382 5.0
5336 787 5.0
5337 3172 5.0
5338 3382 5.0
5339 1830 5.0
5340 130 5.0
5341 787 5.0
5342 3382 5.0
5343 1830 5.0
5344 787 5.0
5345 3233 5.0
5346 3656 5.0
5347 1830 5.0
5348 130 5.0
5349 2309 5.0
5350 3233 5.0
5351 687 5.0
5352 787 5.0
5353 687 5.0
5354 130 5.0
5355 130 5.0
5356 3382 5.0
5357 2309 5.0
5358 1830 5.0
5359 3280 5.0
5360 3172 5.0
5361 787 5.0
5362 787 5.0
5363 3607 5.0
5364 989 5.0
5365 130 5.0
5366 3607 5.0
5367 3172 5.0
5368 3233 5.0
5369 130 5.0
5370 787 5.0
5371 3172 5.0
5372 2309 5.0
5373 3607 5.0
5374 3656 5.0
5375 130 5.0
5376 2309 5.0
5377 3172 5.0
5378 3382 5.0
5379 3172 5.0
5380 989 5.0
5381 3172 5.0
5382 3172 5.0
5383 787 5.0
5384 3172 5.0
5385 3172 5.0
5386 2309 5.0
5387 1830 5.0
5388 130 5.0
5389 3656 5.0
5390 1830 5.0
5391 3280 5.0
5392 130 5.0
5393 687 5.0
5394 3607 5.0
5395 3382 5.0
5396 3233 5.0
5397 130 5.0
5398 130 5.0
5399 2309 5.0
5400 3233 5.0
5401 1830 5.0
5402 3382 5.0
5403 3233 5.0
5404 3656 5.0
5405 1830 5.0
5406 2309 5.0
5407 687 5.0
5408 2309 5.0
5409 787 5.0
5410 3382 5.0
5411 787 5.0
5412 2309 5.0
5413 787 5.0
5414 3280 5.0
5415 687 5.0
5416 1830 5.0
5417 3280 5.0
5418 3607 5.0
5419 3280 5.0
5420 2309 5.0
5421 3656 5.0
5422 3656 5.0
5423 130 5.0
5424 989 5.0
5425 3172 5.0
5426 3656 5.0
5427 687 5.0
5428 787 5.0
5429 130 5.0
5430 989 5.0
5431 687 5.0
5432 3280 5.0
5433 687 5.0
5434 2309 5.0
5435 989 5.0
5436 3656 5.0
5437 3172 5.0
5438 787 5.0
5439 3656 5.0
5440 3233 5.0
5441 2309 5.0
5442 687 5.0
5443 3280 5.0
5444 130 5.0
5445 2309 5.0
5446 989 5.0
5447 3233 5.0
5448 2309 5.0
5449 3382 5.0
5450 3280 5.0
5451 130 5.0
5452 1830 5.0
5453 3233 5.0
5454 3233 5.0
5455 2309 5.0
5456 3607 5.0
5457 787 5.0
5458 3382 5.0
5459 3382 5.0
5460 3607 5.0
5461 130 5.0
5462 130 5.0
5463 787 5.0
5464 687 5.0
5465 2309 5.0
5466 2309 5.0
5467 3607 5.0
5468 989 5.0
5469 989 5.0
5470 3656 5.0
5471 3233 5.0
5472 3607 5.0
5473 3382 5.0
5474 3233 5.0
5475 989 5.0
5476 687 5.0
5477 3656 5.0
5478 989 5.0
5479 989 5.0
5480 1830 5.0
5481 787 5.0
5482 989 5.0
5483 3656 5.0
5484 2309 5.0
5485 3280 5.0
5486 3233 5.0
5487 3382 5.0
5488 3382 5.0
5489 3280 5.0
5490 3656 5.0
5491 3172 5.0
5492 3233 5.0
5493 3172 5.0
5494 3656 5.0
5495 3233 5.0
5496 1830 5.0
5497 989 5.0
5498 3656 5.0
5499 3233 5.0
5500 3607 5.0
5501 3172 5.0
5502 989 5.0
5503 3172 5.0
5504 687 5.0
5505 3233 5.0
5506 3280 5.0
5507 687 5.0
5508 130 5.0
5509 3382 5.0
5510 989 5.0
5511 130 5.0
5512 3656 5.0
5513 2309 5.0
5514 787 5.0
5515 3656 5.0
5516 3656 5.0
5517 130 5.0
5518 787 5.0
5519 3607 5.0
5520 787 5.0
5521 3656 5.0
5522 3382 5.0
5523 787 5.0
5524 2309 5.0
5525 3233 5.0
5526 3280 5.0
5527 3382 5.0
5528 2309 5.0
5529 3233 5.0
5530 3233 5.0
5531 3607 5.0
5532 1830 5.0
5533 1830 5.0
5534 3656 5.0
5535 130 5.0
5536 687 5.0
5537 1830 5.0
5538 3172 5.0
5539 3607 5.0
5540 2309 5.0
5541 3382 5.0
5542 3233 5.0
5543 3382 5.0
5544 3280 5.0
5545 2309 5.0
5546 1830 5.0
5547 3607 5.0
5548 3656 5.0
5549 3233 5.0
5550 3172 5.0
5551 2309 5.0
5552 3233 5.0
5553 2309 5.0
5554 787 5.0
5555 3656 5.0
5556 2309 5.0
5557 3280 5.0
5558 3233 5.0
5559 3607 5.0
5560 3382 5.0
5561 130 5.0
5562 3656 5.0
5563 3656 5.0
5564 3172 5.0
5565 3233 5.0
5566 3607 5.0
5567 687 5.0
5568 130 5.0
5569 3172 5.0
5570 687 5.0
5571 3280 5.0
5572 2309 5.0
5573 3233 5.0
5574 3172 5.0
5575 3382 5.0
5576 3382 5.0
5577 3233 5.0
5578 989 5.0
5579 3172 5.0
5580 989 5.0
5581 3280 5.0
5582 1830 5.0
5583 1830 5.0
5584 130 5.0
5585 3382 5.0
5586 687 5.0
5587 787 5.0
5588 787 5.0
5589 3656 5.0
5590 130 5.0
5591 687 5.0
5592 3607 5.0
5593 3233 5.0
5594 1830 5.0
5595 3382 5.0
5596 687 5.0
5597 130 5.0
5598 130 5.0
5599 3382 5.0
5600 3233 5.0
5601 687 5.0
5602 3233 5.0
5603 3172 5.0
5604 3607 5.0
5605 787 5.0
5606 787 5.0
5607 3382 5.0
5608 3172 5.0
5609 787 5.0
5610 3280 5.0
5611 787 5.0
5612 687 5.0
5613 3280 5.0
5614 3656 5.0
5615 989 5.0
5616 787 5.0
5617 989 5.0
5618 3280 5.0
5619 989 5.0
5620 787 5.0
5621 3172 5.0
5622 3656 5.0
5623 3382 5.0
5624 3172 5.0
5625 3172 5.0
5626 3656 5.0
5627 3280 5.0
5628 787 5.0
5629 2309 5.0
5630 3382 5.0
5631 3280 5.0
5632 130 5.0
5633 3233 5.0
5634 3656 5.0
5635 787 5.0
5636 3280 5.0
5637 3607 5.0
5638 2309 5.0
5639 3656 5.0
5640 130 5.0
5641 787 5.0
5642 3172 5.0
5643 687 5.0
5644 989 5.0
5645 3382 5.0
5646 687 5.0
5647 3656 5.0
5648 130 5.0
5649 1830 5.0
5650 2309 5.0
5651 130 5.0
5652 3172 5.0
5653 989 5.0
5654 1830 5.0
5655 1830 5.0
5656 130 5.0
5657 3607 5.0
5658 687 5.0
5659 3656 5.0
5660 130 5.0
5661 3172 5.0
5662 687 5.0
5663 787 5.0
5664 1830 5.0
5665 3233 5.0
5666 687 5.0
5667 130 5.0
5668 687 5.0
5669 1830 5.0
5670 3172 5.0
5671 3607 5.0
5672 1830 5.0
5673 787 5.0
5674 3280 5.0
5675 3607 5.0
5676 3607 5.0
5677 3382 5.0
5678 2309 5.0
5679 130 5.0
5680 687 5.0
5681 3233 5.0
5682 3382 5.0
5683 2309 5.0
5684 3607 5.0
5685 787 5.0
5686 687 5.0
5687 3382 5.0
5688 3172 5.0
5689 3280 5.0
5690 3382 5.0
5691 1830 5.0
5692 3382 5.0
5693 687 5.0
5694 130 5.0
5695 2309 5.0
5696 2309 5.0
5697 989 5.0
5698 3382 5.0
5699 130 5.0
5700 1830 5.0
5701 989 5.0
5702 687 5.0
5703 1830 5.0
5704 687 5.0
5705 1830 5.0
5706 3382 5.0
5707 3607 5.0
5708 3280 5.0
5709 3280 5.0
5710 130 5.0
5711 1830 5.0
5712 3280 5.0
5713 687 5.0
5714 2309 5.0
5715 1830 5.0
5716 1830 5.0
5717 3280 5.0
5718 1830 5.0
5719 130 5.0
5720 3382 5.0
5721 3656 5.0
5722 787 5.0
5723 787 5.0
5724 130 5.0
5725 3656 5.0
5726 130 5.0
5727 989 5.0
5728 3233 5.0
5729 3172 5.0
5730 3382 5.0
5731 3656 5.0
5732 3172 5.0
5733 2309 5.0
5734 130 5.0
5735 989 5.0
5736 687 5.0
5737 687 5.0
5738 3656 5.0
5739 2309 5.0
5740 2309 5.0
5741 989 5.0
5742 130 5.0
5743 2309 5.0
5744 3656 5.0
5745 989 5.0
5746 2309 5.0
5747 1830 5.0
5748 130 5.0
5749 3233 5.0
5750 787 5.0
5751 3172 5.0
5752 3656 5.0
5753 989 5.0
5754 787 5.0
5755 989 5.0
5756 3280 5.0
5757 3656 5.0
5758 3607 5.0
5759 1830 5.0
5760 687 5.0
5761 3172 5.0
5762 3607 5.0
5763 130 5.0
5764 2309 5.0
5765 1830 5.0
5766 130 5.0
5767 3607 5.0
5768 3233 5.0
5769 2309 5.0
5770 3607 5.0
5771 687 5.0
5772 3172 5.0
5773 787 5.0
5774 2309 5.0
5775 3233 5.0
5776 3607 5.0
5777 130 5.0
5778 787 5.0
5779 3656 5.0
5780 3280 5.0
5781 3280 5.0
5782 3172 5.0
5783 3382 5.0
5784 3656 5.0
5785 130 5.0
5786 787 5.0
5787 3656 5.0
5788 3172 5.0
5789 787 5.0
5790 3233 5.0
5791 3280 5.0
5792 2309 5.0
5793 3607 5.0
5794 3382 5.0
5795 1830 5.0
5796 787 5.0
5797 687 5.0
5798 1830 5.0
5799 687 5.0
5800 3280 5.0
5801 130 5.0
5802 1830 5.0
5803 687 5.0
5804 3233 5.0
5805 3172 5.0
5806 3233 5.0
5807 3280 5.0
5808 3382 5.0
5809 687 5.0
5810 1830 5.0
5811 787 5.0
5812 3382 5.0
5813 3656 5.0
5814 2309 5.0
5815 3280 5.0
5816 989 5.0
5817 3280 5.0
5818 3172 5.0
5819 1830 5.0
5820 1830 5.0
5821 3607 5.0
5822 3382 5.0
5823 3233 5.0
5824 3607 5.0
5825 3280 5.0
5826 989 5.0
5827 3172 5.0
5828 3233 5.0
5829 3280 5.0
5830 2309 5.0
5831 1830 5.0
5832 130 5.0
5833 3656 5.0
5834 3656 5.0
5835 3280 5.0
5836 2309 5.0
5837 3172 5.0
5838 989 5.0
5839 130 5.0
5840 3656 5.0
5841 3172 5.0
5842 3172 5.0
5843 3607 5.0
5844 2309 5.0
5845 3233 5.0
5846 3172 5.0
5847 3607 5.0
5848 3607 5.0
5849 130 5.0
5850 3233 5.0
5851 3233 5.0
5852 3382 5.0
5853 989 5.0
5854 3607 5.0
5855 1830 5.0
5856 687 5.0
5857 2309 5.0
5858 1830 5.0
5859 3607 5.0
5860 3172 5.0
5861 3172 5.0
5862 1830 5.0
5863 3280 5.0
5864 2309 5.0
5865 1830 5.0
5866 3656 5.0
5867 787 5.0
5868 787 5.0
5869 3172 5.0
5870 1830 5.0
5871 3172 5.0
5872 1830 5.0
5873 3172 5.0
5874 3280 5.0
5875 989 5.0
5876 3280 5.0
5877 3172 5.0
5878 3280 5.0
5879 2309 5.0
5880 1830 5.0
5881 2309 5.0
5882 3607 5.0
5883 130 5.0
5884 1830 5.0
5885 3607 5.0
5886 3172 5.0
5887 2309 5.0
5888 3172 5.0
5889 787 5.0
5890 1830 5.0
5891 2309 5.0
5892 3656 5.0
5893 2309 5.0
5894 3233 5.0
5895 787 5.0
5896 3656 5.0
5897 3233 5.0
5898 687 5.0
5899 3233 5.0
5900 3233 5.0
5901 787 5.0
5902 3172 5.0
5903 1830 5.0
5904 2309 5.0
5905 3172 5.0
5906 989 5.0
5907 2309 5.0
5908 3382 5.0
5909 3172 5.0
5910 130 5.0
5911 2309 5.0
5912 787 5.0
5913 687 5.0
5914 787 5.0
5915 3607 5.0
5916 3172 5.0
5917 989 5.0
5918 3382 5.0
5919 687 5.0
5920 1830 5.0
5921 2309 5.0
5922 3382 5.0
5923 687 5.0
5924 3656 5.0
5925 3656 5.0
5926 3607 5.0
5927 687 5.0
5928 687 5.0
5929 3280 5.0
5930 687 5.0
5931 989 5.0
5932 3280 5.0
5933 130 5.0
5934 3280 5.0
5935 3607 5.0
5936 3172 5.0
5937 3280 5.0
5938 3233 5.0
5939 3656 5.0
5940 3656 5.0
5941 3382 5.0
5942 989 5.0
5943 3172 5.0
5944 687 5.0
5945 3280 5.0
5946 3233 5.0
5947 787 5.0
5948 3233 5.0
5949 3172 5.0
5950 687 5.0
5951 3607 5.0
5952 3172 5.0
5953 787 5.0
5954 3382 5.0
5955 3656 5.0
5956 3607 5.0
5957 130 5.0
5958 3280 5.0
5959 3280 5.0
5960 787 5.0
5961 3233 5.0
5962 687 5.0
5963 3280 5.0
5964 1830 5.0
5965 787 5.0
5966 130 5.0
5967 3607 5.0
5968 3656 5.0
5969 3280 5.0
5970 2309 5.0
5971 989 5.0
5972 989 5.0
5973 3607 5.0
5974 3280 5.0
5975 3233 5.0
5976 989 5.0
5977 1830 5.0
5978 3233 5.0
5979 3172 5.0
5980 3280 5.0
5981 3233 5.0
5982 1830 5.0
5983 1830 5.0
5984 989 5.0
5985 687 5.0
5986 3656 5.0
5987 989 5.0
5988 3172 5.0
5989 787 5.0
5990 3280 5.0
5991 687 5.0
5992 3656 5.0
5993 787 5.0
5994 2309 5.0
5995 3233 5.0
5996 2309 5.0
5997 1830 5.0
5998 2309 5.0
5999 130 5.0
6000 130 5.0
6001 3233 5.0
6002 3607 5.0
6003 3233 5.0
6004 2309 5.0
6005 1830 5.0
6006 130 5.0
6007 3233 5.0
6008 2309 5.0
6009 3382 5.0
6010 2309 5.0
6011 3382 5.0
6012 3656 5.0
6013 2309 5.0
6014 1830 5.0
6015 3233 5.0
6016 3233 5.0
6017 130 5.0
6018 3656 5.0
6019 3172 5.0
6020 3172 5.0
6021 787 5.0
6022 3280 5.0
6023 787 5.0
6024 3382 5.0
6025 3607 5.0
6026 3382 5.0
6027 3233 5.0
6028 2309 5.0
6029 687 5.0
6030 3607 5.0
6031 3656 5.0
6032 3607 5.0
6033 3233 5.0
6034 3280 5.0
6035 3233 5.0
6036 787 5.0
6037 130 5.0
6038 3382 5.0
6039 989 5.0
Total memory usage: 1341.31 MB
Total time: 686.9909 s
